
*** Running vivado
    with args -log main.vds -m64 -product Vivado -mode batch -messageDb vivado.pb -notrace -source main.tcl


****** Vivado v2018.3 (64-bit)
  **** SW Build 2405991 on Thu Dec  6 23:38:27 MST 2018
  **** IP Build 2404404 on Fri Dec  7 01:43:56 MST 2018
    ** Copyright 1986-2018 Xilinx, Inc. All Rights Reserved.

source main.tcl -notrace
Command: synth_design -top main -part xc7z020clg400-2
Starting synth_design
Attempting to get a license for feature 'Synthesis' and/or device 'xc7z020'
INFO: [Common 17-349] Got license for feature 'Synthesis' and/or device 'xc7z020'
INFO: Launching helper process for spawning children vivado processes
INFO: Helper process launched with PID 22860 
---------------------------------------------------------------------------------
Starting RTL Elaboration : Time (s): cpu = 00:00:01 ; elapsed = 00:00:02 . Memory (MB): peak = 392.305 ; gain = 101.875
---------------------------------------------------------------------------------
INFO: [Synth 8-6157] synthesizing module 'main' [C:/Users/zhangtao/Desktop/PQM/FPGA/rtl/main.v:4]
	Parameter CLK_FREQ bound to: 50000000 - type: integer 
	Parameter UART_BPS bound to: 115200 - type: integer 
INFO: [Synth 8-6157] synthesizing module 'uart' [C:/Users/zhangtao/Desktop/PQM/FPGA/rtl/uart/uart.v:4]
	Parameter CLK_FREQ bound to: 50000000 - type: integer 
	Parameter UART_BPS bound to: 115200 - type: integer 
	Parameter BAUD_CNT_MAX bound to: 434 - type: integer 
INFO: [Synth 8-6157] synthesizing module 'uart_rx' [C:/Users/zhangtao/Desktop/PQM/FPGA/rtl/uart/uart_rx.v:11]
	Parameter CLK_FREQ bound to: 50000000 - type: integer 
	Parameter UART_BPS bound to: 115200 - type: integer 
	Parameter BAUD_CNT_MAX bound to: 434 - type: integer 
INFO: [Synth 8-6155] done synthesizing module 'uart_rx' (1#1) [C:/Users/zhangtao/Desktop/PQM/FPGA/rtl/uart/uart_rx.v:11]
INFO: [Synth 8-6157] synthesizing module 'uart_tx' [C:/Users/zhangtao/Desktop/PQM/FPGA/rtl/uart/uart_tx.v:14]
	Parameter CLK_FREQ bound to: 50000000 - type: integer 
	Parameter UART_BPS bound to: 115200 - type: integer 
	Parameter BAUD_CNT_MAX bound to: 434 - type: integer 
INFO: [Synth 8-6155] done synthesizing module 'uart_tx' (2#1) [C:/Users/zhangtao/Desktop/PQM/FPGA/rtl/uart/uart_tx.v:14]
INFO: [Synth 8-6155] done synthesizing module 'uart' (3#1) [C:/Users/zhangtao/Desktop/PQM/FPGA/rtl/uart/uart.v:4]
INFO: [Synth 8-6157] synthesizing module 'touch_top' [C:/Users/zhangtao/Desktop/PQM/FPGA/rtl/lcd/touch/touch_top.v:9]
	Parameter CLK_FREQ bound to: 50000000 - type: integer 
	Parameter I2C_FREQ bound to: 250000 - type: integer 
	Parameter REG_NUM_WID bound to: 8 - type: integer 
INFO: [Synth 8-6157] synthesizing module 'i2c_dri' [C:/Users/zhangtao/Desktop/PQM/FPGA/rtl/lcd/touch/i2c_dri.v:7]
	Parameter CLK_FREQ bound to: 50000000 - type: integer 
	Parameter I2C_FREQ bound to: 250000 - type: integer 
	Parameter WIDTH bound to: 8 - type: integer 
	Parameter st_idle bound to: 8'b00000001 
	Parameter st_sladdr bound to: 8'b00000010 
	Parameter st_addr16 bound to: 8'b00000100 
	Parameter st_addr8 bound to: 8'b00001000 
	Parameter st_data_wr bound to: 8'b00010000 
	Parameter st_addr_rd bound to: 8'b00100000 
	Parameter st_data_rd bound to: 8'b01000000 
	Parameter st_stop bound to: 8'b10000000 
INFO: [Synth 8-155] case statement is not full and has no default [C:/Users/zhangtao/Desktop/PQM/FPGA/rtl/lcd/touch/i2c_dri.v:222]
INFO: [Synth 8-6155] done synthesizing module 'i2c_dri' (4#1) [C:/Users/zhangtao/Desktop/PQM/FPGA/rtl/lcd/touch/i2c_dri.v:7]
INFO: [Synth 8-6157] synthesizing module 'touch_dri' [C:/Users/zhangtao/Desktop/PQM/FPGA/rtl/lcd/touch/touch_dri.v:7]
	Parameter WIDTH bound to: 8 - type: integer 
	Parameter FT_SLAVE_ADDR bound to: 7'b0111000 
	Parameter FT_BIT_CTRL bound to: 1'b0 
	Parameter FT_ID_LIB_VERSION bound to: 8'b10100001 
	Parameter FT_DEVIDE_MODE bound to: 8'b00000000 
	Parameter FT_ID_MODE bound to: 8'b10100100 
	Parameter FT_ID_THGROUP bound to: 8'b10000000 
	Parameter FT_ID_PERIOD_ACT bound to: 8'b10001000 
	Parameter FT_STATE_REG bound to: 8'b00000010 
	Parameter FT_TP1_REG bound to: 8'b00000011 
	Parameter GT_SLAVE_ADDR bound to: 7'b0010100 
	Parameter GT_BIT_CTRL bound to: 1'b1 
	Parameter GT_STATE_REG bound to: 16'b1000000101001110 
	Parameter GT_TP1_REG bound to: 16'b1000000101010000 
	Parameter st_idle bound to: 7'b0000001 
	Parameter st_init bound to: 7'b0000010 
	Parameter st_get_id bound to: 7'b0000100 
	Parameter st_cfg_reg bound to: 7'b0001000 
	Parameter st_check_touch bound to: 7'b0010000 
	Parameter st_get_coord bound to: 7'b0100000 
	Parameter st_coord_handle bound to: 7'b1000000 
INFO: [Synth 8-6155] done synthesizing module 'touch_dri' (5#1) [C:/Users/zhangtao/Desktop/PQM/FPGA/rtl/lcd/touch/touch_dri.v:7]
INFO: [Synth 8-6157] synthesizing module 'touch_state' [C:/Users/zhangtao/Desktop/PQM/FPGA/rtl/lcd/touch/touch_state.v:10]
	Parameter CLK_FREQ_HZ bound to: 1000000 - type: integer 
	Parameter LONG_PRESS_MS bound to: 750 - type: integer 
	Parameter DEBOUNCE_MS bound to: 20 - type: integer 
	Parameter DRAG_THRESH_PX bound to: 16 - type: integer 
	Parameter MS_DIV bound to: 1000 - type: integer 
	Parameter DB_TICKS bound to: 20000 - type: integer 
	Parameter LONG_PRESS_TICKS bound to: 750 - type: integer 
INFO: [Synth 8-6155] done synthesizing module 'touch_state' (6#1) [C:/Users/zhangtao/Desktop/PQM/FPGA/rtl/lcd/touch/touch_state.v:10]
INFO: [Synth 8-6155] done synthesizing module 'touch_top' (7#1) [C:/Users/zhangtao/Desktop/PQM/FPGA/rtl/lcd/touch/touch_top.v:9]
INFO: [Synth 8-6157] synthesizing module 'adc_abs_voltage_top' [C:/Users/zhangtao/Desktop/PQM/FPGA/rtl/ADC_TEMP/adc_abs_voltage_top.v:41]
	Parameter WIDTH bound to: 8 - type: integer 
	Parameter AVERAGE_SHIFT bound to: 6 - type: integer 
	Parameter ZERO_CAL_SHIFT bound to: 10 - type: integer 
	Parameter FULL_SCALE_MV bound to: 5000 - type: integer 
	Parameter ZERO_CODE_DEFAULT bound to: 127 - type: integer 
	Parameter ZERO_CODE_TOLERANCE bound to: 32 - type: integer 
INFO: [Synth 8-6157] synthesizing module 'adc_zero_calibrator' [C:/Users/zhangtao/Desktop/PQM/FPGA/rtl/ADC_TEMP/adc_zero_calibrator.v:3]
	Parameter WIDTH bound to: 8 - type: integer 
	Parameter CAL_SHIFT bound to: 10 - type: integer 
	Parameter ZERO_CODE_DEFAULT bound to: 127 - type: integer 
	Parameter ACCEPT_TOLERANCE bound to: 32 - type: integer 
	Parameter CAL_SAMPLE_COUNT bound to: 1024 - type: integer 
	Parameter CAL_COUNT_MAX bound to: 2047 - type: integer 
	Parameter ROUND_BIAS bound to: 512 - type: integer 
	Parameter SUM_WIDTH bound to: 19 - type: integer 
	Parameter AVG_MSB bound to: 17 - type: integer 
	Parameter ZERO_MIN_CODE bound to: 95 - type: integer 
	Parameter ZERO_MAX_CODE bound to: 159 - type: integer 
INFO: [Synth 8-6155] done synthesizing module 'adc_zero_calibrator' (8#1) [C:/Users/zhangtao/Desktop/PQM/FPGA/rtl/ADC_TEMP/adc_zero_calibrator.v:3]
INFO: [Synth 8-6157] synthesizing module 'adc_sample_average' [C:/Users/zhangtao/Desktop/PQM/FPGA/rtl/ADC_TEMP/adc_sample_average.v:3]
	Parameter WIDTH bound to: 8 - type: integer 
	Parameter AVERAGE_SHIFT bound to: 6 - type: integer 
	Parameter SAMPLE_COUNT bound to: 64 - type: integer 
	Parameter ROUND_BIAS bound to: 32 - type: integer 
	Parameter SUM_WIDTH bound to: 15 - type: integer 
	Parameter AVG_MSB bound to: 13 - type: integer 
INFO: [Synth 8-6155] done synthesizing module 'adc_sample_average' (9#1) [C:/Users/zhangtao/Desktop/PQM/FPGA/rtl/ADC_TEMP/adc_sample_average.v:3]
INFO: [Synth 8-6157] synthesizing module 'adc_abs_voltage_calc' [C:/Users/zhangtao/Desktop/PQM/FPGA/rtl/ADC_TEMP/adc_abs_voltage_calc.v:3]
	Parameter WIDTH bound to: 8 - type: integer 
	Parameter FULL_SCALE_MV bound to: 5000 - type: integer 
	Parameter ZERO_CODE_DEFAULT bound to: 127 - type: integer 
	Parameter ADC_CODE_SPAN bound to: 256 - type: integer 
	Parameter PRODUCT_WIDTH bound to: 24 - type: integer 
	Parameter ZERO_CODE_FALLBACK bound to: 8'b01111111 
INFO: [Synth 8-6155] done synthesizing module 'adc_abs_voltage_calc' (10#1) [C:/Users/zhangtao/Desktop/PQM/FPGA/rtl/ADC_TEMP/adc_abs_voltage_calc.v:3]
INFO: [Synth 8-6157] synthesizing module 'adc_voltage_digits' [C:/Users/zhangtao/Desktop/PQM/FPGA/rtl/ADC_TEMP/adc_voltage_digits.v:3]
INFO: [Synth 8-6155] done synthesizing module 'adc_voltage_digits' (11#1) [C:/Users/zhangtao/Desktop/PQM/FPGA/rtl/ADC_TEMP/adc_voltage_digits.v:3]
INFO: [Synth 8-6155] done synthesizing module 'adc_abs_voltage_top' (12#1) [C:/Users/zhangtao/Desktop/PQM/FPGA/rtl/ADC_TEMP/adc_abs_voltage_top.v:41]
INFO: [Synth 8-6157] synthesizing module 'lcd_rgb_char' [C:/Users/zhangtao/Desktop/PQM/FPGA/rtl/lcd/display/lcd_rgb_char.v:8]
INFO: [Synth 8-6157] synthesizing module 'rd_id' [C:/Users/zhangtao/Desktop/PQM/FPGA/rtl/lcd/display/rd_id.v:7]
INFO: [Synth 8-6155] done synthesizing module 'rd_id' (13#1) [C:/Users/zhangtao/Desktop/PQM/FPGA/rtl/lcd/display/rd_id.v:7]
INFO: [Synth 8-6157] synthesizing module 'clk_div' [C:/Users/zhangtao/Desktop/PQM/FPGA/rtl/lcd/display/clk_div.v:7]
INFO: [Synth 8-6155] done synthesizing module 'clk_div' (14#1) [C:/Users/zhangtao/Desktop/PQM/FPGA/rtl/lcd/display/clk_div.v:7]
INFO: [Synth 8-6157] synthesizing module 'binary2bcd' [C:/Users/zhangtao/Desktop/PQM/FPGA/rtl/lcd/display/binary2bcd.v:7]
	Parameter CNT_SHIFT_NUM bound to: 5'b10000 
INFO: [Synth 8-6155] done synthesizing module 'binary2bcd' (15#1) [C:/Users/zhangtao/Desktop/PQM/FPGA/rtl/lcd/display/binary2bcd.v:7]
INFO: [Synth 8-6157] synthesizing module 'lcd_display' [C:/Users/zhangtao/Desktop/PQM/FPGA/rtl/lcd/display/lcd_display.v:8]
	Parameter BIG_CHAR_W bound to: 6'b010000 
	Parameter SMALL_CHAR_W bound to: 6'b001010 
	Parameter FONT_BLANK bound to: 7'b1111111 
	Parameter BG_COLOR bound to: 24'b000010110001010100100100 
	Parameter TEXT_WHITE bound to: 24'b111100101111011011111010 
	Parameter WAVE_U_COLOR bound to: 24'b001110011110010001101111 
	Parameter GRAPH_X bound to: 11'b00000100100 
	Parameter GRAPH_Y bound to: 11'b00010010000 
	Parameter GRAPH_W bound to: 11'b00110000000 
	Parameter GRAPH_H bound to: 11'b00011110000 
INFO: [Synth 8-6157] synthesizing module 'wave_frame_capture' [C:/Users/zhangtao/Desktop/PQM/FPGA/rtl/DataProcessor/wave_frame_capture.v:19]
	Parameter WAVE_POINT_COUNT bound to: 384 - type: integer 
	Parameter WAVE_FRAME_TICKS bound to: 1000000 - type: integer 
	Parameter WAVE_TRIGGER_HYST bound to: 8'b00000010 
	Parameter GRAPH_H bound to: 240 - type: integer 
	Parameter GRAPH_HALF_H bound to: 120 - type: integer 
	Parameter SAMPLE_WIDTH bound to: 8 - type: integer 
	Parameter CENTER_IIR_SHIFT bound to: 22 - type: integer 
	Parameter CENTER_ACC_W bound to: 32 - type: integer 
	Parameter CENTER_DEFAULT bound to: 8'b01111111 
INFO: [Synth 8-6157] synthesizing module 'signal_rms_calc' [C:/Users/zhangtao/Desktop/PQM/FPGA/rtl/DataProcessor/signal_rms_calc.v:12]
	Parameter WIDTH bound to: 8 - type: integer 
	Parameter FULL_SCALE_MV bound to: 5000 - type: integer 
	Parameter WINDOW_SAMPLES bound to: 1000000 - type: integer 
	Parameter COUNT_W bound to: 20 - type: integer 
	Parameter SUM_W bound to: 40 - type: integer 
	Parameter WINDOW_SAMPLES_EXT bound to: 1000000 - type: integer 
INFO: [Synth 8-6157] synthesizing module 'divider_unsigned' [C:/Users/zhangtao/Desktop/PQM/FPGA/rtl/DataProcessor/divider_unsigned.v:10]
	Parameter WIDTH bound to: 40 - type: integer 
	Parameter COUNT_W bound to: 6 - type: integer 
INFO: [Synth 8-6155] done synthesizing module 'divider_unsigned' (16#1) [C:/Users/zhangtao/Desktop/PQM/FPGA/rtl/DataProcessor/divider_unsigned.v:10]
INFO: [Synth 8-6155] done synthesizing module 'signal_rms_calc' (17#1) [C:/Users/zhangtao/Desktop/PQM/FPGA/rtl/DataProcessor/signal_rms_calc.v:12]
INFO: [Synth 8-6157] synthesizing module 'divider_unsigned__parameterized0' [C:/Users/zhangtao/Desktop/PQM/FPGA/rtl/DataProcessor/divider_unsigned.v:10]
	Parameter WIDTH bound to: 16 - type: integer 
	Parameter COUNT_W bound to: 5 - type: integer 
INFO: [Synth 8-6155] done synthesizing module 'divider_unsigned__parameterized0' (17#1) [C:/Users/zhangtao/Desktop/PQM/FPGA/rtl/DataProcessor/divider_unsigned.v:10]
WARNING: [Synth 8-6014] Unused sequential element copy_src_idx_reg was removed.  [C:/Users/zhangtao/Desktop/PQM/FPGA/rtl/DataProcessor/wave_frame_capture.v:199]
WARNING: [Synth 8-6014] Unused sequential element wave_amp_px_reg was removed.  [C:/Users/zhangtao/Desktop/PQM/FPGA/rtl/DataProcessor/wave_frame_capture.v:232]
WARNING: [Synth 8-6014] Unused sequential element wave_y_next_reg was removed.  [C:/Users/zhangtao/Desktop/PQM/FPGA/rtl/DataProcessor/wave_frame_capture.v:235]
WARNING: [Synth 8-6014] Unused sequential element wave_y_clamped_reg was removed.  [C:/Users/zhangtao/Desktop/PQM/FPGA/rtl/DataProcessor/wave_frame_capture.v:240]
INFO: [Synth 8-6155] done synthesizing module 'wave_frame_capture' (18#1) [C:/Users/zhangtao/Desktop/PQM/FPGA/rtl/DataProcessor/wave_frame_capture.v:19]
INFO: [Synth 8-6157] synthesizing module 'lcd_display_bg' [C:/Users/zhangtao/Desktop/PQM/FPGA/rtl/lcd/display/lcd_display_bg.v:8]
	Parameter BG_COLOR bound to: 24'b000010110001010100100100 
	Parameter TITLE_BG bound to: 24'b000101110011101101100011 
	Parameter PANEL_BG bound to: 24'b000101000010001000110101 
	Parameter PANEL_DARK bound to: 24'b000100000001101000101000 
	Parameter PANEL_BORDER bound to: 24'b010011110110110110001111 
	Parameter GRAPH_BG bound to: 24'b000000100000010000000110 
	Parameter GRAPH_GRID bound to: 24'b001001000011011001000101 
	Parameter GRAPH_AXIS bound to: 24'b100011101010011110111111 
	Parameter GRAPH_Y_AXIS bound to: 24'b111010101111001111111111 
	Parameter BUTTON_BG bound to: 24'b010010010110000101111110 
	Parameter BUTTON_BORDER bound to: 24'b110111101110100111110101 
	Parameter WAVE_U_COLOR bound to: 24'b001110011110010001101111 
	Parameter WAVE_I_COLOR bound to: 24'b111111111101100001001110 
	Parameter ACCENT_COLOR bound to: 24'b010110001011011011111111 
	Parameter SEPARATOR_CLR bound to: 24'b001001000011001001000011 
	Parameter TITLE_BAR_H bound to: 11'b00000101100 
	Parameter LEFT_X bound to: 11'b00000000000 
	Parameter LEFT_Y bound to: 11'b00001000000 
	Parameter LEFT_W bound to: 11'b00111100000 
	Parameter LEFT_H bound to: 11'b00110001000 
	Parameter RIGHT_X bound to: 11'b00111110100 
	Parameter RIGHT_Y bound to: 11'b00001000000 
	Parameter RIGHT_W bound to: 11'b00100010100 
	Parameter RIGHT_H bound to: 11'b00110001000 
	Parameter DIVIDER_X bound to: 11'b00111100110 
	Parameter DIVIDER_W bound to: 11'b00000000100 
	Parameter GRAPH_X bound to: 11'b00000100100 
	Parameter GRAPH_Y bound to: 11'b00010010000 
	Parameter GRAPH_W bound to: 11'b00110000000 
	Parameter GRAPH_H bound to: 11'b00011110000 
	Parameter GRAPH_CY bound to: 11'b00100001000 
	Parameter GRID_X_STEP bound to: 11'b00001100000 
	Parameter GRID_Y_STEP bound to: 11'b00000011000 
	Parameter GRID_X_1 bound to: 11'b00010000100 
	Parameter GRID_X_2 bound to: 11'b00011100100 
	Parameter GRID_X_3 bound to: 11'b00101000100 
	Parameter GRID_Y_1 bound to: 11'b00010101000 
	Parameter GRID_Y_2 bound to: 11'b00011000000 
	Parameter GRID_Y_3 bound to: 11'b00011011000 
	Parameter GRID_Y_4 bound to: 11'b00011110000 
	Parameter GRID_Y_5 bound to: 11'b00100001000 
	Parameter GRID_Y_6 bound to: 11'b00100100000 
	Parameter GRID_Y_7 bound to: 11'b00100111000 
	Parameter GRID_Y_8 bound to: 11'b00101010000 
	Parameter GRID_Y_9 bound to: 11'b00101101000 
	Parameter BTN_X bound to: 11'b01000111100 
	Parameter BTN_Y bound to: 11'b00000000110 
	Parameter BTN_W bound to: 11'b00001100110 
	Parameter BTN_H bound to: 11'b00000100000 
	Parameter AUTO_X bound to: 11'b01010110100 
	Parameter AUTO_Y bound to: 11'b00000000110 
	Parameter AUTO_W bound to: 11'b00001010000 
	Parameter AUTO_H bound to: 11'b00000100000 
	Parameter LINE_Y0 bound to: 11'b00010010000 
	Parameter LINE_STEP bound to: 11'b00000011110 
INFO: [Synth 8-6155] done synthesizing module 'lcd_display_bg' (19#1) [C:/Users/zhangtao/Desktop/PQM/FPGA/rtl/lcd/display/lcd_display_bg.v:8]
INFO: [Synth 8-6157] synthesizing module 'lcd_display_text' [C:/Users/zhangtao/Desktop/PQM/FPGA/rtl/lcd/display/lcd_display_text.v:8]
	Parameter BIG_CHAR_W bound to: 6'b010000 
	Parameter BIG_CHAR_H bound to: 6'b100000 
	Parameter SMALL_CHAR_W bound to: 6'b001010 
	Parameter SMALL_CHAR_H bound to: 6'b010100 
	Parameter FONT_BLANK bound to: 7'b1111111 
	Parameter FONT_DIGIT_BASE bound to: 7'b0000000 
	Parameter FONT_UPPER_BASE bound to: 7'b0001010 
	Parameter FONT_LOWER_BASE bound to: 7'b0100100 
	Parameter FONT_LPAREN bound to: 7'b1000111 
	Parameter FONT_RPAREN bound to: 7'b1001000 
	Parameter FONT_UNDERSCORE bound to: 7'b1001001 
	Parameter FONT_PLUS bound to: 7'b1001010 
	Parameter FONT_MINUS bound to: 7'b1001011 
	Parameter FONT_DOT bound to: 7'b1010100 
	Parameter FONT_SLASH bound to: 7'b1010101 
	Parameter FONT_COLON bound to: 7'b1011001 
	Parameter TEXT_WHITE bound to: 24'b111100101111011011111010 
	Parameter TEXT_SOFT bound to: 24'b110001101101001111100010 
	Parameter TEXT_DIM bound to: 24'b100101011010100110111110 
	Parameter WAVE_U_COLOR bound to: 24'b001110011110010001101111 
	Parameter WAVE_I_COLOR bound to: 24'b111111111101100001001110 
	Parameter ACCENT_COLOR bound to: 24'b010110001011011011111111 
	Parameter TITLE_TXT_X bound to: 11'b00000100000 
	Parameter TITLE_TXT_Y bound to: 11'b00000000110 
	Parameter BTN_TXT_X bound to: 11'b01001000010 
	Parameter BTN_TXT_Y bound to: 11'b00000000110 
	Parameter AUTO_TXT_X bound to: 11'b01010111100 
	Parameter AUTO_TXT_Y bound to: 11'b00000000110 
	Parameter PLOT_TXT_X bound to: 11'b00001000100 
	Parameter PLOT_TXT_Y bound to: 11'b00001001000 
	Parameter AXIS_V_X bound to: 11'b00000101000 
	Parameter AXIS_V_Y bound to: 11'b00001110110 
	Parameter AXIS_I_X bound to: 11'b00100110010 
	Parameter AXIS_I_Y bound to: 11'b00001110110 
	Parameter AXIS_TICK0_X bound to: 11'b00000100100 
	Parameter AXIS_TICK1_X bound to: 11'b00001110101 
	Parameter AXIS_TICK2_X bound to: 11'b00011010101 
	Parameter AXIS_TICK3_X bound to: 11'b00100110101 
	Parameter AXIS_TICK4_X bound to: 11'b00110000101 
	Parameter AXIS_TICK_Y bound to: 11'b00110001000 
	Parameter AXIS_T_X bound to: 11'b00101010000 
	Parameter AXIS_T_Y bound to: 11'b00110100000 
	Parameter V_TICK_X bound to: 11'b00000001100 
	Parameter V_TICK_Y0 bound to: 11'b00010000110 
	Parameter V_TICK_STEP bound to: 11'b00000011000 
	Parameter I_TICK_X bound to: 11'b00110101000 
	Parameter I_TICK_Y0 bound to: 11'b00010000110 
	Parameter I_TICK_STEP bound to: 11'b00000101000 
	Parameter RP_TITLE_X bound to: 11'b01000001000 
	Parameter RP_TITLE_Y bound to: 11'b00001001100 
	Parameter LEGEND1_X bound to: 11'b01000110000 
	Parameter LEGEND1_Y bound to: 11'b00001110000 
	Parameter LEGEND2_X bound to: 11'b01010100100 
	Parameter LEGEND2_Y bound to: 11'b00001110000 
	Parameter LINE_X bound to: 11'b01000000100 
	Parameter LINE_Y0 bound to: 11'b00010010000 
	Parameter LINE_STEP bound to: 11'b00000011110 
	Parameter MAX_TEXT_LEN bound to: 22 - type: integer 
	Parameter TITLE_LEN bound to: 19 - type: integer 
	Parameter BTN_LEN bound to: 6 - type: integer 
	Parameter AUTO_LEN bound to: 4 - type: integer 
	Parameter PLOT_LEN bound to: 20 - type: integer 
	Parameter AXIS_V_LEN bound to: 12 - type: integer 
	Parameter AXIS_I_LEN bound to: 11 - type: integer 
	Parameter AXIS_T_LEN bound to: 8 - type: integer 
	Parameter V_TICK_LEN bound to: 2 - type: integer 
	Parameter I_TICK_LEN bound to: 4 - type: integer 
	Parameter T_TICK_LEN bound to: 3 - type: integer 
	Parameter RP_HEAD_LEN bound to: 10 - type: integer 
	Parameter LEGEND_U_LEN bound to: 1 - type: integer 
	Parameter LEGEND_I_LEN bound to: 1 - type: integer 
	Parameter LINE1_LEN bound to: 17 - type: integer 
	Parameter LINE2_LEN bound to: 16 - type: integer 
	Parameter LINE3_LEN bound to: 16 - type: integer 
	Parameter LINE4_LEN bound to: 22 - type: integer 
	Parameter TITLE_STR bound to: MODE: Single - Time - type: string 
	Parameter BTN_STR bound to: Freeze - type: string 
	Parameter AUTO_STR bound to: Auto - type: string 
	Parameter PLOT_STR bound to: Time Domain Analysis - type: string 
	Parameter AXIS_V_STR bound to: Voltage ( V) - type: string 
	Parameter AXIS_I_STR bound to: Current (A) - type: string 
	Parameter AXIS_T_STR bound to: Time(ms) - type: string 
	Parameter RP_HEAD_STR bound to: Parameters - type: string 
	Parameter LEGEND_U_STR bound to: U - type: string 
	Parameter LEGEND_I_STR bound to: I - type: string 
	Parameter LINE1_STR bound to: Sampling: 5 (KPS) - type: string 
	Parameter LINE3_STR bound to: I_rms: --.-- (A) - type: string 
	Parameter LINE4_STR bound to: Phase Diff: 0.49 (rad) - type: string 
INFO: [Synth 8-6155] done synthesizing module 'lcd_display_text' (20#1) [C:/Users/zhangtao/Desktop/PQM/FPGA/rtl/lcd/display/lcd_display_text.v:8]
INFO: [Synth 8-6157] synthesizing module 'blk_mem_gen_font_16x32' [C:/Users/zhangtao/Desktop/PQM/FPGA/prj/PQM.runs/synth_1/.Xil/Vivado-10156-DESKTOP-6DUCG5H/realtime/blk_mem_gen_font_16x32_stub.v:6]
INFO: [Synth 8-6155] done synthesizing module 'blk_mem_gen_font_16x32' (21#1) [C:/Users/zhangtao/Desktop/PQM/FPGA/prj/PQM.runs/synth_1/.Xil/Vivado-10156-DESKTOP-6DUCG5H/realtime/blk_mem_gen_font_16x32_stub.v:6]
INFO: [Synth 8-6157] synthesizing module 'blk_mem_gen_font_10x20' [C:/Users/zhangtao/Desktop/PQM/FPGA/prj/PQM.runs/synth_1/.Xil/Vivado-10156-DESKTOP-6DUCG5H/realtime/blk_mem_gen_font_10x20_stub.v:6]
INFO: [Synth 8-6155] done synthesizing module 'blk_mem_gen_font_10x20' (22#1) [C:/Users/zhangtao/Desktop/PQM/FPGA/prj/PQM.runs/synth_1/.Xil/Vivado-10156-DESKTOP-6DUCG5H/realtime/blk_mem_gen_font_10x20_stub.v:6]
INFO: [Synth 8-6157] synthesizing module 'blk_mem_gen_ram0' [C:/Users/zhangtao/Desktop/PQM/FPGA/prj/PQM.runs/synth_1/.Xil/Vivado-10156-DESKTOP-6DUCG5H/realtime/blk_mem_gen_ram0_stub.v:6]
INFO: [Synth 8-6155] done synthesizing module 'blk_mem_gen_ram0' (23#1) [C:/Users/zhangtao/Desktop/PQM/FPGA/prj/PQM.runs/synth_1/.Xil/Vivado-10156-DESKTOP-6DUCG5H/realtime/blk_mem_gen_ram0_stub.v:6]
INFO: [Synth 8-6155] done synthesizing module 'lcd_display' (24#1) [C:/Users/zhangtao/Desktop/PQM/FPGA/rtl/lcd/display/lcd_display.v:8]
INFO: [Synth 8-6157] synthesizing module 'lcd_driver' [C:/Users/zhangtao/Desktop/PQM/FPGA/rtl/lcd/display/lcd_driver.v:7]
	Parameter H_SYNC_4342 bound to: 11'b00000101001 
	Parameter H_BACK_4342 bound to: 11'b00000000010 
	Parameter H_DISP_4342 bound to: 11'b00111100000 
	Parameter H_FRONT_4342 bound to: 11'b00000000010 
	Parameter H_TOTAL_4342 bound to: 11'b01000001101 
	Parameter V_SYNC_4342 bound to: 11'b00000001010 
	Parameter V_BACK_4342 bound to: 11'b00000000010 
	Parameter V_DISP_4342 bound to: 11'b00100010000 
	Parameter V_FRONT_4342 bound to: 11'b00000000010 
	Parameter V_TOTAL_4342 bound to: 11'b00100011110 
	Parameter H_SYNC_7084 bound to: 11'b00010000000 
	Parameter H_BACK_7084 bound to: 11'b00001011000 
	Parameter H_DISP_7084 bound to: 11'b01100100000 
	Parameter H_FRONT_7084 bound to: 11'b00000101000 
	Parameter H_TOTAL_7084 bound to: 11'b10000100000 
	Parameter V_SYNC_7084 bound to: 11'b00000000010 
	Parameter V_BACK_7084 bound to: 11'b00000100001 
	Parameter V_DISP_7084 bound to: 11'b00111100000 
	Parameter V_FRONT_7084 bound to: 11'b00000001010 
	Parameter V_TOTAL_7084 bound to: 11'b01000001101 
	Parameter H_SYNC_7016 bound to: 11'b00000010100 
	Parameter H_BACK_7016 bound to: 11'b00010001100 
	Parameter H_DISP_7016 bound to: 11'b10000000000 
	Parameter H_FRONT_7016 bound to: 11'b00010100000 
	Parameter H_TOTAL_7016 bound to: 11'b10101000000 
	Parameter V_SYNC_7016 bound to: 11'b00000000011 
	Parameter V_BACK_7016 bound to: 11'b00000010100 
	Parameter V_DISP_7016 bound to: 11'b01001011000 
	Parameter V_FRONT_7016 bound to: 11'b00000001100 
	Parameter V_TOTAL_7016 bound to: 11'b01001111011 
	Parameter H_SYNC_1018 bound to: 11'b00000001010 
	Parameter H_BACK_1018 bound to: 11'b00001010000 
	Parameter H_DISP_1018 bound to: 11'b10100000000 
	Parameter H_FRONT_1018 bound to: 11'b00001000110 
	Parameter H_TOTAL_1018 bound to: 11'b10110100000 
	Parameter V_SYNC_1018 bound to: 11'b00000000011 
	Parameter V_BACK_1018 bound to: 11'b00000001010 
	Parameter V_DISP_1018 bound to: 11'b01100100000 
	Parameter V_FRONT_1018 bound to: 11'b00000001010 
	Parameter V_TOTAL_1018 bound to: 11'b01100110111 
	Parameter H_SYNC_4384 bound to: 11'b00010000000 
	Parameter H_BACK_4384 bound to: 11'b00001011000 
	Parameter H_DISP_4384 bound to: 11'b01100100000 
	Parameter H_FRONT_4384 bound to: 11'b00000101000 
	Parameter H_TOTAL_4384 bound to: 11'b10000100000 
	Parameter V_SYNC_4384 bound to: 11'b00000000010 
	Parameter V_BACK_4384 bound to: 11'b00000100001 
	Parameter V_DISP_4384 bound to: 11'b00111100000 
	Parameter V_FRONT_4384 bound to: 11'b00000001010 
	Parameter V_TOTAL_4384 bound to: 11'b01000001101 
INFO: [Synth 8-6155] done synthesizing module 'lcd_driver' (25#1) [C:/Users/zhangtao/Desktop/PQM/FPGA/rtl/lcd/display/lcd_driver.v:7]
INFO: [Synth 8-6155] done synthesizing module 'lcd_rgb_char' (26#1) [C:/Users/zhangtao/Desktop/PQM/FPGA/rtl/lcd/display/lcd_rgb_char.v:8]
INFO: [Synth 8-6157] synthesizing module 'clk_wiz_0' [C:/Users/zhangtao/Desktop/PQM/FPGA/prj/PQM.runs/synth_1/.Xil/Vivado-10156-DESKTOP-6DUCG5H/realtime/clk_wiz_0_stub.v:5]
INFO: [Synth 8-6155] done synthesizing module 'clk_wiz_0' (27#1) [C:/Users/zhangtao/Desktop/PQM/FPGA/prj/PQM.runs/synth_1/.Xil/Vivado-10156-DESKTOP-6DUCG5H/realtime/clk_wiz_0_stub.v:5]
WARNING: [Synth 8-3848] Net uart_tx_en in module/entity main does not have driver. [C:/Users/zhangtao/Desktop/PQM/FPGA/rtl/main.v:72]
WARNING: [Synth 8-3848] Net uart_tx_data in module/entity main does not have driver. [C:/Users/zhangtao/Desktop/PQM/FPGA/rtl/main.v:71]
INFO: [Synth 8-6155] done synthesizing module 'main' (28#1) [C:/Users/zhangtao/Desktop/PQM/FPGA/rtl/main.v:4]
WARNING: [Synth 8-3331] design lcd_display has unconnected port data[31]
WARNING: [Synth 8-3331] design lcd_display has unconnected port data[30]
WARNING: [Synth 8-3331] design lcd_display has unconnected port data[29]
WARNING: [Synth 8-3331] design lcd_display has unconnected port data[28]
WARNING: [Synth 8-3331] design lcd_display has unconnected port data[27]
WARNING: [Synth 8-3331] design lcd_display has unconnected port data[26]
WARNING: [Synth 8-3331] design lcd_display has unconnected port data[25]
WARNING: [Synth 8-3331] design lcd_display has unconnected port data[24]
WARNING: [Synth 8-3331] design lcd_display has unconnected port data[23]
WARNING: [Synth 8-3331] design lcd_display has unconnected port data[22]
WARNING: [Synth 8-3331] design lcd_display has unconnected port data[21]
WARNING: [Synth 8-3331] design lcd_display has unconnected port data[20]
WARNING: [Synth 8-3331] design lcd_display has unconnected port data[19]
WARNING: [Synth 8-3331] design lcd_display has unconnected port data[18]
WARNING: [Synth 8-3331] design lcd_display has unconnected port data[17]
WARNING: [Synth 8-3331] design lcd_display has unconnected port data[16]
WARNING: [Synth 8-3331] design lcd_display has unconnected port data[15]
WARNING: [Synth 8-3331] design lcd_display has unconnected port data[14]
WARNING: [Synth 8-3331] design lcd_display has unconnected port data[13]
WARNING: [Synth 8-3331] design lcd_display has unconnected port data[12]
WARNING: [Synth 8-3331] design lcd_display has unconnected port data[11]
WARNING: [Synth 8-3331] design lcd_display has unconnected port data[10]
WARNING: [Synth 8-3331] design lcd_display has unconnected port data[9]
WARNING: [Synth 8-3331] design lcd_display has unconnected port data[8]
WARNING: [Synth 8-3331] design lcd_display has unconnected port data[7]
WARNING: [Synth 8-3331] design lcd_display has unconnected port data[6]
WARNING: [Synth 8-3331] design lcd_display has unconnected port data[5]
WARNING: [Synth 8-3331] design lcd_display has unconnected port data[4]
WARNING: [Synth 8-3331] design lcd_display has unconnected port data[3]
WARNING: [Synth 8-3331] design lcd_display has unconnected port data[2]
WARNING: [Synth 8-3331] design lcd_display has unconnected port data[1]
WARNING: [Synth 8-3331] design lcd_display has unconnected port data[0]
WARNING: [Synth 8-3331] design lcd_display has unconnected port touch_x[15]
WARNING: [Synth 8-3331] design lcd_display has unconnected port touch_x[14]
WARNING: [Synth 8-3331] design lcd_display has unconnected port touch_x[13]
WARNING: [Synth 8-3331] design lcd_display has unconnected port touch_x[12]
WARNING: [Synth 8-3331] design lcd_display has unconnected port touch_x[11]
WARNING: [Synth 8-3331] design lcd_display has unconnected port touch_x[10]
WARNING: [Synth 8-3331] design lcd_display has unconnected port touch_x[9]
WARNING: [Synth 8-3331] design lcd_display has unconnected port touch_x[8]
WARNING: [Synth 8-3331] design lcd_display has unconnected port touch_x[7]
WARNING: [Synth 8-3331] design lcd_display has unconnected port touch_x[6]
WARNING: [Synth 8-3331] design lcd_display has unconnected port touch_x[5]
WARNING: [Synth 8-3331] design lcd_display has unconnected port touch_x[4]
WARNING: [Synth 8-3331] design lcd_display has unconnected port touch_x[3]
WARNING: [Synth 8-3331] design lcd_display has unconnected port touch_x[2]
WARNING: [Synth 8-3331] design lcd_display has unconnected port touch_x[1]
WARNING: [Synth 8-3331] design lcd_display has unconnected port touch_x[0]
WARNING: [Synth 8-3331] design lcd_display has unconnected port touch_y[15]
WARNING: [Synth 8-3331] design lcd_display has unconnected port touch_y[14]
WARNING: [Synth 8-3331] design lcd_display has unconnected port touch_y[13]
WARNING: [Synth 8-3331] design lcd_display has unconnected port touch_y[12]
WARNING: [Synth 8-3331] design lcd_display has unconnected port touch_y[11]
WARNING: [Synth 8-3331] design lcd_display has unconnected port touch_y[10]
WARNING: [Synth 8-3331] design lcd_display has unconnected port touch_y[9]
WARNING: [Synth 8-3331] design lcd_display has unconnected port touch_y[8]
WARNING: [Synth 8-3331] design lcd_display has unconnected port touch_y[7]
WARNING: [Synth 8-3331] design lcd_display has unconnected port touch_y[6]
WARNING: [Synth 8-3331] design lcd_display has unconnected port touch_y[5]
WARNING: [Synth 8-3331] design lcd_display has unconnected port touch_y[4]
WARNING: [Synth 8-3331] design lcd_display has unconnected port touch_y[3]
WARNING: [Synth 8-3331] design lcd_display has unconnected port touch_y[2]
WARNING: [Synth 8-3331] design lcd_display has unconnected port touch_y[1]
WARNING: [Synth 8-3331] design lcd_display has unconnected port touch_y[0]
WARNING: [Synth 8-3331] design lcd_display has unconnected port touch_state_bits[4]
WARNING: [Synth 8-3331] design lcd_display has unconnected port touch_state_bits[3]
WARNING: [Synth 8-3331] design lcd_display has unconnected port touch_state_bits[2]
WARNING: [Synth 8-3331] design lcd_display has unconnected port touch_state_bits[1]
WARNING: [Synth 8-3331] design lcd_display has unconnected port touch_state_bits[0]
WARNING: [Synth 8-3331] design lcd_display has unconnected port start_x_bcd[15]
WARNING: [Synth 8-3331] design lcd_display has unconnected port start_x_bcd[14]
WARNING: [Synth 8-3331] design lcd_display has unconnected port start_x_bcd[13]
WARNING: [Synth 8-3331] design lcd_display has unconnected port start_x_bcd[12]
WARNING: [Synth 8-3331] design lcd_display has unconnected port start_x_bcd[11]
WARNING: [Synth 8-3331] design lcd_display has unconnected port start_x_bcd[10]
WARNING: [Synth 8-3331] design lcd_display has unconnected port start_x_bcd[9]
WARNING: [Synth 8-3331] design lcd_display has unconnected port start_x_bcd[8]
WARNING: [Synth 8-3331] design lcd_display has unconnected port start_x_bcd[7]
WARNING: [Synth 8-3331] design lcd_display has unconnected port start_x_bcd[6]
WARNING: [Synth 8-3331] design lcd_display has unconnected port start_x_bcd[5]
WARNING: [Synth 8-3331] design lcd_display has unconnected port start_x_bcd[4]
WARNING: [Synth 8-3331] design lcd_display has unconnected port start_x_bcd[3]
WARNING: [Synth 8-3331] design lcd_display has unconnected port start_x_bcd[2]
WARNING: [Synth 8-3331] design lcd_display has unconnected port start_x_bcd[1]
WARNING: [Synth 8-3331] design lcd_display has unconnected port start_x_bcd[0]
WARNING: [Synth 8-3331] design lcd_display has unconnected port start_y_bcd[15]
WARNING: [Synth 8-3331] design lcd_display has unconnected port start_y_bcd[14]
WARNING: [Synth 8-3331] design lcd_display has unconnected port start_y_bcd[13]
WARNING: [Synth 8-3331] design lcd_display has unconnected port start_y_bcd[12]
WARNING: [Synth 8-3331] design lcd_display has unconnected port start_y_bcd[11]
WARNING: [Synth 8-3331] design lcd_display has unconnected port start_y_bcd[10]
WARNING: [Synth 8-3331] design lcd_display has unconnected port start_y_bcd[9]
WARNING: [Synth 8-3331] design lcd_display has unconnected port start_y_bcd[8]
WARNING: [Synth 8-3331] design lcd_display has unconnected port start_y_bcd[7]
WARNING: [Synth 8-3331] design lcd_display has unconnected port start_y_bcd[6]
WARNING: [Synth 8-3331] design lcd_display has unconnected port start_y_bcd[5]
WARNING: [Synth 8-3331] design lcd_display has unconnected port start_y_bcd[4]
WARNING: [Synth 8-3331] design lcd_display has unconnected port start_y_bcd[3]
WARNING: [Synth 8-3331] design lcd_display has unconnected port start_y_bcd[2]
WARNING: [Synth 8-3331] design lcd_display has unconnected port start_y_bcd[1]
INFO: [Common 17-14] Message 'Synth 8-3331' appears 100 times and further instances of the messages will be disabled. Use the Tcl command set_msg_config to change the current settings.
---------------------------------------------------------------------------------
Finished RTL Elaboration : Time (s): cpu = 00:00:04 ; elapsed = 00:00:04 . Memory (MB): peak = 536.238 ; gain = 245.809
---------------------------------------------------------------------------------

Report Check Netlist: 
+------+------------------+-------+---------+-------+------------------+
|      |Item              |Errors |Warnings |Status |Description       |
+------+------------------+-------+---------+-------+------------------+
|1     |multi_driven_nets |      0|        0|Passed |Multi driven nets |
+------+------------------+-------+---------+-------+------------------+
WARNING: [Synth 8-3295] tying undriven pin u_uart:tx_en to constant 0 [C:/Users/zhangtao/Desktop/PQM/FPGA/rtl/main.v:122]
WARNING: [Synth 8-3295] tying undriven pin u_uart:tx_data[7] to constant 0 [C:/Users/zhangtao/Desktop/PQM/FPGA/rtl/main.v:122]
WARNING: [Synth 8-3295] tying undriven pin u_uart:tx_data[6] to constant 0 [C:/Users/zhangtao/Desktop/PQM/FPGA/rtl/main.v:122]
WARNING: [Synth 8-3295] tying undriven pin u_uart:tx_data[5] to constant 0 [C:/Users/zhangtao/Desktop/PQM/FPGA/rtl/main.v:122]
WARNING: [Synth 8-3295] tying undriven pin u_uart:tx_data[4] to constant 0 [C:/Users/zhangtao/Desktop/PQM/FPGA/rtl/main.v:122]
WARNING: [Synth 8-3295] tying undriven pin u_uart:tx_data[3] to constant 0 [C:/Users/zhangtao/Desktop/PQM/FPGA/rtl/main.v:122]
WARNING: [Synth 8-3295] tying undriven pin u_uart:tx_data[2] to constant 0 [C:/Users/zhangtao/Desktop/PQM/FPGA/rtl/main.v:122]
WARNING: [Synth 8-3295] tying undriven pin u_uart:tx_data[1] to constant 0 [C:/Users/zhangtao/Desktop/PQM/FPGA/rtl/main.v:122]
WARNING: [Synth 8-3295] tying undriven pin u_uart:tx_data[0] to constant 0 [C:/Users/zhangtao/Desktop/PQM/FPGA/rtl/main.v:122]
---------------------------------------------------------------------------------
Start Handling Custom Attributes
---------------------------------------------------------------------------------
---------------------------------------------------------------------------------
Finished Handling Custom Attributes : Time (s): cpu = 00:00:04 ; elapsed = 00:00:05 . Memory (MB): peak = 536.238 ; gain = 245.809
---------------------------------------------------------------------------------
---------------------------------------------------------------------------------
Finished RTL Optimization Phase 1 : Time (s): cpu = 00:00:04 ; elapsed = 00:00:05 . Memory (MB): peak = 536.238 ; gain = 245.809
---------------------------------------------------------------------------------
INFO: [Device 21-403] Loading part xc7z020clg400-2
INFO: [Project 1-570] Preparing netlist for logic optimization

Processing XDC Constraints
Initializing timing engine
Parsing XDC File [c:/Users/zhangtao/Desktop/PQM/FPGA/prj/PQM.srcs/sources_1/ip/clk_wiz_0/clk_wiz_0/clk_wiz_0_in_context.xdc] for cell 'u_clk_wiz_0'
Finished Parsing XDC File [c:/Users/zhangtao/Desktop/PQM/FPGA/prj/PQM.srcs/sources_1/ip/clk_wiz_0/clk_wiz_0/clk_wiz_0_in_context.xdc] for cell 'u_clk_wiz_0'
Parsing XDC File [c:/Users/zhangtao/Desktop/PQM/FPGA/prj/PQM.srcs/sources_1/ip/blk_mem_gen_font_16x32/blk_mem_gen_font_16x32/blk_mem_gen_font_16x32_in_context.xdc] for cell 'u_lcd_rgb_char/u_lcd_display/u_font_16x32'
Finished Parsing XDC File [c:/Users/zhangtao/Desktop/PQM/FPGA/prj/PQM.srcs/sources_1/ip/blk_mem_gen_font_16x32/blk_mem_gen_font_16x32/blk_mem_gen_font_16x32_in_context.xdc] for cell 'u_lcd_rgb_char/u_lcd_display/u_font_16x32'
Parsing XDC File [c:/Users/zhangtao/Desktop/PQM/FPGA/prj/PQM.srcs/sources_1/ip/blk_mem_gen_font_10x20/blk_mem_gen_font_10x20/blk_mem_gen_font_10x20_in_context.xdc] for cell 'u_lcd_rgb_char/u_lcd_display/u_font_10x20'
Finished Parsing XDC File [c:/Users/zhangtao/Desktop/PQM/FPGA/prj/PQM.srcs/sources_1/ip/blk_mem_gen_font_10x20/blk_mem_gen_font_10x20/blk_mem_gen_font_10x20_in_context.xdc] for cell 'u_lcd_rgb_char/u_lcd_display/u_font_10x20'
Parsing XDC File [c:/Users/zhangtao/Desktop/PQM/FPGA/prj/PQM.srcs/sources_1/ip/blk_mem_gen_ram0/blk_mem_gen_ram0/blk_mem_gen_ram0_in_context.xdc] for cell 'u_lcd_rgb_char/u_lcd_display/u_wave_frame_ram'
Finished Parsing XDC File [c:/Users/zhangtao/Desktop/PQM/FPGA/prj/PQM.srcs/sources_1/ip/blk_mem_gen_ram0/blk_mem_gen_ram0/blk_mem_gen_ram0_in_context.xdc] for cell 'u_lcd_rgb_char/u_lcd_display/u_wave_frame_ram'
Parsing XDC File [C:/Users/zhangtao/Desktop/PQM/FPGA/prj/PQM.xdc]
WARNING: [Constraints 18-619] A clock with name 'sys_clk' already exists, overwriting the previous clock with the same name. [C:/Users/zhangtao/Desktop/PQM/FPGA/prj/PQM.xdc:2]
Finished Parsing XDC File [C:/Users/zhangtao/Desktop/PQM/FPGA/prj/PQM.xdc]
INFO: [Project 1-236] Implementation specific constraints were found while reading constraint file [C:/Users/zhangtao/Desktop/PQM/FPGA/prj/PQM.xdc]. These constraints will be ignored for synthesis but will be used in implementation. Impacted constraints are listed in the file [.Xil/main_propImpl.xdc].
Resolution: To avoid this warning, move constraints listed in [.Xil/main_propImpl.xdc] to another XDC file and exclude this new file from synthesis with the used_in_synthesis property (File Properties dialog in GUI) and re-run elaboration/synthesis.
Netlist sorting complete. Time (s): cpu = 00:00:00 ; elapsed = 00:00:00.004 . Memory (MB): peak = 927.250 ; gain = 0.000
Completed Processing XDC Constraints

Netlist sorting complete. Time (s): cpu = 00:00:00 ; elapsed = 00:00:00.004 . Memory (MB): peak = 927.250 ; gain = 0.000
INFO: [Project 1-111] Unisim Transformation Summary:
No Unisim elements were transformed.

Netlist sorting complete. Time (s): cpu = 00:00:00 ; elapsed = 00:00:00.004 . Memory (MB): peak = 927.250 ; gain = 0.000
Constraint Validation Runtime : Time (s): cpu = 00:00:00 ; elapsed = 00:00:00.026 . Memory (MB): peak = 927.250 ; gain = 0.000
---------------------------------------------------------------------------------
Finished Constraint Validation : Time (s): cpu = 00:00:17 ; elapsed = 00:00:19 . Memory (MB): peak = 927.250 ; gain = 636.820
---------------------------------------------------------------------------------
---------------------------------------------------------------------------------
Start Loading Part and Timing Information
---------------------------------------------------------------------------------
Loading part: xc7z020clg400-2
---------------------------------------------------------------------------------
Finished Loading Part and Timing Information : Time (s): cpu = 00:00:17 ; elapsed = 00:00:19 . Memory (MB): peak = 927.250 ; gain = 636.820
---------------------------------------------------------------------------------
---------------------------------------------------------------------------------
Start Applying 'set_property' XDC Constraints
---------------------------------------------------------------------------------
Applied set_property IO_BUFFER_TYPE = NONE for sys_clk. (constraint file  c:/Users/zhangtao/Desktop/PQM/FPGA/prj/PQM.srcs/sources_1/ip/clk_wiz_0/clk_wiz_0/clk_wiz_0_in_context.xdc, line 5).
Applied set_property CLOCK_BUFFER_TYPE = NONE for sys_clk. (constraint file  c:/Users/zhangtao/Desktop/PQM/FPGA/prj/PQM.srcs/sources_1/ip/clk_wiz_0/clk_wiz_0/clk_wiz_0_in_context.xdc, line 6).
Applied set_property DONT_TOUCH = true for u_clk_wiz_0. (constraint file  auto generated constraint, line ).
Applied set_property DONT_TOUCH = true for u_lcd_rgb_char/u_lcd_display/u_font_16x32. (constraint file  auto generated constraint, line ).
Applied set_property DONT_TOUCH = true for u_lcd_rgb_char/u_lcd_display/u_font_10x20. (constraint file  auto generated constraint, line ).
Applied set_property DONT_TOUCH = true for u_lcd_rgb_char/u_lcd_display/u_wave_frame_ram. (constraint file  auto generated constraint, line ).
---------------------------------------------------------------------------------
Finished applying 'set_property' XDC Constraints : Time (s): cpu = 00:00:17 ; elapsed = 00:00:19 . Memory (MB): peak = 927.250 ; gain = 636.820
---------------------------------------------------------------------------------
INFO: [Synth 8-802] inferred FSM for state register 'cur_state_reg' in module 'i2c_dri'
INFO: [Synth 8-5546] ROM "dri_clk" won't be mapped to RAM because it is too sparse
INFO: [Synth 8-5546] ROM "scl" won't be mapped to RAM because it is too sparse
INFO: [Synth 8-5546] ROM "scl" won't be mapped to RAM because it is too sparse
INFO: [Synth 8-5587] ROM size for "scl" is below threshold of ROM address width. It will be mapped to LUTs
INFO: [Synth 8-5587] ROM size for "scl" is below threshold of ROM address width. It will be mapped to LUTs
INFO: [Synth 8-5546] ROM "sda_out" won't be mapped to RAM because it is too sparse
INFO: [Synth 8-5546] ROM "sda_out" won't be mapped to RAM because it is too sparse
INFO: [Synth 8-5587] ROM size for "sda_out" is below threshold of ROM address width. It will be mapped to LUTs
INFO: [Synth 8-5587] ROM size for "sda_out" is below threshold of ROM address width. It will be mapped to LUTs
INFO: [Synth 8-5546] ROM "sda_dir" won't be mapped to RAM because it is too sparse
INFO: [Synth 8-5546] ROM "sda_dir" won't be mapped to RAM because it is too sparse
INFO: [Synth 8-5546] ROM "sda_dir" won't be mapped to RAM because it is too sparse
INFO: [Synth 8-5546] ROM "sda_dir" won't be mapped to RAM because it is too sparse
INFO: [Synth 8-5546] ROM "sda_dir" won't be mapped to RAM because it is too sparse
INFO: [Synth 8-5546] ROM "i2c_done" won't be mapped to RAM because it is too sparse
INFO: [Synth 8-5546] ROM "ack" won't be mapped to RAM because it is too sparse
INFO: [Synth 8-5546] ROM "ack" won't be mapped to RAM because it is too sparse
INFO: [Synth 8-5546] ROM "ack" won't be mapped to RAM because it is too sparse
INFO: [Synth 8-5546] ROM "st_done" won't be mapped to RAM because it is too sparse
INFO: [Synth 8-5546] ROM "st_done" won't be mapped to RAM because it is too sparse
INFO: [Synth 8-5546] ROM "st_done" won't be mapped to RAM because it is too sparse
INFO: [Synth 8-5546] ROM "st_done" won't be mapped to RAM because it is too sparse
INFO: [Synth 8-5546] ROM "st_done" won't be mapped to RAM because it is too sparse
INFO: [Synth 8-5546] ROM "once_byte_done" won't be mapped to RAM because it is too sparse
INFO: [Synth 8-5546] ROM "once_byte_done" won't be mapped to RAM because it is too sparse
INFO: [Synth 8-5546] ROM "data_r" won't be mapped to RAM because it is too sparse
INFO: [Synth 8-5546] ROM "data_wr_t" won't be mapped to RAM because it is too sparse
INFO: [Synth 8-5544] ROM "next_state" won't be mapped to Block RAM because address size (1) smaller than threshold (5)
INFO: [Synth 8-5544] ROM "next_state" won't be mapped to Block RAM because address size (1) smaller than threshold (5)
INFO: [Synth 8-5544] ROM "next_state" won't be mapped to Block RAM because address size (1) smaller than threshold (5)
INFO: [Synth 8-5544] ROM "next_state" won't be mapped to Block RAM because address size (1) smaller than threshold (5)
INFO: [Synth 8-5544] ROM "next_state" won't be mapped to Block RAM because address size (1) smaller than threshold (5)
INFO: [Synth 8-5544] ROM "next_state" won't be mapped to Block RAM because address size (1) smaller than threshold (5)
INFO: [Synth 8-5544] ROM "next_state" won't be mapped to Block RAM because address size (1) smaller than threshold (5)
INFO: [Synth 8-5544] ROM "next_state" won't be mapped to Block RAM because address size (1) smaller than threshold (5)
INFO: [Synth 8-802] inferred FSM for state register 'cur_state_reg' in module 'touch_dri'
INFO: [Synth 8-5546] ROM "cnt_time_en" won't be mapped to RAM because it is too sparse
INFO: [Synth 8-5544] ROM "cnt_time_en" won't be mapped to Block RAM because address size (4) smaller than threshold (5)
INFO: [Synth 8-5544] ROM "touch_s_reg" won't be mapped to Block RAM because address size (4) smaller than threshold (5)
INFO: [Synth 8-5546] ROM "flow_cnt" won't be mapped to RAM because it is too sparse
INFO: [Synth 8-5546] ROM "flow_cnt" won't be mapped to RAM because it is too sparse
INFO: [Synth 8-5546] ROM "touch_int_out" won't be mapped to RAM because it is too sparse
INFO: [Synth 8-5544] ROM "slave_addr" won't be mapped to Block RAM because address size (4) smaller than threshold (5)
INFO: [Synth 8-5544] ROM "i2c_exec" won't be mapped to Block RAM because address size (4) smaller than threshold (5)
INFO: [Synth 8-5544] ROM "i2c_exec" won't be mapped to Block RAM because address size (4) smaller than threshold (5)
INFO: [Synth 8-5544] ROM "i2c_exec" won't be mapped to Block RAM because address size (4) smaller than threshold (5)
INFO: [Synth 8-5544] ROM "i2c_data_w" won't be mapped to Block RAM because address size (4) smaller than threshold (5)
INFO: [Synth 8-5544] ROM "touch_valid" won't be mapped to Block RAM because address size (4) smaller than threshold (5)
INFO: [Synth 8-5546] ROM "tp_x_coord" won't be mapped to RAM because it is too sparse
INFO: [Synth 8-5546] ROM "touch_rst_n" won't be mapped to RAM because it is too sparse
INFO: [Synth 8-5544] ROM "next_state" won't be mapped to Block RAM because address size (1) smaller than threshold (5)
INFO: [Synth 8-5544] ROM "next_state" won't be mapped to Block RAM because address size (1) smaller than threshold (5)
INFO: [Synth 8-5544] ROM "next_state" won't be mapped to Block RAM because address size (1) smaller than threshold (5)
INFO: [Synth 8-5544] ROM "next_state" won't be mapped to Block RAM because address size (1) smaller than threshold (5)
INFO: [Synth 8-5544] ROM "next_state" won't be mapped to Block RAM because address size (1) smaller than threshold (5)
INFO: [Synth 8-5544] ROM "next_state" won't be mapped to Block RAM because address size (1) smaller than threshold (5)
INFO: [Synth 8-5544] ROM "next_state" won't be mapped to Block RAM because address size (1) smaller than threshold (5)
INFO: [Synth 8-4471] merging register 'click_state_reg' into 'click_pulse_reg' [C:/Users/zhangtao/Desktop/PQM/FPGA/rtl/lcd/touch/touch_state.v:96]
INFO: [Synth 8-4471] merging register 'press_time_ms_reg[15:0]' into 'hold_ms_cnt_reg[15:0]' [C:/Users/zhangtao/Desktop/PQM/FPGA/rtl/lcd/touch/touch_state.v:103]
INFO: [Synth 8-5818] HDL ADVISOR - The operator resource <adder> is shared. To prevent sharing consider applying a KEEP on the output of the operator [C:/Users/zhangtao/Desktop/PQM/FPGA/rtl/lcd/touch/touch_state.v:58]
INFO: [Synth 8-5818] HDL ADVISOR - The operator resource <adder> is shared. To prevent sharing consider applying a KEEP on the output of the operator [C:/Users/zhangtao/Desktop/PQM/FPGA/rtl/lcd/touch/touch_state.v:57]
INFO: [Synth 8-5545] ROM "press_time_ms" won't be mapped to RAM because address size (32) is larger than maximum supported(25)
INFO: [Synth 8-5545] ROM "ms_div_cnt" won't be mapped to RAM because address size (32) is larger than maximum supported(25)
INFO: [Synth 8-5546] ROM "cal_cnt" won't be mapped to RAM because it is too sparse
INFO: [Synth 8-5546] ROM "zero_code_valid" won't be mapped to RAM because it is too sparse
INFO: [Synth 8-5546] ROM "avg_code" won't be mapped to RAM because it is too sparse
INFO: [Synth 8-5818] HDL ADVISOR - The operator resource <adder> is shared. To prevent sharing consider applying a KEEP on the output of the operator [C:/Users/zhangtao/Desktop/PQM/FPGA/rtl/ADC_TEMP/adc_abs_voltage_calc.v:60]
INFO: [Synth 8-5546] ROM "bcd_data" won't be mapped to RAM because it is too sparse
INFO: [Synth 8-5545] ROM "busy" won't be mapped to RAM because address size (40) is larger than maximum supported(25)
INFO: [Synth 8-5546] ROM "busy" won't be mapped to RAM because it is too sparse
INFO: [Synth 8-5545] ROM "done" won't be mapped to RAM because address size (40) is larger than maximum supported(25)
INFO: [Synth 8-5818] HDL ADVISOR - The operator resource <adder> is shared. To prevent sharing consider applying a KEEP on the output of the operator [C:/Users/zhangtao/Desktop/PQM/FPGA/rtl/DataProcessor/signal_rms_calc.v:52]
INFO: [Synth 8-5546] ROM "sum_sq_latched" won't be mapped to RAM because it is too sparse
INFO: [Synth 8-5546] ROM "busy" won't be mapped to RAM because it is too sparse
INFO: [Synth 8-5546] ROM "busy" won't be mapped to RAM because it is too sparse
INFO: [Synth 8-5546] ROM "done" won't be mapped to RAM because it is too sparse
INFO: [Synth 8-5818] HDL ADVISOR - The operator resource <adder> is shared. To prevent sharing consider applying a KEEP on the output of the operator [C:/Users/zhangtao/Desktop/PQM/FPGA/rtl/DataProcessor/wave_frame_capture.v:234]
INFO: [Synth 8-5546] ROM "wave_y_hist_reg[0]" won't be mapped to RAM because it is too sparse
INFO: [Synth 8-5546] ROM "wave_y_hist_reg[1]" won't be mapped to RAM because it is too sparse
INFO: [Synth 8-5546] ROM "wave_y_hist_reg[2]" won't be mapped to RAM because it is too sparse
INFO: [Synth 8-5546] ROM "wave_y_hist_reg[3]" won't be mapped to RAM because it is too sparse
INFO: [Synth 8-5546] ROM "wave_y_hist_reg[4]" won't be mapped to RAM because it is too sparse
INFO: [Synth 8-5546] ROM "wave_y_hist_reg[5]" won't be mapped to RAM because it is too sparse
INFO: [Synth 8-5546] ROM "wave_y_hist_reg[6]" won't be mapped to RAM because it is too sparse
INFO: [Synth 8-5546] ROM "wave_y_hist_reg[7]" won't be mapped to RAM because it is too sparse
INFO: [Synth 8-5546] ROM "wave_y_hist_reg[8]" won't be mapped to RAM because it is too sparse
INFO: [Synth 8-5546] ROM "wave_y_hist_reg[9]" won't be mapped to RAM because it is too sparse
INFO: [Synth 8-5546] ROM "wave_y_hist_reg[10]" won't be mapped to RAM because it is too sparse
INFO: [Synth 8-5546] ROM "wave_y_hist_reg[11]" won't be mapped to RAM because it is too sparse
INFO: [Synth 8-5546] ROM "wave_y_hist_reg[12]" won't be mapped to RAM because it is too sparse
INFO: [Synth 8-5546] ROM "wave_y_hist_reg[13]" won't be mapped to RAM because it is too sparse
INFO: [Synth 8-5546] ROM "wave_y_hist_reg[14]" won't be mapped to RAM because it is too sparse
INFO: [Synth 8-5546] ROM "wave_y_hist_reg[15]" won't be mapped to RAM because it is too sparse
INFO: [Synth 8-5546] ROM "wave_y_hist_reg[16]" won't be mapped to RAM because it is too sparse
INFO: [Synth 8-5546] ROM "wave_y_hist_reg[17]" won't be mapped to RAM because it is too sparse
INFO: [Synth 8-5546] ROM "wave_y_hist_reg[18]" won't be mapped to RAM because it is too sparse
INFO: [Synth 8-5546] ROM "wave_y_hist_reg[19]" won't be mapped to RAM because it is too sparse
INFO: [Synth 8-5546] ROM "wave_y_hist_reg[20]" won't be mapped to RAM because it is too sparse
INFO: [Synth 8-5546] ROM "wave_y_hist_reg[21]" won't be mapped to RAM because it is too sparse
INFO: [Synth 8-5546] ROM "wave_y_hist_reg[22]" won't be mapped to RAM because it is too sparse
INFO: [Synth 8-5546] ROM "wave_y_hist_reg[23]" won't be mapped to RAM because it is too sparse
INFO: [Synth 8-5546] ROM "wave_y_hist_reg[24]" won't be mapped to RAM because it is too sparse
INFO: [Synth 8-5546] ROM "wave_y_hist_reg[25]" won't be mapped to RAM because it is too sparse
INFO: [Synth 8-5546] ROM "wave_y_hist_reg[26]" won't be mapped to RAM because it is too sparse
INFO: [Synth 8-5546] ROM "wave_y_hist_reg[27]" won't be mapped to RAM because it is too sparse
INFO: [Synth 8-5546] ROM "wave_y_hist_reg[28]" won't be mapped to RAM because it is too sparse
INFO: [Synth 8-5546] ROM "wave_y_hist_reg[29]" won't be mapped to RAM because it is too sparse
INFO: [Synth 8-5546] ROM "wave_y_hist_reg[30]" won't be mapped to RAM because it is too sparse
INFO: [Synth 8-5546] ROM "wave_y_hist_reg[31]" won't be mapped to RAM because it is too sparse
INFO: [Synth 8-5546] ROM "wave_y_hist_reg[32]" won't be mapped to RAM because it is too sparse
INFO: [Synth 8-5546] ROM "wave_y_hist_reg[33]" won't be mapped to RAM because it is too sparse
INFO: [Synth 8-5546] ROM "wave_y_hist_reg[34]" won't be mapped to RAM because it is too sparse
INFO: [Synth 8-5546] ROM "wave_y_hist_reg[35]" won't be mapped to RAM because it is too sparse
INFO: [Synth 8-5546] ROM "wave_y_hist_reg[36]" won't be mapped to RAM because it is too sparse
INFO: [Synth 8-5546] ROM "wave_y_hist_reg[37]" won't be mapped to RAM because it is too sparse
INFO: [Synth 8-5546] ROM "wave_y_hist_reg[38]" won't be mapped to RAM because it is too sparse
INFO: [Synth 8-5546] ROM "wave_y_hist_reg[39]" won't be mapped to RAM because it is too sparse
INFO: [Synth 8-5546] ROM "wave_y_hist_reg[40]" won't be mapped to RAM because it is too sparse
INFO: [Synth 8-5546] ROM "wave_y_hist_reg[41]" won't be mapped to RAM because it is too sparse
INFO: [Synth 8-5546] ROM "wave_y_hist_reg[42]" won't be mapped to RAM because it is too sparse
INFO: [Synth 8-5546] ROM "wave_y_hist_reg[43]" won't be mapped to RAM because it is too sparse
INFO: [Synth 8-5546] ROM "wave_y_hist_reg[44]" won't be mapped to RAM because it is too sparse
INFO: [Synth 8-5546] ROM "wave_y_hist_reg[45]" won't be mapped to RAM because it is too sparse
INFO: [Synth 8-5546] ROM "wave_y_hist_reg[46]" won't be mapped to RAM because it is too sparse
INFO: [Synth 8-5546] ROM "wave_y_hist_reg[47]" won't be mapped to RAM because it is too sparse
INFO: [Synth 8-5546] ROM "wave_y_hist_reg[48]" won't be mapped to RAM because it is too sparse
INFO: [Synth 8-5546] ROM "wave_y_hist_reg[49]" won't be mapped to RAM because it is too sparse
INFO: [Synth 8-5546] ROM "wave_y_hist_reg[50]" won't be mapped to RAM because it is too sparse
INFO: [Synth 8-5546] ROM "wave_y_hist_reg[51]" won't be mapped to RAM because it is too sparse
INFO: [Synth 8-5546] ROM "wave_y_hist_reg[52]" won't be mapped to RAM because it is too sparse
INFO: [Synth 8-5546] ROM "wave_y_hist_reg[53]" won't be mapped to RAM because it is too sparse
INFO: [Synth 8-5546] ROM "wave_y_hist_reg[54]" won't be mapped to RAM because it is too sparse
INFO: [Synth 8-5546] ROM "wave_y_hist_reg[55]" won't be mapped to RAM because it is too sparse
INFO: [Synth 8-5546] ROM "wave_y_hist_reg[56]" won't be mapped to RAM because it is too sparse
INFO: [Synth 8-5546] ROM "wave_y_hist_reg[57]" won't be mapped to RAM because it is too sparse
INFO: [Synth 8-5546] ROM "wave_y_hist_reg[58]" won't be mapped to RAM because it is too sparse
INFO: [Synth 8-5546] ROM "wave_y_hist_reg[59]" won't be mapped to RAM because it is too sparse
INFO: [Synth 8-5546] ROM "wave_y_hist_reg[60]" won't be mapped to RAM because it is too sparse
INFO: [Synth 8-5546] ROM "wave_y_hist_reg[61]" won't be mapped to RAM because it is too sparse
INFO: [Common 17-14] Message 'Synth 8-5546' appears 100 times and further instances of the messages will be disabled. Use the Tcl command set_msg_config to change the current settings.
INFO: [Synth 8-5544] ROM "text_color" won't be mapped to Block RAM because address size (1) smaller than threshold (5)
INFO: [Synth 8-5544] ROM "small_text_slot1" won't be mapped to Block RAM because address size (1) smaller than threshold (5)
INFO: [Synth 8-5544] ROM "small_text_slot2" won't be mapped to Block RAM because address size (1) smaller than threshold (5)
INFO: [Synth 8-5544] ROM "small_text_slot3" won't be mapped to Block RAM because address size (1) smaller than threshold (5)
INFO: [Synth 8-5544] ROM "small_text_slot4" won't be mapped to Block RAM because address size (1) smaller than threshold (5)
INFO: [Synth 8-5544] ROM "small_text_slot5" won't be mapped to Block RAM because address size (1) smaller than threshold (5)
INFO: [Synth 8-5544] ROM "small_text_slot6" won't be mapped to Block RAM because address size (1) smaller than threshold (5)
INFO: [Synth 8-5544] ROM "small_text_slot7" won't be mapped to Block RAM because address size (1) smaller than threshold (5)
---------------------------------------------------------------------------------------------------
                   State |                     New Encoding |                Previous Encoding 
---------------------------------------------------------------------------------------------------
*
                 st_idle |                         00000001 |                         00000001
               st_sladdr |                         00000010 |                         00000010
               st_addr16 |                         00000100 |                         00000100
                st_addr8 |                         00001000 |                         00001000
              st_data_wr |                         00010000 |                         00010000
              st_addr_rd |                         00100000 |                         00100000
              st_data_rd |                         01000000 |                         01000000
                 st_stop |                         10000000 |                         10000000
---------------------------------------------------------------------------------------------------
INFO: [Synth 8-3898] No Re-encoding of one hot register 'cur_state_reg' in module 'i2c_dri'
---------------------------------------------------------------------------------------------------
                   State |                     New Encoding |                Previous Encoding 
---------------------------------------------------------------------------------------------------
*
                 st_idle |                          0000001 |                          0000001
                 st_init |                          0000010 |                          0000010
               st_get_id |                          0000100 |                          0000100
              st_cfg_reg |                          0001000 |                          0001000
          st_check_touch |                          0010000 |                          0010000
            st_get_coord |                          0100000 |                          0100000
         st_coord_handle |                          1000000 |                          1000000
---------------------------------------------------------------------------------------------------
INFO: [Synth 8-3898] No Re-encoding of one hot register 'cur_state_reg' in module 'touch_dri'
