Copyright 1986-2018 Xilinx, Inc. All Rights Reserved.
------------------------------------------------------------------------------------------------------
| Tool Version : Vivado v.2018.3 (win64) Build 2405991 Thu Dec  6 23:38:27 MST 2018
| Date         : Wed Mar 25 00:17:05 2026
| Host         : DESKTOP-6DUCG5H running 64-bit major release  (build 9200)
| Command      : report_drc -file main_drc_routed.rpt -pb main_drc_routed.pb -rpx main_drc_routed.rpx
| Design       : main
| Device       : xc7z020clg400-2
| Speed File   : -2
| Design State : Fully Routed
------------------------------------------------------------------------------------------------------

Report DRC

Table of Contents
-----------------
1. REPORT SUMMARY
2. REPORT DETAILS

1. REPORT SUMMARY
-----------------
            Netlist: netlist
          Floorplan: design_1
      Design limits: <entire design considered>
           Ruledeck: default
             Max violations: <unlimited>
             Violations found: 24
+-----------+----------+---------------------------------+------------+
| Rule      | Severity | Description                     | Violations |
+-----------+----------+---------------------------------+------------+
| RPBF-3    | Warning  | IO port buffering is incomplete | 22         |
| RTSTAT-10 | Warning  | No routable loads               | 1          |
| ZPS7-1    | Warning  | PS7 block required              | 1          |
+-----------+----------+---------------------------------+------------+

2. REPORT DETAILS
-----------------
RPBF-3#1 Warning
IO port buffering is incomplete  
Device port lcd_rgb[0] expects both input and output buffering but the buffers are incomplete.
Related violations: <none>

RPBF-3#2 Warning
IO port buffering is incomplete  
Device port lcd_rgb[10] expects both input and output buffering but the buffers are incomplete.
Related violations: <none>

RPBF-3#3 Warning
IO port buffering is incomplete  
Device port lcd_rgb[11] expects both input and output buffering but the buffers are incomplete.
Related violations: <none>

RPBF-3#4 Warning
IO port buffering is incomplete  
Device port lcd_rgb[12] expects both input and output buffering but the buffers are incomplete.
Related violations: <none>

RPBF-3#5 Warning
IO port buffering is incomplete  
Device port lcd_rgb[13] expects both input and output buffering but the buffers are incomplete.
Related violations: <none>

RPBF-3#6 Warning
IO port buffering is incomplete  
Device port lcd_rgb[14] expects both input and output buffering but the buffers are incomplete.
Related violations: <none>

RPBF-3#7 Warning
IO port buffering is incomplete  
Device port lcd_rgb[16] expects both input and output buffering but the buffers are incomplete.
Related violations: <none>

RPBF-3#8 Warning
IO port buffering is incomplete  
Device port lcd_rgb[17] expects both input and output buffering but the buffers are incomplete.
Related violations: <none>

RPBF-3#9 Warning
IO port buffering is incomplete  
Device port lcd_rgb[18] expects both input and output buffering but the buffers are incomplete.
Related violations: <none>

RPBF-3#10 Warning
IO port buffering is incomplete  
Device port lcd_rgb[19] expects both input and output buffering but the buffers are incomplete.
Related violations: <none>

RPBF-3#11 Warning
IO port buffering is incomplete  
Device port lcd_rgb[1] expects both input and output buffering but the buffers are incomplete.
Related violations: <none>

RPBF-3#12 Warning
IO port buffering is incomplete  
Device port lcd_rgb[20] expects both input and output buffering but the buffers are incomplete.
Related violations: <none>

RPBF-3#13 Warning
IO port buffering is incomplete  
Device port lcd_rgb[21] expects both input and output buffering but the buffers are incomplete.
Related violations: <none>

RPBF-3#14 Warning
IO port buffering is incomplete  
Device port lcd_rgb[22] expects both input and output buffering but the buffers are incomplete.
Related violations: <none>

RPBF-3#15 Warning
IO port buffering is incomplete  
Device port lcd_rgb[2] expects both input and output buffering but the buffers are incomplete.
Related violations: <none>

RPBF-3#16 Warning
IO port buffering is incomplete  
Device port lcd_rgb[3] expects both input and output buffering but the buffers are incomplete.
Related violations: <none>

RPBF-3#17 Warning
IO port buffering is incomplete  
Device port lcd_rgb[4] expects both input and output buffering but the buffers are incomplete.
Related violations: <none>

RPBF-3#18 Warning
IO port buffering is incomplete  
Device port lcd_rgb[5] expects both input and output buffering but the buffers are incomplete.
Related violations: <none>

RPBF-3#19 Warning
IO port buffering is incomplete  
Device port lcd_rgb[6] expects both input and output buffering but the buffers are incomplete.
Related violations: <none>

RPBF-3#20 Warning
IO port buffering is incomplete  
Device port lcd_rgb[8] expects both input and output buffering but the buffers are incomplete.
Related violations: <none>

RPBF-3#21 Warning
IO port buffering is incomplete  
Device port lcd_rgb[9] expects both input and output buffering but the buffers are incomplete.
Related violations: <none>

RPBF-3#22 Warning
IO port buffering is incomplete  
Device port touch_int expects both input and output buffering but the buffers are incomplete.
Related violations: <none>

RTSTAT-10#1 Warning
No routable loads  
25 net(s) have no routable loads. The problem bus(es) and/or net(s) are dbg_hub/inst/BSCANID.u_xsdbm_id/CORE_XSDB.UUT_MASTER/U_ICON_INTERFACE/U_CMD6_RD/U_RD_FIFO/SUBCORE_FIFO.xsdbm_v3_0_0_rdfifo_inst/inst_fifo_gen/gconvfifo.rf/grf.rf/gntv_or_sync_fifo.gl0.rd/gr1.gr1_int.rfwft/aempty_fwft_i, dbg_hub/inst/BSCANID.u_xsdbm_id/CORE_XSDB.UUT_MASTER/U_ICON_INTERFACE/U_CMD7_CTL/ctl_reg[2:0], dbg_hub/inst/BSCANID.u_xsdbm_id/CORE_XSDB.UUT_MASTER/U_ICON_INTERFACE/U_CMD7_CTL/ctl_reg_en_2[1], dbg_hub/inst/BSCANID.u_xsdbm_id/CORE_XSDB.UUT_MASTER/U_ICON_INTERFACE/U_CMD1/ctl_reg_en_2[1], dbg_hub/inst/BSCANID.u_xsdbm_id/SWITCH_N_EXT_BSCAN.bscan_switch/m_bscan_capture[0], dbg_hub/inst/BSCANID.u_xsdbm_id/SWITCH_N_EXT_BSCAN.bscan_switch/m_bscan_drck[0], dbg_hub/inst/BSCANID.u_xsdbm_id/SWITCH_N_EXT_BSCAN.bscan_switch/m_bscan_runtest[0], dbg_hub/inst/BSCANID.u_xsdbm_id/CORE_XSDB.UUT_MASTER/U_ICON_INTERFACE/U_CMD6_WR/U_WR_FIFO/SUBCORE_FIFO.xsdbm_v3_0_0_wrfifo_inst/inst_fifo_gen/gconvfifo.rf/grf.rf/gntv_or_sync_fifo.gl0.wr/gwhf.whf/overflow, dbg_hub/inst/BSCANID.u_xsdbm_id/CORE_XSDB.UUT_MASTER/U_ICON_INTERFACE/U_CMD6_RD/U_RD_FIFO/SUBCORE_FIFO.xsdbm_v3_0_0_rdfifo_inst/inst_fifo_gen/gconvfifo.rf/grf.rf/gntv_or_sync_fifo.gl0.wr/gwhf.whf/overflow, dbg_hub/inst/BSCANID.u_xsdbm_id/CORE_XSDB.UUT_MASTER/U_ICON_INTERFACE/U_CMD6_RD/U_RD_FIFO/SUBCORE_FIFO.xsdbm_v3_0_0_rdfifo_inst/inst_fifo_gen/gconvfifo.rf/grf.rf/gntv_or_sync_fifo.gl0.rd/gras.rsts/ram_empty_i, dbg_hub/inst/BSCANID.u_xsdbm_id/CORE_XSDB.UUT_MASTER/U_ICON_INTERFACE/U_CMD6_WR/U_WR_FIFO/SUBCORE_FIFO.xsdbm_v3_0_0_wrfifo_inst/inst_fifo_gen/gconvfifo.rf/grf.rf/gntv_or_sync_fifo.gl0.wr/gwas.wsts/ram_full_i, dbg_hub/inst/BSCANID.u_xsdbm_id/CORE_XSDB.UUT_MASTER/U_ICON_INTERFACE/U_CMD6_WR/U_WR_FIFO/SUBCORE_FIFO.xsdbm_v3_0_0_wrfifo_inst/inst_fifo_gen/gconvfifo.rf/grf.rf/rstblk/rd_rst_reg[0], dbg_hub/inst/BSCANID.u_xsdbm_id/SWITCH_N_EXT_BSCAN.bscan_inst/s_bscan_tms, u_adc/u_ila_0/inst/ila_core_inst/u_ila_regs/U_XSDB_SLAVE/s_daddr_o[13], u_adc/u_ila_0/inst/ila_core_inst/u_ila_regs/U_XSDB_SLAVE/s_daddr_o[14] (the first 15 of 23 listed).
Related violations: <none>

ZPS7-1#1 Warning
PS7 block required  
The PS7 cell must be used in this Zynq design in order to enable correct default configuration.
Related violations: <none>


