Copyright 1986-2018 Xilinx, Inc. All Rights Reserved.
--------------------------------------------------------------------------------------------------------------------------------------------------
| Tool Version : Vivado v.2018.3 (win64) Build 2405991 Thu Dec  6 23:38:27 MST 2018
| Date         : Wed Apr  1 00:54:57 2026
| Host         : DESKTOP-6DUCG5H running 64-bit major release  (build 9200)
| Command      : report_methodology -file main_methodology_drc_routed.rpt -pb main_methodology_drc_routed.pb -rpx main_methodology_drc_routed.rpx
| Design       : main
| Device       : xc7z020clg400-2
| Speed File   : -2
| Design State : Fully Routed
--------------------------------------------------------------------------------------------------------------------------------------------------

Report Methodology

Table of Contents
-----------------
1. REPORT SUMMARY
2. REPORT DETAILS

1. REPORT SUMMARY
-----------------
            Netlist: netlist
          Floorplan: design_1
      Design limits: <entire design considered>
             Max violations: <unlimited>
             Violations found: 512
+-----------+----------+----------------------------------------------------+------------+
| Rule      | Severity | Description                                        | Violations |
+-----------+----------+----------------------------------------------------+------------+
| LUTAR-1   | Warning  | LUT drives async reset alert                       | 6          |
| PDRC-190  | Warning  | Suboptimally placed synchronized register chain    | 10         |
| TIMING-4  | Warning  | Invalid primary clock redefinition on a clock tree | 1          |
| TIMING-14 | Warning  | LUT on the clock tree                              | 3          |
| TIMING-17 | Warning  | Non-clocked sequential cell                        | 442        |
| TIMING-18 | Warning  | Missing input or output delay                      | 49         |
| TIMING-27 | Warning  | Invalid primary clock on hierarchical pin          | 1          |
+-----------+----------+----------------------------------------------------+------------+

2. REPORT DETAILS
-----------------
LUTAR-1#1 Warning
LUT drives async reset alert  
LUT cell adc_start_i_2, with 2 or more inputs, drives asynchronous preset/clear pin(s) adc_idle_seen_reg/CLR, adc_start_reg/CLR, adc_startup_wait_cnt_reg[0]/CLR, adc_startup_wait_cnt_reg[10]/CLR, adc_startup_wait_cnt_reg[11]/CLR, adc_startup_wait_cnt_reg[12]/CLR, adc_startup_wait_cnt_reg[13]/CLR, adc_startup_wait_cnt_reg[14]/CLR, adc_startup_wait_cnt_reg[15]/CLR, adc_startup_wait_cnt_reg[1]/CLR, adc_startup_wait_cnt_reg[2]/CLR, adc_startup_wait_cnt_reg[3]/CLR, adc_startup_wait_cnt_reg[4]/CLR, adc_startup_wait_cnt_reg[5]/CLR, adc_startup_wait_cnt_reg[6]/CLR (the first 15 of 18 listed). The LUT may glitch and trigger an unexpected reset, even if it is a properly timed path.
Related violations: <none>

LUTAR-1#2 Warning
LUT drives async reset alert  
LUT cell dbg_hub/inst/BSCANID.u_xsdbm_id/CORE_XSDB.UUT_MASTER/U_ICON_INTERFACE/U_CMD6_RD/U_RD_FIFO/SUBCORE_FIFO.xsdbm_v3_0_0_rdfifo_inst/inst_fifo_gen/gconvfifo.rf/grf.rf/rstblk/ngwrdrst.grst.g7serrst.gwrrd_rst_sync_stage[2].rrst_inst/ngwrdrst.grst.g7serrst.rd_rst_reg[2]_i_1, with 2 or more inputs, drives asynchronous preset/clear pin(s) dbg_hub/inst/BSCANID.u_xsdbm_id/CORE_XSDB.UUT_MASTER/U_ICON_INTERFACE/U_CMD6_RD/U_RD_FIFO/SUBCORE_FIFO.xsdbm_v3_0_0_rdfifo_inst/inst_fifo_gen/gconvfifo.rf/grf.rf/rstblk/ngwrdrst.grst.g7serrst.rd_rst_reg_reg[0]/PRE, dbg_hub/inst/BSCANID.u_xsdbm_id/CORE_XSDB.UUT_MASTER/U_ICON_INTERFACE/U_CMD6_RD/U_RD_FIFO/SUBCORE_FIFO.xsdbm_v3_0_0_rdfifo_inst/inst_fifo_gen/gconvfifo.rf/grf.rf/rstblk/ngwrdrst.grst.g7serrst.rd_rst_reg_reg[1]/PRE, dbg_hub/inst/BSCANID.u_xsdbm_id/CORE_XSDB.UUT_MASTER/U_ICON_INTERFACE/U_CMD6_RD/U_RD_FIFO/SUBCORE_FIFO.xsdbm_v3_0_0_rdfifo_inst/inst_fifo_gen/gconvfifo.rf/grf.rf/rstblk/ngwrdrst.grst.g7serrst.rd_rst_reg_reg[2]/PRE. The LUT may glitch and trigger an unexpected reset, even if it is a properly timed path.
Related violations: <none>

LUTAR-1#3 Warning
LUT drives async reset alert  
LUT cell dbg_hub/inst/BSCANID.u_xsdbm_id/CORE_XSDB.UUT_MASTER/U_ICON_INTERFACE/U_CMD6_RD/U_RD_FIFO/SUBCORE_FIFO.xsdbm_v3_0_0_rdfifo_inst/inst_fifo_gen/gconvfifo.rf/grf.rf/rstblk/ngwrdrst.grst.g7serrst.gwrrd_rst_sync_stage[2].wrst_inst/ngwrdrst.grst.g7serrst.wr_rst_reg[2]_i_1, with 2 or more inputs, drives asynchronous preset/clear pin(s) dbg_hub/inst/BSCANID.u_xsdbm_id/CORE_XSDB.UUT_MASTER/U_ICON_INTERFACE/U_CMD6_RD/U_RD_FIFO/SUBCORE_FIFO.xsdbm_v3_0_0_rdfifo_inst/inst_fifo_gen/gconvfifo.rf/grf.rf/rstblk/ngwrdrst.grst.g7serrst.wr_rst_reg_reg[0]/PRE, dbg_hub/inst/BSCANID.u_xsdbm_id/CORE_XSDB.UUT_MASTER/U_ICON_INTERFACE/U_CMD6_RD/U_RD_FIFO/SUBCORE_FIFO.xsdbm_v3_0_0_rdfifo_inst/inst_fifo_gen/gconvfifo.rf/grf.rf/rstblk/ngwrdrst.grst.g7serrst.wr_rst_reg_reg[1]/PRE, dbg_hub/inst/BSCANID.u_xsdbm_id/CORE_XSDB.UUT_MASTER/U_ICON_INTERFACE/U_CMD6_RD/U_RD_FIFO/SUBCORE_FIFO.xsdbm_v3_0_0_rdfifo_inst/inst_fifo_gen/gconvfifo.rf/grf.rf/rstblk/ngwrdrst.grst.g7serrst.wr_rst_reg_reg[2]/PRE. The LUT may glitch and trigger an unexpected reset, even if it is a properly timed path.
Related violations: <none>

LUTAR-1#4 Warning
LUT drives async reset alert  
LUT cell dbg_hub/inst/BSCANID.u_xsdbm_id/CORE_XSDB.UUT_MASTER/U_ICON_INTERFACE/U_CMD6_WR/U_WR_FIFO/SUBCORE_FIFO.xsdbm_v3_0_0_wrfifo_inst/inst_fifo_gen/gconvfifo.rf/grf.rf/rstblk/ngwrdrst.grst.g7serrst.gwrrd_rst_sync_stage[2].rrst_inst/ngwrdrst.grst.g7serrst.rd_rst_reg[2]_i_1, with 2 or more inputs, drives asynchronous preset/clear pin(s) dbg_hub/inst/BSCANID.u_xsdbm_id/CORE_XSDB.UUT_MASTER/U_ICON_INTERFACE/U_CMD6_WR/U_WR_FIFO/SUBCORE_FIFO.xsdbm_v3_0_0_wrfifo_inst/inst_fifo_gen/gconvfifo.rf/grf.rf/rstblk/ngwrdrst.grst.g7serrst.rd_rst_reg_reg[0]/PRE, dbg_hub/inst/BSCANID.u_xsdbm_id/CORE_XSDB.UUT_MASTER/U_ICON_INTERFACE/U_CMD6_WR/U_WR_FIFO/SUBCORE_FIFO.xsdbm_v3_0_0_wrfifo_inst/inst_fifo_gen/gconvfifo.rf/grf.rf/rstblk/ngwrdrst.grst.g7serrst.rd_rst_reg_reg[1]/PRE, dbg_hub/inst/BSCANID.u_xsdbm_id/CORE_XSDB.UUT_MASTER/U_ICON_INTERFACE/U_CMD6_WR/U_WR_FIFO/SUBCORE_FIFO.xsdbm_v3_0_0_wrfifo_inst/inst_fifo_gen/gconvfifo.rf/grf.rf/rstblk/ngwrdrst.grst.g7serrst.rd_rst_reg_reg[2]/PRE. The LUT may glitch and trigger an unexpected reset, even if it is a properly timed path.
Related violations: <none>

LUTAR-1#5 Warning
LUT drives async reset alert  
LUT cell dbg_hub/inst/BSCANID.u_xsdbm_id/CORE_XSDB.UUT_MASTER/U_ICON_INTERFACE/U_CMD6_WR/U_WR_FIFO/SUBCORE_FIFO.xsdbm_v3_0_0_wrfifo_inst/inst_fifo_gen/gconvfifo.rf/grf.rf/rstblk/ngwrdrst.grst.g7serrst.gwrrd_rst_sync_stage[2].wrst_inst/ngwrdrst.grst.g7serrst.wr_rst_reg[2]_i_1, with 2 or more inputs, drives asynchronous preset/clear pin(s) dbg_hub/inst/BSCANID.u_xsdbm_id/CORE_XSDB.UUT_MASTER/U_ICON_INTERFACE/U_CMD6_WR/U_WR_FIFO/SUBCORE_FIFO.xsdbm_v3_0_0_wrfifo_inst/inst_fifo_gen/gconvfifo.rf/grf.rf/rstblk/ngwrdrst.grst.g7serrst.wr_rst_reg_reg[0]/PRE, dbg_hub/inst/BSCANID.u_xsdbm_id/CORE_XSDB.UUT_MASTER/U_ICON_INTERFACE/U_CMD6_WR/U_WR_FIFO/SUBCORE_FIFO.xsdbm_v3_0_0_wrfifo_inst/inst_fifo_gen/gconvfifo.rf/grf.rf/rstblk/ngwrdrst.grst.g7serrst.wr_rst_reg_reg[1]/PRE, dbg_hub/inst/BSCANID.u_xsdbm_id/CORE_XSDB.UUT_MASTER/U_ICON_INTERFACE/U_CMD6_WR/U_WR_FIFO/SUBCORE_FIFO.xsdbm_v3_0_0_wrfifo_inst/inst_fifo_gen/gconvfifo.rf/grf.rf/rstblk/ngwrdrst.grst.g7serrst.wr_rst_reg_reg[2]/PRE. The LUT may glitch and trigger an unexpected reset, even if it is a properly timed path.
Related violations: <none>

LUTAR-1#6 Warning
LUT drives async reset alert  
LUT cell u_AD7606_Parallel_DRIVER_i_1, with 2 or more inputs, drives asynchronous preset/clear pin(s) u_AD7606_Parallel_DRIVER/ch1_data_reg[0]/CLR, u_AD7606_Parallel_DRIVER/ch1_data_reg[10]/CLR, u_AD7606_Parallel_DRIVER/ch1_data_reg[11]/CLR, u_AD7606_Parallel_DRIVER/ch1_data_reg[12]/CLR, u_AD7606_Parallel_DRIVER/ch1_data_reg[13]/CLR, u_AD7606_Parallel_DRIVER/ch1_data_reg[14]/CLR, u_AD7606_Parallel_DRIVER/ch1_data_reg[15]/CLR, u_AD7606_Parallel_DRIVER/ch1_data_reg[1]/CLR, u_AD7606_Parallel_DRIVER/ch1_data_reg[2]/CLR, u_AD7606_Parallel_DRIVER/ch1_data_reg[3]/CLR, u_AD7606_Parallel_DRIVER/ch1_data_reg[4]/CLR, u_AD7606_Parallel_DRIVER/ch1_data_reg[5]/CLR, u_AD7606_Parallel_DRIVER/ch1_data_reg[6]/CLR, u_AD7606_Parallel_DRIVER/ch1_data_reg[7]/CLR, u_AD7606_Parallel_DRIVER/ch1_data_reg[8]/CLR (the first 15 of 305 listed). The LUT may glitch and trigger an unexpected reset, even if it is a properly timed path.
Related violations: <none>

PDRC-190#1 Warning
Suboptimally placed synchronized register chain  
The FDRE cell dbg_hub/inst/BSCANID.u_xsdbm_id/CORE_XSDB.UUT_MASTER/U_ICON_INTERFACE/U_CMD2/stat_reg_reg[0] in site SLICE_X48Y10 is part of a synchronized register chain that is suboptimally placed as the load FDRE cell dbg_hub/inst/BSCANID.u_xsdbm_id/CORE_XSDB.UUT_MASTER/U_ICON_INTERFACE/U_CMD2/stat_reg_1_reg[0] is not placed in the same (SLICE) site.
Related violations: <none>

PDRC-190#2 Warning
Suboptimally placed synchronized register chain  
The FDRE cell dbg_hub/inst/BSCANID.u_xsdbm_id/CORE_XSDB.UUT_MASTER/U_ICON_INTERFACE/U_CMD2/stat_reg_reg[1] in site SLICE_X47Y7 is part of a synchronized register chain that is suboptimally placed as the load FDRE cell dbg_hub/inst/BSCANID.u_xsdbm_id/CORE_XSDB.UUT_MASTER/U_ICON_INTERFACE/U_CMD2/stat_reg_1_reg[1] is not placed in the same (SLICE) site.
Related violations: <none>

PDRC-190#3 Warning
Suboptimally placed synchronized register chain  
The FDRE cell dbg_hub/inst/BSCANID.u_xsdbm_id/CORE_XSDB.UUT_MASTER/U_ICON_INTERFACE/U_CMD2/stat_reg_reg[2] in site SLICE_X48Y6 is part of a synchronized register chain that is suboptimally placed as the load FDRE cell dbg_hub/inst/BSCANID.u_xsdbm_id/CORE_XSDB.UUT_MASTER/U_ICON_INTERFACE/U_CMD2/stat_reg_1_reg[2] is not placed in the same (SLICE) site.
Related violations: <none>

PDRC-190#4 Warning
Suboptimally placed synchronized register chain  
The FDRE cell dbg_hub/inst/BSCANID.u_xsdbm_id/CORE_XSDB.UUT_MASTER/U_ICON_INTERFACE/U_CMD2/stat_reg_reg[3] in site SLICE_X48Y8 is part of a synchronized register chain that is suboptimally placed as the load FDRE cell dbg_hub/inst/BSCANID.u_xsdbm_id/CORE_XSDB.UUT_MASTER/U_ICON_INTERFACE/U_CMD2/stat_reg_1_reg[3] is not placed in the same (SLICE) site.
Related violations: <none>

PDRC-190#5 Warning
Suboptimally placed synchronized register chain  
The FDRE cell dbg_hub/inst/BSCANID.u_xsdbm_id/CORE_XSDB.UUT_MASTER/U_ICON_INTERFACE/U_CMD3/stat_reg_reg[0] in site SLICE_X49Y7 is part of a synchronized register chain that is suboptimally placed as the load FDRE cell dbg_hub/inst/BSCANID.u_xsdbm_id/CORE_XSDB.UUT_MASTER/U_ICON_INTERFACE/U_CMD3/stat_reg_1_reg[0] is not placed in the same (SLICE) site.
Related violations: <none>

PDRC-190#6 Warning
Suboptimally placed synchronized register chain  
The FDRE cell dbg_hub/inst/BSCANID.u_xsdbm_id/CORE_XSDB.UUT_MASTER/U_ICON_INTERFACE/U_CMD3/stat_reg_reg[1] in site SLICE_X49Y10 is part of a synchronized register chain that is suboptimally placed as the load FDRE cell dbg_hub/inst/BSCANID.u_xsdbm_id/CORE_XSDB.UUT_MASTER/U_ICON_INTERFACE/U_CMD3/stat_reg_1_reg[1] is not placed in the same (SLICE) site.
Related violations: <none>

PDRC-190#7 Warning
Suboptimally placed synchronized register chain  
The FDRE cell dbg_hub/inst/BSCANID.u_xsdbm_id/CORE_XSDB.UUT_MASTER/U_ICON_INTERFACE/U_CMD3/stat_reg_reg[2] in site SLICE_X50Y8 is part of a synchronized register chain that is suboptimally placed as the load FDRE cell dbg_hub/inst/BSCANID.u_xsdbm_id/CORE_XSDB.UUT_MASTER/U_ICON_INTERFACE/U_CMD3/stat_reg_1_reg[2] is not placed in the same (SLICE) site.
Related violations: <none>

PDRC-190#8 Warning
Suboptimally placed synchronized register chain  
The FDRE cell dbg_hub/inst/BSCANID.u_xsdbm_id/CORE_XSDB.UUT_MASTER/U_ICON_INTERFACE/U_CMD7_STAT/stat_reg_reg[0] in site SLICE_X52Y7 is part of a synchronized register chain that is suboptimally placed as the load FDRE cell dbg_hub/inst/BSCANID.u_xsdbm_id/CORE_XSDB.UUT_MASTER/U_ICON_INTERFACE/U_CMD7_STAT/stat_reg_1_reg[0] is not placed in the same (SLICE) site.
Related violations: <none>

PDRC-190#9 Warning
Suboptimally placed synchronized register chain  
The FDRE cell dbg_hub/inst/BSCANID.u_xsdbm_id/CORE_XSDB.UUT_MASTER/U_ICON_INTERFACE/U_CMD7_STAT/stat_reg_reg[1] in site SLICE_X54Y8 is part of a synchronized register chain that is suboptimally placed as the load FDRE cell dbg_hub/inst/BSCANID.u_xsdbm_id/CORE_XSDB.UUT_MASTER/U_ICON_INTERFACE/U_CMD7_STAT/stat_reg_1_reg[1] is not placed in the same (SLICE) site.
Related violations: <none>

PDRC-190#10 Warning
Suboptimally placed synchronized register chain  
The FDRE cell dbg_hub/inst/BSCANID.u_xsdbm_id/CORE_XSDB.UUT_MASTER/U_ICON_INTERFACE/U_CMD7_STAT/stat_reg_reg[2] in site SLICE_X55Y8 is part of a synchronized register chain that is suboptimally placed as the load FDRE cell dbg_hub/inst/BSCANID.u_xsdbm_id/CORE_XSDB.UUT_MASTER/U_ICON_INTERFACE/U_CMD7_STAT/stat_reg_1_reg[2] is not placed in the same (SLICE) site.
Related violations: <none>

TIMING-4#1 Warning
Invalid primary clock redefinition on a clock tree  
Invalid clock redefinition on a clock tree. The primary clock u_clk_wiz_0/inst/clk_in1 is defined downstream of clock sys_clk and overrides its insertion delay and/or waveform definition
Related violations: <none>

TIMING-14#1 Warning
LUT on the clock tree  
The LUT u_lcd_rgb_char/u_rd_id/lcd_clk_OBUF_BUFG_inst_i_1 has been found on the clock tree. Run opt_design to optimize the clock trees, then re-run report_methodology. If LUT(s) are still present in the clock trees, modify the RTL or the synthesis options accordingly to move the clock gating logic to dedicated clock enable resources. Keep in mind that post-opt_design database cannot be used for pin-planning tasks
Related violations: <none>

TIMING-14#2 Warning
LUT on the clock tree  
The LUT u_lcd_rgb_char/u_rd_id/lcd_clk_OBUF_BUFG_inst_i_3 has been found on the clock tree. Run opt_design to optimize the clock trees, then re-run report_methodology. If LUT(s) are still present in the clock trees, modify the RTL or the synthesis options accordingly to move the clock gating logic to dedicated clock enable resources. Keep in mind that post-opt_design database cannot be used for pin-planning tasks
Related violations: <none>

TIMING-14#3 Warning
LUT on the clock tree  
The LUT u_lcd_rgb_char/u_rd_id/lcd_clk_OBUF_BUFG_inst_i_6 has been found on the clock tree. Run opt_design to optimize the clock trees, then re-run report_methodology. If LUT(s) are still present in the clock trees, modify the RTL or the synthesis options accordingly to move the clock gating logic to dedicated clock enable resources. Keep in mind that post-opt_design database cannot be used for pin-planning tasks
Related violations: <none>

TIMING-17#1 Warning
Non-clocked sequential cell  
The clock pin u_touch_top/u_i2c_dri/ack_reg/C is not reached by a timing clock
Related violations: <none>

TIMING-17#2 Warning
Non-clocked sequential cell  
The clock pin u_touch_top/u_i2c_dri/addr_t_reg[0]/C is not reached by a timing clock
Related violations: <none>

TIMING-17#3 Warning
Non-clocked sequential cell  
The clock pin u_touch_top/u_i2c_dri/addr_t_reg[1]/C is not reached by a timing clock
Related violations: <none>

TIMING-17#4 Warning
Non-clocked sequential cell  
The clock pin u_touch_top/u_i2c_dri/addr_t_reg[2]/C is not reached by a timing clock
Related violations: <none>

TIMING-17#5 Warning
Non-clocked sequential cell  
The clock pin u_touch_top/u_i2c_dri/addr_t_reg[3]/C is not reached by a timing clock
Related violations: <none>

TIMING-17#6 Warning
Non-clocked sequential cell  
The clock pin u_touch_top/u_i2c_dri/addr_t_reg[4]/C is not reached by a timing clock
Related violations: <none>

TIMING-17#7 Warning
Non-clocked sequential cell  
The clock pin u_touch_top/u_i2c_dri/addr_t_reg[5]/C is not reached by a timing clock
Related violations: <none>

TIMING-17#8 Warning
Non-clocked sequential cell  
The clock pin u_touch_top/u_i2c_dri/addr_t_reg[6]/C is not reached by a timing clock
Related violations: <none>

TIMING-17#9 Warning
Non-clocked sequential cell  
The clock pin u_touch_top/u_i2c_dri/addr_t_reg[7]/C is not reached by a timing clock
Related violations: <none>

TIMING-17#10 Warning
Non-clocked sequential cell  
The clock pin u_touch_top/u_i2c_dri/cnt_reg[0]/C is not reached by a timing clock
Related violations: <none>

TIMING-17#11 Warning
Non-clocked sequential cell  
The clock pin u_touch_top/u_i2c_dri/cnt_reg[1]/C is not reached by a timing clock
Related violations: <none>

TIMING-17#12 Warning
Non-clocked sequential cell  
The clock pin u_touch_top/u_i2c_dri/cnt_reg[2]/C is not reached by a timing clock
Related violations: <none>

TIMING-17#13 Warning
Non-clocked sequential cell  
The clock pin u_touch_top/u_i2c_dri/cnt_reg[3]/C is not reached by a timing clock
Related violations: <none>

TIMING-17#14 Warning
Non-clocked sequential cell  
The clock pin u_touch_top/u_i2c_dri/cnt_reg[4]/C is not reached by a timing clock
Related violations: <none>

TIMING-17#15 Warning
Non-clocked sequential cell  
The clock pin u_touch_top/u_i2c_dri/cnt_reg[5]/C is not reached by a timing clock
Related violations: <none>

TIMING-17#16 Warning
Non-clocked sequential cell  
The clock pin u_touch_top/u_i2c_dri/cnt_reg[6]/C is not reached by a timing clock
Related violations: <none>

TIMING-17#17 Warning
Non-clocked sequential cell  
The clock pin u_touch_top/u_i2c_dri/cur_state_reg[0]/C is not reached by a timing clock
Related violations: <none>

TIMING-17#18 Warning
Non-clocked sequential cell  
The clock pin u_touch_top/u_i2c_dri/cur_state_reg[1]/C is not reached by a timing clock
Related violations: <none>

TIMING-17#19 Warning
Non-clocked sequential cell  
The clock pin u_touch_top/u_i2c_dri/cur_state_reg[2]/C is not reached by a timing clock
Related violations: <none>

TIMING-17#20 Warning
Non-clocked sequential cell  
The clock pin u_touch_top/u_i2c_dri/cur_state_reg[3]/C is not reached by a timing clock
Related violations: <none>

TIMING-17#21 Warning
Non-clocked sequential cell  
The clock pin u_touch_top/u_i2c_dri/cur_state_reg[4]/C is not reached by a timing clock
Related violations: <none>

TIMING-17#22 Warning
Non-clocked sequential cell  
The clock pin u_touch_top/u_i2c_dri/cur_state_reg[5]/C is not reached by a timing clock
Related violations: <none>

TIMING-17#23 Warning
Non-clocked sequential cell  
The clock pin u_touch_top/u_i2c_dri/cur_state_reg[6]/C is not reached by a timing clock
Related violations: <none>

TIMING-17#24 Warning
Non-clocked sequential cell  
The clock pin u_touch_top/u_i2c_dri/cur_state_reg[7]/C is not reached by a timing clock
Related violations: <none>

TIMING-17#25 Warning
Non-clocked sequential cell  
The clock pin u_touch_top/u_i2c_dri/data_r_reg[0]/C is not reached by a timing clock
Related violations: <none>

TIMING-17#26 Warning
Non-clocked sequential cell  
The clock pin u_touch_top/u_i2c_dri/data_r_reg[1]/C is not reached by a timing clock
Related violations: <none>

TIMING-17#27 Warning
Non-clocked sequential cell  
The clock pin u_touch_top/u_i2c_dri/data_r_reg[2]/C is not reached by a timing clock
Related violations: <none>

TIMING-17#28 Warning
Non-clocked sequential cell  
The clock pin u_touch_top/u_i2c_dri/data_r_reg[3]/C is not reached by a timing clock
Related violations: <none>

TIMING-17#29 Warning
Non-clocked sequential cell  
The clock pin u_touch_top/u_i2c_dri/data_r_reg[4]/C is not reached by a timing clock
Related violations: <none>

TIMING-17#30 Warning
Non-clocked sequential cell  
The clock pin u_touch_top/u_i2c_dri/data_r_reg[5]/C is not reached by a timing clock
Related violations: <none>

TIMING-17#31 Warning
Non-clocked sequential cell  
The clock pin u_touch_top/u_i2c_dri/data_r_reg[6]/C is not reached by a timing clock
Related violations: <none>

TIMING-17#32 Warning
Non-clocked sequential cell  
The clock pin u_touch_top/u_i2c_dri/data_r_reg[7]/C is not reached by a timing clock
Related violations: <none>

TIMING-17#33 Warning
Non-clocked sequential cell  
The clock pin u_touch_top/u_i2c_dri/data_wr_t_reg[2]/C is not reached by a timing clock
Related violations: <none>

TIMING-17#34 Warning
Non-clocked sequential cell  
The clock pin u_touch_top/u_i2c_dri/data_wr_t_reg[3]/C is not reached by a timing clock
Related violations: <none>

TIMING-17#35 Warning
Non-clocked sequential cell  
The clock pin u_touch_top/u_i2c_dri/data_wr_t_reg[4]/C is not reached by a timing clock
Related violations: <none>

TIMING-17#36 Warning
Non-clocked sequential cell  
The clock pin u_touch_top/u_i2c_dri/i2c_data_r_reg[0]/C is not reached by a timing clock
Related violations: <none>

TIMING-17#37 Warning
Non-clocked sequential cell  
The clock pin u_touch_top/u_i2c_dri/i2c_data_r_reg[1]/C is not reached by a timing clock
Related violations: <none>

TIMING-17#38 Warning
Non-clocked sequential cell  
The clock pin u_touch_top/u_i2c_dri/i2c_data_r_reg[2]/C is not reached by a timing clock
Related violations: <none>

TIMING-17#39 Warning
Non-clocked sequential cell  
The clock pin u_touch_top/u_i2c_dri/i2c_data_r_reg[3]/C is not reached by a timing clock
Related violations: <none>

TIMING-17#40 Warning
Non-clocked sequential cell  
The clock pin u_touch_top/u_i2c_dri/i2c_data_r_reg[4]/C is not reached by a timing clock
Related violations: <none>

TIMING-17#41 Warning
Non-clocked sequential cell  
The clock pin u_touch_top/u_i2c_dri/i2c_data_r_reg[5]/C is not reached by a timing clock
Related violations: <none>

TIMING-17#42 Warning
Non-clocked sequential cell  
The clock pin u_touch_top/u_i2c_dri/i2c_data_r_reg[6]/C is not reached by a timing clock
Related violations: <none>

TIMING-17#43 Warning
Non-clocked sequential cell  
The clock pin u_touch_top/u_i2c_dri/i2c_data_r_reg[7]/C is not reached by a timing clock
Related violations: <none>

TIMING-17#44 Warning
Non-clocked sequential cell  
The clock pin u_touch_top/u_i2c_dri/i2c_done_reg/C is not reached by a timing clock
Related violations: <none>

TIMING-17#45 Warning
Non-clocked sequential cell  
The clock pin u_touch_top/u_i2c_dri/once_byte_done_reg/C is not reached by a timing clock
Related violations: <none>

TIMING-17#46 Warning
Non-clocked sequential cell  
The clock pin u_touch_top/u_i2c_dri/reg_cnt_reg[0]/C is not reached by a timing clock
Related violations: <none>

TIMING-17#47 Warning
Non-clocked sequential cell  
The clock pin u_touch_top/u_i2c_dri/reg_cnt_reg[1]/C is not reached by a timing clock
Related violations: <none>

TIMING-17#48 Warning
Non-clocked sequential cell  
The clock pin u_touch_top/u_i2c_dri/reg_cnt_reg[2]/C is not reached by a timing clock
Related violations: <none>

TIMING-17#49 Warning
Non-clocked sequential cell  
The clock pin u_touch_top/u_i2c_dri/reg_cnt_reg[3]/C is not reached by a timing clock
Related violations: <none>

TIMING-17#50 Warning
Non-clocked sequential cell  
The clock pin u_touch_top/u_i2c_dri/reg_cnt_reg[4]/C is not reached by a timing clock
Related violations: <none>

TIMING-17#51 Warning
Non-clocked sequential cell  
The clock pin u_touch_top/u_i2c_dri/reg_cnt_reg[5]/C is not reached by a timing clock
Related violations: <none>

TIMING-17#52 Warning
Non-clocked sequential cell  
The clock pin u_touch_top/u_i2c_dri/reg_cnt_reg[6]/C is not reached by a timing clock
Related violations: <none>

TIMING-17#53 Warning
Non-clocked sequential cell  
The clock pin u_touch_top/u_i2c_dri/reg_cnt_reg[7]/C is not reached by a timing clock
Related violations: <none>

TIMING-17#54 Warning
Non-clocked sequential cell  
The clock pin u_touch_top/u_i2c_dri/scl_reg/C is not reached by a timing clock
Related violations: <none>

TIMING-17#55 Warning
Non-clocked sequential cell  
The clock pin u_touch_top/u_i2c_dri/sda_dir_reg/C is not reached by a timing clock
Related violations: <none>

TIMING-17#56 Warning
Non-clocked sequential cell  
The clock pin u_touch_top/u_i2c_dri/sda_out_reg/C is not reached by a timing clock
Related violations: <none>

TIMING-17#57 Warning
Non-clocked sequential cell  
The clock pin u_touch_top/u_i2c_dri/st_done_reg/C is not reached by a timing clock
Related violations: <none>

TIMING-17#58 Warning
Non-clocked sequential cell  
The clock pin u_touch_top/u_i2c_dri/wr_flag_reg/C is not reached by a timing clock
Related violations: <none>

TIMING-17#59 Warning
Non-clocked sequential cell  
The clock pin u_touch_top/u_touch_dri/bit_ctrl_reg/C is not reached by a timing clock
Related violations: <none>

TIMING-17#60 Warning
Non-clocked sequential cell  
The clock pin u_touch_top/u_touch_dri/chip_version_reg[0]/C is not reached by a timing clock
Related violations: <none>

TIMING-17#61 Warning
Non-clocked sequential cell  
The clock pin u_touch_top/u_touch_dri/chip_version_reg[10]/C is not reached by a timing clock
Related violations: <none>

TIMING-17#62 Warning
Non-clocked sequential cell  
The clock pin u_touch_top/u_touch_dri/chip_version_reg[11]/C is not reached by a timing clock
Related violations: <none>

TIMING-17#63 Warning
Non-clocked sequential cell  
The clock pin u_touch_top/u_touch_dri/chip_version_reg[12]/C is not reached by a timing clock
Related violations: <none>

TIMING-17#64 Warning
Non-clocked sequential cell  
The clock pin u_touch_top/u_touch_dri/chip_version_reg[13]/C is not reached by a timing clock
Related violations: <none>

TIMING-17#65 Warning
Non-clocked sequential cell  
The clock pin u_touch_top/u_touch_dri/chip_version_reg[14]/C is not reached by a timing clock
Related violations: <none>

TIMING-17#66 Warning
Non-clocked sequential cell  
The clock pin u_touch_top/u_touch_dri/chip_version_reg[15]/C is not reached by a timing clock
Related violations: <none>

TIMING-17#67 Warning
Non-clocked sequential cell  
The clock pin u_touch_top/u_touch_dri/chip_version_reg[1]/C is not reached by a timing clock
Related violations: <none>

TIMING-17#68 Warning
Non-clocked sequential cell  
The clock pin u_touch_top/u_touch_dri/chip_version_reg[2]/C is not reached by a timing clock
Related violations: <none>

TIMING-17#69 Warning
Non-clocked sequential cell  
The clock pin u_touch_top/u_touch_dri/chip_version_reg[3]/C is not reached by a timing clock
Related violations: <none>

TIMING-17#70 Warning
Non-clocked sequential cell  
The clock pin u_touch_top/u_touch_dri/chip_version_reg[4]/C is not reached by a timing clock
Related violations: <none>

TIMING-17#71 Warning
Non-clocked sequential cell  
The clock pin u_touch_top/u_touch_dri/chip_version_reg[5]/C is not reached by a timing clock
Related violations: <none>

TIMING-17#72 Warning
Non-clocked sequential cell  
The clock pin u_touch_top/u_touch_dri/chip_version_reg[6]/C is not reached by a timing clock
Related violations: <none>

TIMING-17#73 Warning
Non-clocked sequential cell  
The clock pin u_touch_top/u_touch_dri/chip_version_reg[7]/C is not reached by a timing clock
Related violations: <none>

TIMING-17#74 Warning
Non-clocked sequential cell  
The clock pin u_touch_top/u_touch_dri/chip_version_reg[8]/C is not reached by a timing clock
Related violations: <none>

TIMING-17#75 Warning
Non-clocked sequential cell  
The clock pin u_touch_top/u_touch_dri/chip_version_reg[9]/C is not reached by a timing clock
Related violations: <none>

TIMING-17#76 Warning
Non-clocked sequential cell  
The clock pin u_touch_top/u_touch_dri/cnt_time_en_reg/C is not reached by a timing clock
Related violations: <none>

TIMING-17#77 Warning
Non-clocked sequential cell  
The clock pin u_touch_top/u_touch_dri/cnt_time_reg[0]/C is not reached by a timing clock
Related violations: <none>

TIMING-17#78 Warning
Non-clocked sequential cell  
The clock pin u_touch_top/u_touch_dri/cnt_time_reg[10]/C is not reached by a timing clock
Related violations: <none>

TIMING-17#79 Warning
Non-clocked sequential cell  
The clock pin u_touch_top/u_touch_dri/cnt_time_reg[11]/C is not reached by a timing clock
Related violations: <none>

TIMING-17#80 Warning
Non-clocked sequential cell  
The clock pin u_touch_top/u_touch_dri/cnt_time_reg[12]/C is not reached by a timing clock
Related violations: <none>

TIMING-17#81 Warning
Non-clocked sequential cell  
The clock pin u_touch_top/u_touch_dri/cnt_time_reg[13]/C is not reached by a timing clock
Related violations: <none>

TIMING-17#82 Warning
Non-clocked sequential cell  
The clock pin u_touch_top/u_touch_dri/cnt_time_reg[14]/C is not reached by a timing clock
Related violations: <none>

TIMING-17#83 Warning
Non-clocked sequential cell  
The clock pin u_touch_top/u_touch_dri/cnt_time_reg[15]/C is not reached by a timing clock
Related violations: <none>

TIMING-17#84 Warning
Non-clocked sequential cell  
The clock pin u_touch_top/u_touch_dri/cnt_time_reg[16]/C is not reached by a timing clock
Related violations: <none>

TIMING-17#85 Warning
Non-clocked sequential cell  
The clock pin u_touch_top/u_touch_dri/cnt_time_reg[17]/C is not reached by a timing clock
Related violations: <none>

TIMING-17#86 Warning
Non-clocked sequential cell  
The clock pin u_touch_top/u_touch_dri/cnt_time_reg[18]/C is not reached by a timing clock
Related violations: <none>

TIMING-17#87 Warning
Non-clocked sequential cell  
The clock pin u_touch_top/u_touch_dri/cnt_time_reg[19]/C is not reached by a timing clock
Related violations: <none>

TIMING-17#88 Warning
Non-clocked sequential cell  
The clock pin u_touch_top/u_touch_dri/cnt_time_reg[1]/C is not reached by a timing clock
Related violations: <none>

TIMING-17#89 Warning
Non-clocked sequential cell  
The clock pin u_touch_top/u_touch_dri/cnt_time_reg[2]/C is not reached by a timing clock
Related violations: <none>

TIMING-17#90 Warning
Non-clocked sequential cell  
The clock pin u_touch_top/u_touch_dri/cnt_time_reg[3]/C is not reached by a timing clock
Related violations: <none>

TIMING-17#91 Warning
Non-clocked sequential cell  
The clock pin u_touch_top/u_touch_dri/cnt_time_reg[4]/C is not reached by a timing clock
Related violations: <none>

TIMING-17#92 Warning
Non-clocked sequential cell  
The clock pin u_touch_top/u_touch_dri/cnt_time_reg[5]/C is not reached by a timing clock
Related violations: <none>

TIMING-17#93 Warning
Non-clocked sequential cell  
The clock pin u_touch_top/u_touch_dri/cnt_time_reg[6]/C is not reached by a timing clock
Related violations: <none>

TIMING-17#94 Warning
Non-clocked sequential cell  
The clock pin u_touch_top/u_touch_dri/cnt_time_reg[7]/C is not reached by a timing clock
Related violations: <none>

TIMING-17#95 Warning
Non-clocked sequential cell  
The clock pin u_touch_top/u_touch_dri/cnt_time_reg[8]/C is not reached by a timing clock
Related violations: <none>

TIMING-17#96 Warning
Non-clocked sequential cell  
The clock pin u_touch_top/u_touch_dri/cnt_time_reg[9]/C is not reached by a timing clock
Related violations: <none>

TIMING-17#97 Warning
Non-clocked sequential cell  
The clock pin u_touch_top/u_touch_dri/coord_reg_reg[1]/C is not reached by a timing clock
Related violations: <none>

TIMING-17#98 Warning
Non-clocked sequential cell  
The clock pin u_touch_top/u_touch_dri/coord_reg_reg[6]/C is not reached by a timing clock
Related violations: <none>

TIMING-17#99 Warning
Non-clocked sequential cell  
The clock pin u_touch_top/u_touch_dri/cur_state_reg[0]/C is not reached by a timing clock
Related violations: <none>

TIMING-17#100 Warning
Non-clocked sequential cell  
The clock pin u_touch_top/u_touch_dri/cur_state_reg[1]/C is not reached by a timing clock
Related violations: <none>

TIMING-17#101 Warning
Non-clocked sequential cell  
The clock pin u_touch_top/u_touch_dri/cur_state_reg[2]/C is not reached by a timing clock
Related violations: <none>

TIMING-17#102 Warning
Non-clocked sequential cell  
The clock pin u_touch_top/u_touch_dri/cur_state_reg[3]/C is not reached by a timing clock
Related violations: <none>

TIMING-17#103 Warning
Non-clocked sequential cell  
The clock pin u_touch_top/u_touch_dri/cur_state_reg[4]/C is not reached by a timing clock
Related violations: <none>

TIMING-17#104 Warning
Non-clocked sequential cell  
The clock pin u_touch_top/u_touch_dri/cur_state_reg[5]/C is not reached by a timing clock
Related violations: <none>

TIMING-17#105 Warning
Non-clocked sequential cell  
The clock pin u_touch_top/u_touch_dri/cur_state_reg[6]/C is not reached by a timing clock
Related violations: <none>

TIMING-17#106 Warning
Non-clocked sequential cell  
The clock pin u_touch_top/u_touch_dri/data_reg[0]/C is not reached by a timing clock
Related violations: <none>

TIMING-17#107 Warning
Non-clocked sequential cell  
The clock pin u_touch_top/u_touch_dri/data_reg[10]/C is not reached by a timing clock
Related violations: <none>

TIMING-17#108 Warning
Non-clocked sequential cell  
The clock pin u_touch_top/u_touch_dri/data_reg[11]/C is not reached by a timing clock
Related violations: <none>

TIMING-17#109 Warning
Non-clocked sequential cell  
The clock pin u_touch_top/u_touch_dri/data_reg[12]/C is not reached by a timing clock
Related violations: <none>

TIMING-17#110 Warning
Non-clocked sequential cell  
The clock pin u_touch_top/u_touch_dri/data_reg[13]/C is not reached by a timing clock
Related violations: <none>

TIMING-17#111 Warning
Non-clocked sequential cell  
The clock pin u_touch_top/u_touch_dri/data_reg[14]/C is not reached by a timing clock
Related violations: <none>

TIMING-17#112 Warning
Non-clocked sequential cell  
The clock pin u_touch_top/u_touch_dri/data_reg[15]/C is not reached by a timing clock
Related violations: <none>

TIMING-17#113 Warning
Non-clocked sequential cell  
The clock pin u_touch_top/u_touch_dri/data_reg[16]/C is not reached by a timing clock
Related violations: <none>

TIMING-17#114 Warning
Non-clocked sequential cell  
The clock pin u_touch_top/u_touch_dri/data_reg[17]/C is not reached by a timing clock
Related violations: <none>

TIMING-17#115 Warning
Non-clocked sequential cell  
The clock pin u_touch_top/u_touch_dri/data_reg[18]/C is not reached by a timing clock
Related violations: <none>

TIMING-17#116 Warning
Non-clocked sequential cell  
The clock pin u_touch_top/u_touch_dri/data_reg[19]/C is not reached by a timing clock
Related violations: <none>

TIMING-17#117 Warning
Non-clocked sequential cell  
The clock pin u_touch_top/u_touch_dri/data_reg[19]_rep/C is not reached by a timing clock
Related violations: <none>

TIMING-17#118 Warning
Non-clocked sequential cell  
The clock pin u_touch_top/u_touch_dri/data_reg[19]_rep__0/C is not reached by a timing clock
Related violations: <none>

TIMING-17#119 Warning
Non-clocked sequential cell  
The clock pin u_touch_top/u_touch_dri/data_reg[19]_rep__1/C is not reached by a timing clock
Related violations: <none>

TIMING-17#120 Warning
Non-clocked sequential cell  
The clock pin u_touch_top/u_touch_dri/data_reg[19]_rep__10/C is not reached by a timing clock
Related violations: <none>

TIMING-17#121 Warning
Non-clocked sequential cell  
The clock pin u_touch_top/u_touch_dri/data_reg[19]_rep__11/C is not reached by a timing clock
Related violations: <none>

TIMING-17#122 Warning
Non-clocked sequential cell  
The clock pin u_touch_top/u_touch_dri/data_reg[19]_rep__12/C is not reached by a timing clock
Related violations: <none>

TIMING-17#123 Warning
Non-clocked sequential cell  
The clock pin u_touch_top/u_touch_dri/data_reg[19]_rep__13/C is not reached by a timing clock
Related violations: <none>

TIMING-17#124 Warning
Non-clocked sequential cell  
The clock pin u_touch_top/u_touch_dri/data_reg[19]_rep__2/C is not reached by a timing clock
Related violations: <none>

TIMING-17#125 Warning
Non-clocked sequential cell  
The clock pin u_touch_top/u_touch_dri/data_reg[19]_rep__3/C is not reached by a timing clock
Related violations: <none>

TIMING-17#126 Warning
Non-clocked sequential cell  
The clock pin u_touch_top/u_touch_dri/data_reg[19]_rep__4/C is not reached by a timing clock
Related violations: <none>

TIMING-17#127 Warning
Non-clocked sequential cell  
The clock pin u_touch_top/u_touch_dri/data_reg[19]_rep__5/C is not reached by a timing clock
Related violations: <none>

TIMING-17#128 Warning
Non-clocked sequential cell  
The clock pin u_touch_top/u_touch_dri/data_reg[19]_rep__6/C is not reached by a timing clock
Related violations: <none>

TIMING-17#129 Warning
Non-clocked sequential cell  
The clock pin u_touch_top/u_touch_dri/data_reg[19]_rep__7/C is not reached by a timing clock
Related violations: <none>

TIMING-17#130 Warning
Non-clocked sequential cell  
The clock pin u_touch_top/u_touch_dri/data_reg[19]_rep__8/C is not reached by a timing clock
Related violations: <none>

TIMING-17#131 Warning
Non-clocked sequential cell  
The clock pin u_touch_top/u_touch_dri/data_reg[19]_rep__9/C is not reached by a timing clock
Related violations: <none>

TIMING-17#132 Warning
Non-clocked sequential cell  
The clock pin u_touch_top/u_touch_dri/data_reg[1]/C is not reached by a timing clock
Related violations: <none>

TIMING-17#133 Warning
Non-clocked sequential cell  
The clock pin u_touch_top/u_touch_dri/data_reg[20]/C is not reached by a timing clock
Related violations: <none>

TIMING-17#134 Warning
Non-clocked sequential cell  
The clock pin u_touch_top/u_touch_dri/data_reg[20]_rep/C is not reached by a timing clock
Related violations: <none>

TIMING-17#135 Warning
Non-clocked sequential cell  
The clock pin u_touch_top/u_touch_dri/data_reg[20]_rep__0/C is not reached by a timing clock
Related violations: <none>

TIMING-17#136 Warning
Non-clocked sequential cell  
The clock pin u_touch_top/u_touch_dri/data_reg[20]_rep__1/C is not reached by a timing clock
Related violations: <none>

TIMING-17#137 Warning
Non-clocked sequential cell  
The clock pin u_touch_top/u_touch_dri/data_reg[20]_rep__10/C is not reached by a timing clock
Related violations: <none>

TIMING-17#138 Warning
Non-clocked sequential cell  
The clock pin u_touch_top/u_touch_dri/data_reg[20]_rep__11/C is not reached by a timing clock
Related violations: <none>

TIMING-17#139 Warning
Non-clocked sequential cell  
The clock pin u_touch_top/u_touch_dri/data_reg[20]_rep__12/C is not reached by a timing clock
Related violations: <none>

TIMING-17#140 Warning
Non-clocked sequential cell  
The clock pin u_touch_top/u_touch_dri/data_reg[20]_rep__13/C is not reached by a timing clock
Related violations: <none>

TIMING-17#141 Warning
Non-clocked sequential cell  
The clock pin u_touch_top/u_touch_dri/data_reg[20]_rep__2/C is not reached by a timing clock
Related violations: <none>

TIMING-17#142 Warning
Non-clocked sequential cell  
The clock pin u_touch_top/u_touch_dri/data_reg[20]_rep__3/C is not reached by a timing clock
Related violations: <none>

TIMING-17#143 Warning
Non-clocked sequential cell  
The clock pin u_touch_top/u_touch_dri/data_reg[20]_rep__4/C is not reached by a timing clock
Related violations: <none>

TIMING-17#144 Warning
Non-clocked sequential cell  
The clock pin u_touch_top/u_touch_dri/data_reg[20]_rep__5/C is not reached by a timing clock
Related violations: <none>

TIMING-17#145 Warning
Non-clocked sequential cell  
The clock pin u_touch_top/u_touch_dri/data_reg[20]_rep__6/C is not reached by a timing clock
Related violations: <none>

TIMING-17#146 Warning
Non-clocked sequential cell  
The clock pin u_touch_top/u_touch_dri/data_reg[20]_rep__7/C is not reached by a timing clock
Related violations: <none>

TIMING-17#147 Warning
Non-clocked sequential cell  
The clock pin u_touch_top/u_touch_dri/data_reg[20]_rep__8/C is not reached by a timing clock
Related violations: <none>

TIMING-17#148 Warning
Non-clocked sequential cell  
The clock pin u_touch_top/u_touch_dri/data_reg[20]_rep__9/C is not reached by a timing clock
Related violations: <none>

TIMING-17#149 Warning
Non-clocked sequential cell  
The clock pin u_touch_top/u_touch_dri/data_reg[21]/C is not reached by a timing clock
Related violations: <none>

TIMING-17#150 Warning
Non-clocked sequential cell  
The clock pin u_touch_top/u_touch_dri/data_reg[21]_rep/C is not reached by a timing clock
Related violations: <none>

TIMING-17#151 Warning
Non-clocked sequential cell  
The clock pin u_touch_top/u_touch_dri/data_reg[21]_rep__0/C is not reached by a timing clock
Related violations: <none>

TIMING-17#152 Warning
Non-clocked sequential cell  
The clock pin u_touch_top/u_touch_dri/data_reg[21]_rep__1/C is not reached by a timing clock
Related violations: <none>

TIMING-17#153 Warning
Non-clocked sequential cell  
The clock pin u_touch_top/u_touch_dri/data_reg[21]_rep__10/C is not reached by a timing clock
Related violations: <none>

TIMING-17#154 Warning
Non-clocked sequential cell  
The clock pin u_touch_top/u_touch_dri/data_reg[21]_rep__11/C is not reached by a timing clock
Related violations: <none>

TIMING-17#155 Warning
Non-clocked sequential cell  
The clock pin u_touch_top/u_touch_dri/data_reg[21]_rep__12/C is not reached by a timing clock
Related violations: <none>

TIMING-17#156 Warning
Non-clocked sequential cell  
The clock pin u_touch_top/u_touch_dri/data_reg[21]_rep__13/C is not reached by a timing clock
Related violations: <none>

TIMING-17#157 Warning
Non-clocked sequential cell  
The clock pin u_touch_top/u_touch_dri/data_reg[21]_rep__2/C is not reached by a timing clock
Related violations: <none>

TIMING-17#158 Warning
Non-clocked sequential cell  
The clock pin u_touch_top/u_touch_dri/data_reg[21]_rep__3/C is not reached by a timing clock
Related violations: <none>

TIMING-17#159 Warning
Non-clocked sequential cell  
The clock pin u_touch_top/u_touch_dri/data_reg[21]_rep__4/C is not reached by a timing clock
Related violations: <none>

TIMING-17#160 Warning
Non-clocked sequential cell  
The clock pin u_touch_top/u_touch_dri/data_reg[21]_rep__5/C is not reached by a timing clock
Related violations: <none>

TIMING-17#161 Warning
Non-clocked sequential cell  
The clock pin u_touch_top/u_touch_dri/data_reg[21]_rep__6/C is not reached by a timing clock
Related violations: <none>

TIMING-17#162 Warning
Non-clocked sequential cell  
The clock pin u_touch_top/u_touch_dri/data_reg[21]_rep__7/C is not reached by a timing clock
Related violations: <none>

TIMING-17#163 Warning
Non-clocked sequential cell  
The clock pin u_touch_top/u_touch_dri/data_reg[21]_rep__8/C is not reached by a timing clock
Related violations: <none>

TIMING-17#164 Warning
Non-clocked sequential cell  
The clock pin u_touch_top/u_touch_dri/data_reg[21]_rep__9/C is not reached by a timing clock
Related violations: <none>

TIMING-17#165 Warning
Non-clocked sequential cell  
The clock pin u_touch_top/u_touch_dri/data_reg[22]/C is not reached by a timing clock
Related violations: <none>

TIMING-17#166 Warning
Non-clocked sequential cell  
The clock pin u_touch_top/u_touch_dri/data_reg[22]_rep/C is not reached by a timing clock
Related violations: <none>

TIMING-17#167 Warning
Non-clocked sequential cell  
The clock pin u_touch_top/u_touch_dri/data_reg[22]_rep__0/C is not reached by a timing clock
Related violations: <none>

TIMING-17#168 Warning
Non-clocked sequential cell  
The clock pin u_touch_top/u_touch_dri/data_reg[22]_rep__1/C is not reached by a timing clock
Related violations: <none>

TIMING-17#169 Warning
Non-clocked sequential cell  
The clock pin u_touch_top/u_touch_dri/data_reg[22]_rep__10/C is not reached by a timing clock
Related violations: <none>

TIMING-17#170 Warning
Non-clocked sequential cell  
The clock pin u_touch_top/u_touch_dri/data_reg[22]_rep__11/C is not reached by a timing clock
Related violations: <none>

TIMING-17#171 Warning
Non-clocked sequential cell  
The clock pin u_touch_top/u_touch_dri/data_reg[22]_rep__12/C is not reached by a timing clock
Related violations: <none>

TIMING-17#172 Warning
Non-clocked sequential cell  
The clock pin u_touch_top/u_touch_dri/data_reg[22]_rep__13/C is not reached by a timing clock
Related violations: <none>

TIMING-17#173 Warning
Non-clocked sequential cell  
The clock pin u_touch_top/u_touch_dri/data_reg[22]_rep__2/C is not reached by a timing clock
Related violations: <none>

TIMING-17#174 Warning
Non-clocked sequential cell  
The clock pin u_touch_top/u_touch_dri/data_reg[22]_rep__3/C is not reached by a timing clock
Related violations: <none>

TIMING-17#175 Warning
Non-clocked sequential cell  
The clock pin u_touch_top/u_touch_dri/data_reg[22]_rep__4/C is not reached by a timing clock
Related violations: <none>

TIMING-17#176 Warning
Non-clocked sequential cell  
The clock pin u_touch_top/u_touch_dri/data_reg[22]_rep__5/C is not reached by a timing clock
Related violations: <none>

TIMING-17#177 Warning
Non-clocked sequential cell  
The clock pin u_touch_top/u_touch_dri/data_reg[22]_rep__6/C is not reached by a timing clock
Related violations: <none>

TIMING-17#178 Warning
Non-clocked sequential cell  
The clock pin u_touch_top/u_touch_dri/data_reg[22]_rep__7/C is not reached by a timing clock
Related violations: <none>

TIMING-17#179 Warning
Non-clocked sequential cell  
The clock pin u_touch_top/u_touch_dri/data_reg[22]_rep__8/C is not reached by a timing clock
Related violations: <none>

TIMING-17#180 Warning
Non-clocked sequential cell  
The clock pin u_touch_top/u_touch_dri/data_reg[22]_rep__9/C is not reached by a timing clock
Related violations: <none>

TIMING-17#181 Warning
Non-clocked sequential cell  
The clock pin u_touch_top/u_touch_dri/data_reg[23]/C is not reached by a timing clock
Related violations: <none>

TIMING-17#182 Warning
Non-clocked sequential cell  
The clock pin u_touch_top/u_touch_dri/data_reg[24]/C is not reached by a timing clock
Related violations: <none>

TIMING-17#183 Warning
Non-clocked sequential cell  
The clock pin u_touch_top/u_touch_dri/data_reg[25]/C is not reached by a timing clock
Related violations: <none>

TIMING-17#184 Warning
Non-clocked sequential cell  
The clock pin u_touch_top/u_touch_dri/data_reg[26]/C is not reached by a timing clock
Related violations: <none>

TIMING-17#185 Warning
Non-clocked sequential cell  
The clock pin u_touch_top/u_touch_dri/data_reg[27]/C is not reached by a timing clock
Related violations: <none>

TIMING-17#186 Warning
Non-clocked sequential cell  
The clock pin u_touch_top/u_touch_dri/data_reg[28]/C is not reached by a timing clock
Related violations: <none>

TIMING-17#187 Warning
Non-clocked sequential cell  
The clock pin u_touch_top/u_touch_dri/data_reg[29]/C is not reached by a timing clock
Related violations: <none>

TIMING-17#188 Warning
Non-clocked sequential cell  
The clock pin u_touch_top/u_touch_dri/data_reg[2]/C is not reached by a timing clock
Related violations: <none>

TIMING-17#189 Warning
Non-clocked sequential cell  
The clock pin u_touch_top/u_touch_dri/data_reg[30]/C is not reached by a timing clock
Related violations: <none>

TIMING-17#190 Warning
Non-clocked sequential cell  
The clock pin u_touch_top/u_touch_dri/data_reg[31]/C is not reached by a timing clock
Related violations: <none>

TIMING-17#191 Warning
Non-clocked sequential cell  
The clock pin u_touch_top/u_touch_dri/data_reg[3]/C is not reached by a timing clock
Related violations: <none>

TIMING-17#192 Warning
Non-clocked sequential cell  
The clock pin u_touch_top/u_touch_dri/data_reg[4]/C is not reached by a timing clock
Related violations: <none>

TIMING-17#193 Warning
Non-clocked sequential cell  
The clock pin u_touch_top/u_touch_dri/data_reg[5]/C is not reached by a timing clock
Related violations: <none>

TIMING-17#194 Warning
Non-clocked sequential cell  
The clock pin u_touch_top/u_touch_dri/data_reg[6]/C is not reached by a timing clock
Related violations: <none>

TIMING-17#195 Warning
Non-clocked sequential cell  
The clock pin u_touch_top/u_touch_dri/data_reg[7]/C is not reached by a timing clock
Related violations: <none>

TIMING-17#196 Warning
Non-clocked sequential cell  
The clock pin u_touch_top/u_touch_dri/data_reg[8]/C is not reached by a timing clock
Related violations: <none>

TIMING-17#197 Warning
Non-clocked sequential cell  
The clock pin u_touch_top/u_touch_dri/data_reg[9]/C is not reached by a timing clock
Related violations: <none>

TIMING-17#198 Warning
Non-clocked sequential cell  
The clock pin u_touch_top/u_touch_dri/flow_cnt_reg[0]/C is not reached by a timing clock
Related violations: <none>

TIMING-17#199 Warning
Non-clocked sequential cell  
The clock pin u_touch_top/u_touch_dri/flow_cnt_reg[1]/C is not reached by a timing clock
Related violations: <none>

TIMING-17#200 Warning
Non-clocked sequential cell  
The clock pin u_touch_top/u_touch_dri/flow_cnt_reg[2]/C is not reached by a timing clock
Related violations: <none>

TIMING-17#201 Warning
Non-clocked sequential cell  
The clock pin u_touch_top/u_touch_dri/ft_flag_reg/C is not reached by a timing clock
Related violations: <none>

TIMING-17#202 Warning
Non-clocked sequential cell  
The clock pin u_touch_top/u_touch_dri/i2c_addr_reg[0]/C is not reached by a timing clock
Related violations: <none>

TIMING-17#203 Warning
Non-clocked sequential cell  
The clock pin u_touch_top/u_touch_dri/i2c_addr_reg[1]/C is not reached by a timing clock
Related violations: <none>

TIMING-17#204 Warning
Non-clocked sequential cell  
The clock pin u_touch_top/u_touch_dri/i2c_addr_reg[2]/C is not reached by a timing clock
Related violations: <none>

TIMING-17#205 Warning
Non-clocked sequential cell  
The clock pin u_touch_top/u_touch_dri/i2c_addr_reg[3]/C is not reached by a timing clock
Related violations: <none>

TIMING-17#206 Warning
Non-clocked sequential cell  
The clock pin u_touch_top/u_touch_dri/i2c_addr_reg[4]/C is not reached by a timing clock
Related violations: <none>

TIMING-17#207 Warning
Non-clocked sequential cell  
The clock pin u_touch_top/u_touch_dri/i2c_addr_reg[5]/C is not reached by a timing clock
Related violations: <none>

TIMING-17#208 Warning
Non-clocked sequential cell  
The clock pin u_touch_top/u_touch_dri/i2c_addr_reg[6]/C is not reached by a timing clock
Related violations: <none>

TIMING-17#209 Warning
Non-clocked sequential cell  
The clock pin u_touch_top/u_touch_dri/i2c_addr_reg[7]/C is not reached by a timing clock
Related violations: <none>

TIMING-17#210 Warning
Non-clocked sequential cell  
The clock pin u_touch_top/u_touch_dri/i2c_data_w_reg[2]/C is not reached by a timing clock
Related violations: <none>

TIMING-17#211 Warning
Non-clocked sequential cell  
The clock pin u_touch_top/u_touch_dri/i2c_data_w_reg[3]/C is not reached by a timing clock
Related violations: <none>

TIMING-17#212 Warning
Non-clocked sequential cell  
The clock pin u_touch_top/u_touch_dri/i2c_data_w_reg[4]/C is not reached by a timing clock
Related violations: <none>

TIMING-17#213 Warning
Non-clocked sequential cell  
The clock pin u_touch_top/u_touch_dri/i2c_exec_reg/C is not reached by a timing clock
Related violations: <none>

TIMING-17#214 Warning
Non-clocked sequential cell  
The clock pin u_touch_top/u_touch_dri/i2c_rh_wl_reg/C is not reached by a timing clock
Related violations: <none>

TIMING-17#215 Warning
Non-clocked sequential cell  
The clock pin u_touch_top/u_touch_dri/reg_num_reg[0]/C is not reached by a timing clock
Related violations: <none>

TIMING-17#216 Warning
Non-clocked sequential cell  
The clock pin u_touch_top/u_touch_dri/reg_num_reg[1]/C is not reached by a timing clock
Related violations: <none>

TIMING-17#217 Warning
Non-clocked sequential cell  
The clock pin u_touch_top/u_touch_dri/reg_num_reg[2]/C is not reached by a timing clock
Related violations: <none>

TIMING-17#218 Warning
Non-clocked sequential cell  
The clock pin u_touch_top/u_touch_dri/slave_addr_reg[4]/C is not reached by a timing clock
Related violations: <none>

TIMING-17#219 Warning
Non-clocked sequential cell  
The clock pin u_touch_top/u_touch_dri/slave_addr_reg[5]/C is not reached by a timing clock
Related violations: <none>

TIMING-17#220 Warning
Non-clocked sequential cell  
The clock pin u_touch_top/u_touch_dri/st_done_reg/C is not reached by a timing clock
Related violations: <none>

TIMING-17#221 Warning
Non-clocked sequential cell  
The clock pin u_touch_top/u_touch_dri/touch_int_dir_reg/C is not reached by a timing clock
Related violations: <none>

TIMING-17#222 Warning
Non-clocked sequential cell  
The clock pin u_touch_top/u_touch_dri/touch_int_out_reg/C is not reached by a timing clock
Related violations: <none>

TIMING-17#223 Warning
Non-clocked sequential cell  
The clock pin u_touch_top/u_touch_dri/touch_rst_n_reg/C is not reached by a timing clock
Related violations: <none>

TIMING-17#224 Warning
Non-clocked sequential cell  
The clock pin u_touch_top/u_touch_dri/touch_s_reg_reg[1]/C is not reached by a timing clock
Related violations: <none>

TIMING-17#225 Warning
Non-clocked sequential cell  
The clock pin u_touch_top/u_touch_dri/touch_valid_reg/C is not reached by a timing clock
Related violations: <none>

TIMING-17#226 Warning
Non-clocked sequential cell  
The clock pin u_touch_top/u_touch_dri/tp_x_coord_reg[0]/C is not reached by a timing clock
Related violations: <none>

TIMING-17#227 Warning
Non-clocked sequential cell  
The clock pin u_touch_top/u_touch_dri/tp_x_coord_reg[10]/C is not reached by a timing clock
Related violations: <none>

TIMING-17#228 Warning
Non-clocked sequential cell  
The clock pin u_touch_top/u_touch_dri/tp_x_coord_reg[11]/C is not reached by a timing clock
Related violations: <none>

TIMING-17#229 Warning
Non-clocked sequential cell  
The clock pin u_touch_top/u_touch_dri/tp_x_coord_reg[12]/C is not reached by a timing clock
Related violations: <none>

TIMING-17#230 Warning
Non-clocked sequential cell  
The clock pin u_touch_top/u_touch_dri/tp_x_coord_reg[13]/C is not reached by a timing clock
Related violations: <none>

TIMING-17#231 Warning
Non-clocked sequential cell  
The clock pin u_touch_top/u_touch_dri/tp_x_coord_reg[14]/C is not reached by a timing clock
Related violations: <none>

TIMING-17#232 Warning
Non-clocked sequential cell  
The clock pin u_touch_top/u_touch_dri/tp_x_coord_reg[15]/C is not reached by a timing clock
Related violations: <none>

TIMING-17#233 Warning
Non-clocked sequential cell  
The clock pin u_touch_top/u_touch_dri/tp_x_coord_reg[1]/C is not reached by a timing clock
Related violations: <none>

TIMING-17#234 Warning
Non-clocked sequential cell  
The clock pin u_touch_top/u_touch_dri/tp_x_coord_reg[2]/C is not reached by a timing clock
Related violations: <none>

TIMING-17#235 Warning
Non-clocked sequential cell  
The clock pin u_touch_top/u_touch_dri/tp_x_coord_reg[3]/C is not reached by a timing clock
Related violations: <none>

TIMING-17#236 Warning
Non-clocked sequential cell  
The clock pin u_touch_top/u_touch_dri/tp_x_coord_reg[4]/C is not reached by a timing clock
Related violations: <none>

TIMING-17#237 Warning
Non-clocked sequential cell  
The clock pin u_touch_top/u_touch_dri/tp_x_coord_reg[5]/C is not reached by a timing clock
Related violations: <none>

TIMING-17#238 Warning
Non-clocked sequential cell  
The clock pin u_touch_top/u_touch_dri/tp_x_coord_reg[6]/C is not reached by a timing clock
Related violations: <none>

TIMING-17#239 Warning
Non-clocked sequential cell  
The clock pin u_touch_top/u_touch_dri/tp_x_coord_reg[7]/C is not reached by a timing clock
Related violations: <none>

TIMING-17#240 Warning
Non-clocked sequential cell  
The clock pin u_touch_top/u_touch_dri/tp_x_coord_reg[8]/C is not reached by a timing clock
Related violations: <none>

TIMING-17#241 Warning
Non-clocked sequential cell  
The clock pin u_touch_top/u_touch_dri/tp_x_coord_reg[9]/C is not reached by a timing clock
Related violations: <none>

TIMING-17#242 Warning
Non-clocked sequential cell  
The clock pin u_touch_top/u_touch_dri/tp_x_coord_t_reg[0]/C is not reached by a timing clock
Related violations: <none>

TIMING-17#243 Warning
Non-clocked sequential cell  
The clock pin u_touch_top/u_touch_dri/tp_x_coord_t_reg[10]/C is not reached by a timing clock
Related violations: <none>

TIMING-17#244 Warning
Non-clocked sequential cell  
The clock pin u_touch_top/u_touch_dri/tp_x_coord_t_reg[11]/C is not reached by a timing clock
Related violations: <none>

TIMING-17#245 Warning
Non-clocked sequential cell  
The clock pin u_touch_top/u_touch_dri/tp_x_coord_t_reg[12]/C is not reached by a timing clock
Related violations: <none>

TIMING-17#246 Warning
Non-clocked sequential cell  
The clock pin u_touch_top/u_touch_dri/tp_x_coord_t_reg[13]/C is not reached by a timing clock
Related violations: <none>

TIMING-17#247 Warning
Non-clocked sequential cell  
The clock pin u_touch_top/u_touch_dri/tp_x_coord_t_reg[14]/C is not reached by a timing clock
Related violations: <none>

TIMING-17#248 Warning
Non-clocked sequential cell  
The clock pin u_touch_top/u_touch_dri/tp_x_coord_t_reg[15]/C is not reached by a timing clock
Related violations: <none>

TIMING-17#249 Warning
Non-clocked sequential cell  
The clock pin u_touch_top/u_touch_dri/tp_x_coord_t_reg[1]/C is not reached by a timing clock
Related violations: <none>

TIMING-17#250 Warning
Non-clocked sequential cell  
The clock pin u_touch_top/u_touch_dri/tp_x_coord_t_reg[2]/C is not reached by a timing clock
Related violations: <none>

TIMING-17#251 Warning
Non-clocked sequential cell  
The clock pin u_touch_top/u_touch_dri/tp_x_coord_t_reg[3]/C is not reached by a timing clock
Related violations: <none>

TIMING-17#252 Warning
Non-clocked sequential cell  
The clock pin u_touch_top/u_touch_dri/tp_x_coord_t_reg[4]/C is not reached by a timing clock
Related violations: <none>

TIMING-17#253 Warning
Non-clocked sequential cell  
The clock pin u_touch_top/u_touch_dri/tp_x_coord_t_reg[5]/C is not reached by a timing clock
Related violations: <none>

TIMING-17#254 Warning
Non-clocked sequential cell  
The clock pin u_touch_top/u_touch_dri/tp_x_coord_t_reg[6]/C is not reached by a timing clock
Related violations: <none>

TIMING-17#255 Warning
Non-clocked sequential cell  
The clock pin u_touch_top/u_touch_dri/tp_x_coord_t_reg[7]/C is not reached by a timing clock
Related violations: <none>

TIMING-17#256 Warning
Non-clocked sequential cell  
The clock pin u_touch_top/u_touch_dri/tp_x_coord_t_reg[8]/C is not reached by a timing clock
Related violations: <none>

TIMING-17#257 Warning
Non-clocked sequential cell  
The clock pin u_touch_top/u_touch_dri/tp_x_coord_t_reg[9]/C is not reached by a timing clock
Related violations: <none>

TIMING-17#258 Warning
Non-clocked sequential cell  
The clock pin u_touch_top/u_touch_dri/tp_y_coord_reg[0]/C is not reached by a timing clock
Related violations: <none>

TIMING-17#259 Warning
Non-clocked sequential cell  
The clock pin u_touch_top/u_touch_dri/tp_y_coord_reg[10]/C is not reached by a timing clock
Related violations: <none>

TIMING-17#260 Warning
Non-clocked sequential cell  
The clock pin u_touch_top/u_touch_dri/tp_y_coord_reg[11]/C is not reached by a timing clock
Related violations: <none>

TIMING-17#261 Warning
Non-clocked sequential cell  
The clock pin u_touch_top/u_touch_dri/tp_y_coord_reg[12]/C is not reached by a timing clock
Related violations: <none>

TIMING-17#262 Warning
Non-clocked sequential cell  
The clock pin u_touch_top/u_touch_dri/tp_y_coord_reg[13]/C is not reached by a timing clock
Related violations: <none>

TIMING-17#263 Warning
Non-clocked sequential cell  
The clock pin u_touch_top/u_touch_dri/tp_y_coord_reg[14]/C is not reached by a timing clock
Related violations: <none>

TIMING-17#264 Warning
Non-clocked sequential cell  
The clock pin u_touch_top/u_touch_dri/tp_y_coord_reg[15]/C is not reached by a timing clock
Related violations: <none>

TIMING-17#265 Warning
Non-clocked sequential cell  
The clock pin u_touch_top/u_touch_dri/tp_y_coord_reg[1]/C is not reached by a timing clock
Related violations: <none>

TIMING-17#266 Warning
Non-clocked sequential cell  
The clock pin u_touch_top/u_touch_dri/tp_y_coord_reg[2]/C is not reached by a timing clock
Related violations: <none>

TIMING-17#267 Warning
Non-clocked sequential cell  
The clock pin u_touch_top/u_touch_dri/tp_y_coord_reg[3]/C is not reached by a timing clock
Related violations: <none>

TIMING-17#268 Warning
Non-clocked sequential cell  
The clock pin u_touch_top/u_touch_dri/tp_y_coord_reg[4]/C is not reached by a timing clock
Related violations: <none>

TIMING-17#269 Warning
Non-clocked sequential cell  
The clock pin u_touch_top/u_touch_dri/tp_y_coord_reg[5]/C is not reached by a timing clock
Related violations: <none>

TIMING-17#270 Warning
Non-clocked sequential cell  
The clock pin u_touch_top/u_touch_dri/tp_y_coord_reg[6]/C is not reached by a timing clock
Related violations: <none>

TIMING-17#271 Warning
Non-clocked sequential cell  
The clock pin u_touch_top/u_touch_dri/tp_y_coord_reg[7]/C is not reached by a timing clock
Related violations: <none>

TIMING-17#272 Warning
Non-clocked sequential cell  
The clock pin u_touch_top/u_touch_dri/tp_y_coord_reg[8]/C is not reached by a timing clock
Related violations: <none>

TIMING-17#273 Warning
Non-clocked sequential cell  
The clock pin u_touch_top/u_touch_dri/tp_y_coord_reg[9]/C is not reached by a timing clock
Related violations: <none>

TIMING-17#274 Warning
Non-clocked sequential cell  
The clock pin u_touch_top/u_touch_dri/tp_y_coord_t_reg[0]/C is not reached by a timing clock
Related violations: <none>

TIMING-17#275 Warning
Non-clocked sequential cell  
The clock pin u_touch_top/u_touch_dri/tp_y_coord_t_reg[10]/C is not reached by a timing clock
Related violations: <none>

TIMING-17#276 Warning
Non-clocked sequential cell  
The clock pin u_touch_top/u_touch_dri/tp_y_coord_t_reg[11]/C is not reached by a timing clock
Related violations: <none>

TIMING-17#277 Warning
Non-clocked sequential cell  
The clock pin u_touch_top/u_touch_dri/tp_y_coord_t_reg[12]/C is not reached by a timing clock
Related violations: <none>

TIMING-17#278 Warning
Non-clocked sequential cell  
The clock pin u_touch_top/u_touch_dri/tp_y_coord_t_reg[13]/C is not reached by a timing clock
Related violations: <none>

TIMING-17#279 Warning
Non-clocked sequential cell  
The clock pin u_touch_top/u_touch_dri/tp_y_coord_t_reg[14]/C is not reached by a timing clock
Related violations: <none>

TIMING-17#280 Warning
Non-clocked sequential cell  
The clock pin u_touch_top/u_touch_dri/tp_y_coord_t_reg[15]/C is not reached by a timing clock
Related violations: <none>

TIMING-17#281 Warning
Non-clocked sequential cell  
The clock pin u_touch_top/u_touch_dri/tp_y_coord_t_reg[1]/C is not reached by a timing clock
Related violations: <none>

TIMING-17#282 Warning
Non-clocked sequential cell  
The clock pin u_touch_top/u_touch_dri/tp_y_coord_t_reg[2]/C is not reached by a timing clock
Related violations: <none>

TIMING-17#283 Warning
Non-clocked sequential cell  
The clock pin u_touch_top/u_touch_dri/tp_y_coord_t_reg[3]/C is not reached by a timing clock
Related violations: <none>

TIMING-17#284 Warning
Non-clocked sequential cell  
The clock pin u_touch_top/u_touch_dri/tp_y_coord_t_reg[4]/C is not reached by a timing clock
Related violations: <none>

TIMING-17#285 Warning
Non-clocked sequential cell  
The clock pin u_touch_top/u_touch_dri/tp_y_coord_t_reg[5]/C is not reached by a timing clock
Related violations: <none>

TIMING-17#286 Warning
Non-clocked sequential cell  
The clock pin u_touch_top/u_touch_dri/tp_y_coord_t_reg[6]/C is not reached by a timing clock
Related violations: <none>

TIMING-17#287 Warning
Non-clocked sequential cell  
The clock pin u_touch_top/u_touch_dri/tp_y_coord_t_reg[7]/C is not reached by a timing clock
Related violations: <none>

TIMING-17#288 Warning
Non-clocked sequential cell  
The clock pin u_touch_top/u_touch_dri/tp_y_coord_t_reg[8]/C is not reached by a timing clock
Related violations: <none>

TIMING-17#289 Warning
Non-clocked sequential cell  
The clock pin u_touch_top/u_touch_dri/tp_y_coord_t_reg[9]/C is not reached by a timing clock
Related violations: <none>

TIMING-17#290 Warning
Non-clocked sequential cell  
The clock pin u_touch_top/u_touch_state/click_pulse_reg/C is not reached by a timing clock
Related violations: <none>

TIMING-17#291 Warning
Non-clocked sequential cell  
The clock pin u_touch_top/u_touch_state/debounce_cnt_reg[0]/C is not reached by a timing clock
Related violations: <none>

TIMING-17#292 Warning
Non-clocked sequential cell  
The clock pin u_touch_top/u_touch_state/debounce_cnt_reg[10]/C is not reached by a timing clock
Related violations: <none>

TIMING-17#293 Warning
Non-clocked sequential cell  
The clock pin u_touch_top/u_touch_state/debounce_cnt_reg[11]/C is not reached by a timing clock
Related violations: <none>

TIMING-17#294 Warning
Non-clocked sequential cell  
The clock pin u_touch_top/u_touch_state/debounce_cnt_reg[12]/C is not reached by a timing clock
Related violations: <none>

TIMING-17#295 Warning
Non-clocked sequential cell  
The clock pin u_touch_top/u_touch_state/debounce_cnt_reg[13]/C is not reached by a timing clock
Related violations: <none>

TIMING-17#296 Warning
Non-clocked sequential cell  
The clock pin u_touch_top/u_touch_state/debounce_cnt_reg[14]/C is not reached by a timing clock
Related violations: <none>

TIMING-17#297 Warning
Non-clocked sequential cell  
The clock pin u_touch_top/u_touch_state/debounce_cnt_reg[15]/C is not reached by a timing clock
Related violations: <none>

TIMING-17#298 Warning
Non-clocked sequential cell  
The clock pin u_touch_top/u_touch_state/debounce_cnt_reg[16]/C is not reached by a timing clock
Related violations: <none>

TIMING-17#299 Warning
Non-clocked sequential cell  
The clock pin u_touch_top/u_touch_state/debounce_cnt_reg[17]/C is not reached by a timing clock
Related violations: <none>

TIMING-17#300 Warning
Non-clocked sequential cell  
The clock pin u_touch_top/u_touch_state/debounce_cnt_reg[18]/C is not reached by a timing clock
Related violations: <none>

TIMING-17#301 Warning
Non-clocked sequential cell  
The clock pin u_touch_top/u_touch_state/debounce_cnt_reg[19]/C is not reached by a timing clock
Related violations: <none>

TIMING-17#302 Warning
Non-clocked sequential cell  
The clock pin u_touch_top/u_touch_state/debounce_cnt_reg[1]/C is not reached by a timing clock
Related violations: <none>

TIMING-17#303 Warning
Non-clocked sequential cell  
The clock pin u_touch_top/u_touch_state/debounce_cnt_reg[20]/C is not reached by a timing clock
Related violations: <none>

TIMING-17#304 Warning
Non-clocked sequential cell  
The clock pin u_touch_top/u_touch_state/debounce_cnt_reg[21]/C is not reached by a timing clock
Related violations: <none>

TIMING-17#305 Warning
Non-clocked sequential cell  
The clock pin u_touch_top/u_touch_state/debounce_cnt_reg[22]/C is not reached by a timing clock
Related violations: <none>

TIMING-17#306 Warning
Non-clocked sequential cell  
The clock pin u_touch_top/u_touch_state/debounce_cnt_reg[23]/C is not reached by a timing clock
Related violations: <none>

TIMING-17#307 Warning
Non-clocked sequential cell  
The clock pin u_touch_top/u_touch_state/debounce_cnt_reg[24]/C is not reached by a timing clock
Related violations: <none>

TIMING-17#308 Warning
Non-clocked sequential cell  
The clock pin u_touch_top/u_touch_state/debounce_cnt_reg[25]/C is not reached by a timing clock
Related violations: <none>

TIMING-17#309 Warning
Non-clocked sequential cell  
The clock pin u_touch_top/u_touch_state/debounce_cnt_reg[26]/C is not reached by a timing clock
Related violations: <none>

TIMING-17#310 Warning
Non-clocked sequential cell  
The clock pin u_touch_top/u_touch_state/debounce_cnt_reg[27]/C is not reached by a timing clock
Related violations: <none>

TIMING-17#311 Warning
Non-clocked sequential cell  
The clock pin u_touch_top/u_touch_state/debounce_cnt_reg[28]/C is not reached by a timing clock
Related violations: <none>

TIMING-17#312 Warning
Non-clocked sequential cell  
The clock pin u_touch_top/u_touch_state/debounce_cnt_reg[29]/C is not reached by a timing clock
Related violations: <none>

TIMING-17#313 Warning
Non-clocked sequential cell  
The clock pin u_touch_top/u_touch_state/debounce_cnt_reg[2]/C is not reached by a timing clock
Related violations: <none>

TIMING-17#314 Warning
Non-clocked sequential cell  
The clock pin u_touch_top/u_touch_state/debounce_cnt_reg[30]/C is not reached by a timing clock
Related violations: <none>

TIMING-17#315 Warning
Non-clocked sequential cell  
The clock pin u_touch_top/u_touch_state/debounce_cnt_reg[31]/C is not reached by a timing clock
Related violations: <none>

TIMING-17#316 Warning
Non-clocked sequential cell  
The clock pin u_touch_top/u_touch_state/debounce_cnt_reg[3]/C is not reached by a timing clock
Related violations: <none>

TIMING-17#317 Warning
Non-clocked sequential cell  
The clock pin u_touch_top/u_touch_state/debounce_cnt_reg[4]/C is not reached by a timing clock
Related violations: <none>

TIMING-17#318 Warning
Non-clocked sequential cell  
The clock pin u_touch_top/u_touch_state/debounce_cnt_reg[5]/C is not reached by a timing clock
Related violations: <none>

TIMING-17#319 Warning
Non-clocked sequential cell  
The clock pin u_touch_top/u_touch_state/debounce_cnt_reg[6]/C is not reached by a timing clock
Related violations: <none>

TIMING-17#320 Warning
Non-clocked sequential cell  
The clock pin u_touch_top/u_touch_state/debounce_cnt_reg[7]/C is not reached by a timing clock
Related violations: <none>

TIMING-17#321 Warning
Non-clocked sequential cell  
The clock pin u_touch_top/u_touch_state/debounce_cnt_reg[8]/C is not reached by a timing clock
Related violations: <none>

TIMING-17#322 Warning
Non-clocked sequential cell  
The clock pin u_touch_top/u_touch_state/debounce_cnt_reg[9]/C is not reached by a timing clock
Related violations: <none>

TIMING-17#323 Warning
Non-clocked sequential cell  
The clock pin u_touch_top/u_touch_state/drag_latched_reg/C is not reached by a timing clock
Related violations: <none>

TIMING-17#324 Warning
Non-clocked sequential cell  
The clock pin u_touch_top/u_touch_state/drag_state_reg/C is not reached by a timing clock
Related violations: <none>

TIMING-17#325 Warning
Non-clocked sequential cell  
The clock pin u_touch_top/u_touch_state/hold_ms_cnt_reg[0]/C is not reached by a timing clock
Related violations: <none>

TIMING-17#326 Warning
Non-clocked sequential cell  
The clock pin u_touch_top/u_touch_state/hold_ms_cnt_reg[10]/C is not reached by a timing clock
Related violations: <none>

TIMING-17#327 Warning
Non-clocked sequential cell  
The clock pin u_touch_top/u_touch_state/hold_ms_cnt_reg[11]/C is not reached by a timing clock
Related violations: <none>

TIMING-17#328 Warning
Non-clocked sequential cell  
The clock pin u_touch_top/u_touch_state/hold_ms_cnt_reg[12]/C is not reached by a timing clock
Related violations: <none>

TIMING-17#329 Warning
Non-clocked sequential cell  
The clock pin u_touch_top/u_touch_state/hold_ms_cnt_reg[13]/C is not reached by a timing clock
Related violations: <none>

TIMING-17#330 Warning
Non-clocked sequential cell  
The clock pin u_touch_top/u_touch_state/hold_ms_cnt_reg[14]/C is not reached by a timing clock
Related violations: <none>

TIMING-17#331 Warning
Non-clocked sequential cell  
The clock pin u_touch_top/u_touch_state/hold_ms_cnt_reg[15]/C is not reached by a timing clock
Related violations: <none>

TIMING-17#332 Warning
Non-clocked sequential cell  
The clock pin u_touch_top/u_touch_state/hold_ms_cnt_reg[1]/C is not reached by a timing clock
Related violations: <none>

TIMING-17#333 Warning
Non-clocked sequential cell  
The clock pin u_touch_top/u_touch_state/hold_ms_cnt_reg[2]/C is not reached by a timing clock
Related violations: <none>

TIMING-17#334 Warning
Non-clocked sequential cell  
The clock pin u_touch_top/u_touch_state/hold_ms_cnt_reg[3]/C is not reached by a timing clock
Related violations: <none>

TIMING-17#335 Warning
Non-clocked sequential cell  
The clock pin u_touch_top/u_touch_state/hold_ms_cnt_reg[4]/C is not reached by a timing clock
Related violations: <none>

TIMING-17#336 Warning
Non-clocked sequential cell  
The clock pin u_touch_top/u_touch_state/hold_ms_cnt_reg[5]/C is not reached by a timing clock
Related violations: <none>

TIMING-17#337 Warning
Non-clocked sequential cell  
The clock pin u_touch_top/u_touch_state/hold_ms_cnt_reg[6]/C is not reached by a timing clock
Related violations: <none>

TIMING-17#338 Warning
Non-clocked sequential cell  
The clock pin u_touch_top/u_touch_state/hold_ms_cnt_reg[7]/C is not reached by a timing clock
Related violations: <none>

TIMING-17#339 Warning
Non-clocked sequential cell  
The clock pin u_touch_top/u_touch_state/hold_ms_cnt_reg[8]/C is not reached by a timing clock
Related violations: <none>

TIMING-17#340 Warning
Non-clocked sequential cell  
The clock pin u_touch_top/u_touch_state/hold_ms_cnt_reg[9]/C is not reached by a timing clock
Related violations: <none>

TIMING-17#341 Warning
Non-clocked sequential cell  
The clock pin u_touch_top/u_touch_state/long_press_latched_reg/C is not reached by a timing clock
Related violations: <none>

TIMING-17#342 Warning
Non-clocked sequential cell  
The clock pin u_touch_top/u_touch_state/long_press_state_reg/C is not reached by a timing clock
Related violations: <none>

TIMING-17#343 Warning
Non-clocked sequential cell  
The clock pin u_touch_top/u_touch_state/ms_div_cnt_reg[0]/C is not reached by a timing clock
Related violations: <none>

TIMING-17#344 Warning
Non-clocked sequential cell  
The clock pin u_touch_top/u_touch_state/ms_div_cnt_reg[10]/C is not reached by a timing clock
Related violations: <none>

TIMING-17#345 Warning
Non-clocked sequential cell  
The clock pin u_touch_top/u_touch_state/ms_div_cnt_reg[11]/C is not reached by a timing clock
Related violations: <none>

TIMING-17#346 Warning
Non-clocked sequential cell  
The clock pin u_touch_top/u_touch_state/ms_div_cnt_reg[12]/C is not reached by a timing clock
Related violations: <none>

TIMING-17#347 Warning
Non-clocked sequential cell  
The clock pin u_touch_top/u_touch_state/ms_div_cnt_reg[13]/C is not reached by a timing clock
Related violations: <none>

TIMING-17#348 Warning
Non-clocked sequential cell  
The clock pin u_touch_top/u_touch_state/ms_div_cnt_reg[14]/C is not reached by a timing clock
Related violations: <none>

TIMING-17#349 Warning
Non-clocked sequential cell  
The clock pin u_touch_top/u_touch_state/ms_div_cnt_reg[15]/C is not reached by a timing clock
Related violations: <none>

TIMING-17#350 Warning
Non-clocked sequential cell  
The clock pin u_touch_top/u_touch_state/ms_div_cnt_reg[16]/C is not reached by a timing clock
Related violations: <none>

TIMING-17#351 Warning
Non-clocked sequential cell  
The clock pin u_touch_top/u_touch_state/ms_div_cnt_reg[17]/C is not reached by a timing clock
Related violations: <none>

TIMING-17#352 Warning
Non-clocked sequential cell  
The clock pin u_touch_top/u_touch_state/ms_div_cnt_reg[18]/C is not reached by a timing clock
Related violations: <none>

TIMING-17#353 Warning
Non-clocked sequential cell  
The clock pin u_touch_top/u_touch_state/ms_div_cnt_reg[19]/C is not reached by a timing clock
Related violations: <none>

TIMING-17#354 Warning
Non-clocked sequential cell  
The clock pin u_touch_top/u_touch_state/ms_div_cnt_reg[1]/C is not reached by a timing clock
Related violations: <none>

TIMING-17#355 Warning
Non-clocked sequential cell  
The clock pin u_touch_top/u_touch_state/ms_div_cnt_reg[20]/C is not reached by a timing clock
Related violations: <none>

TIMING-17#356 Warning
Non-clocked sequential cell  
The clock pin u_touch_top/u_touch_state/ms_div_cnt_reg[21]/C is not reached by a timing clock
Related violations: <none>

TIMING-17#357 Warning
Non-clocked sequential cell  
The clock pin u_touch_top/u_touch_state/ms_div_cnt_reg[22]/C is not reached by a timing clock
Related violations: <none>

TIMING-17#358 Warning
Non-clocked sequential cell  
The clock pin u_touch_top/u_touch_state/ms_div_cnt_reg[23]/C is not reached by a timing clock
Related violations: <none>

TIMING-17#359 Warning
Non-clocked sequential cell  
The clock pin u_touch_top/u_touch_state/ms_div_cnt_reg[24]/C is not reached by a timing clock
Related violations: <none>

TIMING-17#360 Warning
Non-clocked sequential cell  
The clock pin u_touch_top/u_touch_state/ms_div_cnt_reg[25]/C is not reached by a timing clock
Related violations: <none>

TIMING-17#361 Warning
Non-clocked sequential cell  
The clock pin u_touch_top/u_touch_state/ms_div_cnt_reg[26]/C is not reached by a timing clock
Related violations: <none>

TIMING-17#362 Warning
Non-clocked sequential cell  
The clock pin u_touch_top/u_touch_state/ms_div_cnt_reg[27]/C is not reached by a timing clock
Related violations: <none>

TIMING-17#363 Warning
Non-clocked sequential cell  
The clock pin u_touch_top/u_touch_state/ms_div_cnt_reg[28]/C is not reached by a timing clock
Related violations: <none>

TIMING-17#364 Warning
Non-clocked sequential cell  
The clock pin u_touch_top/u_touch_state/ms_div_cnt_reg[29]/C is not reached by a timing clock
Related violations: <none>

TIMING-17#365 Warning
Non-clocked sequential cell  
The clock pin u_touch_top/u_touch_state/ms_div_cnt_reg[2]/C is not reached by a timing clock
Related violations: <none>

TIMING-17#366 Warning
Non-clocked sequential cell  
The clock pin u_touch_top/u_touch_state/ms_div_cnt_reg[30]/C is not reached by a timing clock
Related violations: <none>

TIMING-17#367 Warning
Non-clocked sequential cell  
The clock pin u_touch_top/u_touch_state/ms_div_cnt_reg[31]/C is not reached by a timing clock
Related violations: <none>

TIMING-17#368 Warning
Non-clocked sequential cell  
The clock pin u_touch_top/u_touch_state/ms_div_cnt_reg[3]/C is not reached by a timing clock
Related violations: <none>

TIMING-17#369 Warning
Non-clocked sequential cell  
The clock pin u_touch_top/u_touch_state/ms_div_cnt_reg[4]/C is not reached by a timing clock
Related violations: <none>

TIMING-17#370 Warning
Non-clocked sequential cell  
The clock pin u_touch_top/u_touch_state/ms_div_cnt_reg[5]/C is not reached by a timing clock
Related violations: <none>

TIMING-17#371 Warning
Non-clocked sequential cell  
The clock pin u_touch_top/u_touch_state/ms_div_cnt_reg[6]/C is not reached by a timing clock
Related violations: <none>

TIMING-17#372 Warning
Non-clocked sequential cell  
The clock pin u_touch_top/u_touch_state/ms_div_cnt_reg[7]/C is not reached by a timing clock
Related violations: <none>

TIMING-17#373 Warning
Non-clocked sequential cell  
The clock pin u_touch_top/u_touch_state/ms_div_cnt_reg[8]/C is not reached by a timing clock
Related violations: <none>

TIMING-17#374 Warning
Non-clocked sequential cell  
The clock pin u_touch_top/u_touch_state/ms_div_cnt_reg[9]/C is not reached by a timing clock
Related violations: <none>

TIMING-17#375 Warning
Non-clocked sequential cell  
The clock pin u_touch_top/u_touch_state/pressed_reg/C is not reached by a timing clock
Related violations: <none>

TIMING-17#376 Warning
Non-clocked sequential cell  
The clock pin u_touch_top/u_touch_state/start_locked_reg/C is not reached by a timing clock
Related violations: <none>

TIMING-17#377 Warning
Non-clocked sequential cell  
The clock pin u_touch_top/u_touch_state/start_x_reg[0]/C is not reached by a timing clock
Related violations: <none>

TIMING-17#378 Warning
Non-clocked sequential cell  
The clock pin u_touch_top/u_touch_state/start_x_reg[10]/C is not reached by a timing clock
Related violations: <none>

TIMING-17#379 Warning
Non-clocked sequential cell  
The clock pin u_touch_top/u_touch_state/start_x_reg[11]/C is not reached by a timing clock
Related violations: <none>

TIMING-17#380 Warning
Non-clocked sequential cell  
The clock pin u_touch_top/u_touch_state/start_x_reg[12]/C is not reached by a timing clock
Related violations: <none>

TIMING-17#381 Warning
Non-clocked sequential cell  
The clock pin u_touch_top/u_touch_state/start_x_reg[13]/C is not reached by a timing clock
Related violations: <none>

TIMING-17#382 Warning
Non-clocked sequential cell  
The clock pin u_touch_top/u_touch_state/start_x_reg[14]/C is not reached by a timing clock
Related violations: <none>

TIMING-17#383 Warning
Non-clocked sequential cell  
The clock pin u_touch_top/u_touch_state/start_x_reg[15]/C is not reached by a timing clock
Related violations: <none>

TIMING-17#384 Warning
Non-clocked sequential cell  
The clock pin u_touch_top/u_touch_state/start_x_reg[1]/C is not reached by a timing clock
Related violations: <none>

TIMING-17#385 Warning
Non-clocked sequential cell  
The clock pin u_touch_top/u_touch_state/start_x_reg[2]/C is not reached by a timing clock
Related violations: <none>

TIMING-17#386 Warning
Non-clocked sequential cell  
The clock pin u_touch_top/u_touch_state/start_x_reg[3]/C is not reached by a timing clock
Related violations: <none>

TIMING-17#387 Warning
Non-clocked sequential cell  
The clock pin u_touch_top/u_touch_state/start_x_reg[4]/C is not reached by a timing clock
Related violations: <none>

TIMING-17#388 Warning
Non-clocked sequential cell  
The clock pin u_touch_top/u_touch_state/start_x_reg[5]/C is not reached by a timing clock
Related violations: <none>

TIMING-17#389 Warning
Non-clocked sequential cell  
The clock pin u_touch_top/u_touch_state/start_x_reg[6]/C is not reached by a timing clock
Related violations: <none>

TIMING-17#390 Warning
Non-clocked sequential cell  
The clock pin u_touch_top/u_touch_state/start_x_reg[7]/C is not reached by a timing clock
Related violations: <none>

TIMING-17#391 Warning
Non-clocked sequential cell  
The clock pin u_touch_top/u_touch_state/start_x_reg[8]/C is not reached by a timing clock
Related violations: <none>

TIMING-17#392 Warning
Non-clocked sequential cell  
The clock pin u_touch_top/u_touch_state/start_x_reg[9]/C is not reached by a timing clock
Related violations: <none>

TIMING-17#393 Warning
Non-clocked sequential cell  
The clock pin u_touch_top/u_touch_state/start_y_reg[0]/C is not reached by a timing clock
Related violations: <none>

TIMING-17#394 Warning
Non-clocked sequential cell  
The clock pin u_touch_top/u_touch_state/start_y_reg[10]/C is not reached by a timing clock
Related violations: <none>

TIMING-17#395 Warning
Non-clocked sequential cell  
The clock pin u_touch_top/u_touch_state/start_y_reg[11]/C is not reached by a timing clock
Related violations: <none>

TIMING-17#396 Warning
Non-clocked sequential cell  
The clock pin u_touch_top/u_touch_state/start_y_reg[12]/C is not reached by a timing clock
Related violations: <none>

TIMING-17#397 Warning
Non-clocked sequential cell  
The clock pin u_touch_top/u_touch_state/start_y_reg[13]/C is not reached by a timing clock
Related violations: <none>

TIMING-17#398 Warning
Non-clocked sequential cell  
The clock pin u_touch_top/u_touch_state/start_y_reg[14]/C is not reached by a timing clock
Related violations: <none>

TIMING-17#399 Warning
Non-clocked sequential cell  
The clock pin u_touch_top/u_touch_state/start_y_reg[15]/C is not reached by a timing clock
Related violations: <none>

TIMING-17#400 Warning
Non-clocked sequential cell  
The clock pin u_touch_top/u_touch_state/start_y_reg[1]/C is not reached by a timing clock
Related violations: <none>

TIMING-17#401 Warning
Non-clocked sequential cell  
The clock pin u_touch_top/u_touch_state/start_y_reg[2]/C is not reached by a timing clock
Related violations: <none>

TIMING-17#402 Warning
Non-clocked sequential cell  
The clock pin u_touch_top/u_touch_state/start_y_reg[3]/C is not reached by a timing clock
Related violations: <none>

TIMING-17#403 Warning
Non-clocked sequential cell  
The clock pin u_touch_top/u_touch_state/start_y_reg[4]/C is not reached by a timing clock
Related violations: <none>

TIMING-17#404 Warning
Non-clocked sequential cell  
The clock pin u_touch_top/u_touch_state/start_y_reg[5]/C is not reached by a timing clock
Related violations: <none>

TIMING-17#405 Warning
Non-clocked sequential cell  
The clock pin u_touch_top/u_touch_state/start_y_reg[6]/C is not reached by a timing clock
Related violations: <none>

TIMING-17#406 Warning
Non-clocked sequential cell  
The clock pin u_touch_top/u_touch_state/start_y_reg[7]/C is not reached by a timing clock
Related violations: <none>

TIMING-17#407 Warning
Non-clocked sequential cell  
The clock pin u_touch_top/u_touch_state/start_y_reg[8]/C is not reached by a timing clock
Related violations: <none>

TIMING-17#408 Warning
Non-clocked sequential cell  
The clock pin u_touch_top/u_touch_state/start_y_reg[9]/C is not reached by a timing clock
Related violations: <none>

TIMING-17#409 Warning
Non-clocked sequential cell  
The clock pin u_touch_top/u_touch_state/touch_data_d0_reg[0]/C is not reached by a timing clock
Related violations: <none>

TIMING-17#410 Warning
Non-clocked sequential cell  
The clock pin u_touch_top/u_touch_state/touch_data_d0_reg[10]/C is not reached by a timing clock
Related violations: <none>

TIMING-17#411 Warning
Non-clocked sequential cell  
The clock pin u_touch_top/u_touch_state/touch_data_d0_reg[11]/C is not reached by a timing clock
Related violations: <none>

TIMING-17#412 Warning
Non-clocked sequential cell  
The clock pin u_touch_top/u_touch_state/touch_data_d0_reg[12]/C is not reached by a timing clock
Related violations: <none>

TIMING-17#413 Warning
Non-clocked sequential cell  
The clock pin u_touch_top/u_touch_state/touch_data_d0_reg[13]/C is not reached by a timing clock
Related violations: <none>

TIMING-17#414 Warning
Non-clocked sequential cell  
The clock pin u_touch_top/u_touch_state/touch_data_d0_reg[14]/C is not reached by a timing clock
Related violations: <none>

TIMING-17#415 Warning
Non-clocked sequential cell  
The clock pin u_touch_top/u_touch_state/touch_data_d0_reg[15]/C is not reached by a timing clock
Related violations: <none>

TIMING-17#416 Warning
Non-clocked sequential cell  
The clock pin u_touch_top/u_touch_state/touch_data_d0_reg[16]/C is not reached by a timing clock
Related violations: <none>

TIMING-17#417 Warning
Non-clocked sequential cell  
The clock pin u_touch_top/u_touch_state/touch_data_d0_reg[17]/C is not reached by a timing clock
Related violations: <none>

TIMING-17#418 Warning
Non-clocked sequential cell  
The clock pin u_touch_top/u_touch_state/touch_data_d0_reg[18]/C is not reached by a timing clock
Related violations: <none>

TIMING-17#419 Warning
Non-clocked sequential cell  
The clock pin u_touch_top/u_touch_state/touch_data_d0_reg[19]/C is not reached by a timing clock
Related violations: <none>

TIMING-17#420 Warning
Non-clocked sequential cell  
The clock pin u_touch_top/u_touch_state/touch_data_d0_reg[1]/C is not reached by a timing clock
Related violations: <none>

TIMING-17#421 Warning
Non-clocked sequential cell  
The clock pin u_touch_top/u_touch_state/touch_data_d0_reg[20]/C is not reached by a timing clock
Related violations: <none>

TIMING-17#422 Warning
Non-clocked sequential cell  
The clock pin u_touch_top/u_touch_state/touch_data_d0_reg[21]/C is not reached by a timing clock
Related violations: <none>

TIMING-17#423 Warning
Non-clocked sequential cell  
The clock pin u_touch_top/u_touch_state/touch_data_d0_reg[22]/C is not reached by a timing clock
Related violations: <none>

TIMING-17#424 Warning
Non-clocked sequential cell  
The clock pin u_touch_top/u_touch_state/touch_data_d0_reg[23]/C is not reached by a timing clock
Related violations: <none>

TIMING-17#425 Warning
Non-clocked sequential cell  
The clock pin u_touch_top/u_touch_state/touch_data_d0_reg[24]/C is not reached by a timing clock
Related violations: <none>

TIMING-17#426 Warning
Non-clocked sequential cell  
The clock pin u_touch_top/u_touch_state/touch_data_d0_reg[25]/C is not reached by a timing clock
Related violations: <none>

TIMING-17#427 Warning
Non-clocked sequential cell  
The clock pin u_touch_top/u_touch_state/touch_data_d0_reg[26]/C is not reached by a timing clock
Related violations: <none>

TIMING-17#428 Warning
Non-clocked sequential cell  
The clock pin u_touch_top/u_touch_state/touch_data_d0_reg[27]/C is not reached by a timing clock
Related violations: <none>

TIMING-17#429 Warning
Non-clocked sequential cell  
The clock pin u_touch_top/u_touch_state/touch_data_d0_reg[28]/C is not reached by a timing clock
Related violations: <none>

TIMING-17#430 Warning
Non-clocked sequential cell  
The clock pin u_touch_top/u_touch_state/touch_data_d0_reg[29]/C is not reached by a timing clock
Related violations: <none>

TIMING-17#431 Warning
Non-clocked sequential cell  
The clock pin u_touch_top/u_touch_state/touch_data_d0_reg[2]/C is not reached by a timing clock
Related violations: <none>

TIMING-17#432 Warning
Non-clocked sequential cell  
The clock pin u_touch_top/u_touch_state/touch_data_d0_reg[30]/C is not reached by a timing clock
Related violations: <none>

TIMING-17#433 Warning
Non-clocked sequential cell  
The clock pin u_touch_top/u_touch_state/touch_data_d0_reg[31]/C is not reached by a timing clock
Related violations: <none>

TIMING-17#434 Warning
Non-clocked sequential cell  
The clock pin u_touch_top/u_touch_state/touch_data_d0_reg[3]/C is not reached by a timing clock
Related violations: <none>

TIMING-17#435 Warning
Non-clocked sequential cell  
The clock pin u_touch_top/u_touch_state/touch_data_d0_reg[4]/C is not reached by a timing clock
Related violations: <none>

TIMING-17#436 Warning
Non-clocked sequential cell  
The clock pin u_touch_top/u_touch_state/touch_data_d0_reg[5]/C is not reached by a timing clock
Related violations: <none>

TIMING-17#437 Warning
Non-clocked sequential cell  
The clock pin u_touch_top/u_touch_state/touch_data_d0_reg[6]/C is not reached by a timing clock
Related violations: <none>

TIMING-17#438 Warning
Non-clocked sequential cell  
The clock pin u_touch_top/u_touch_state/touch_data_d0_reg[7]/C is not reached by a timing clock
Related violations: <none>

TIMING-17#439 Warning
Non-clocked sequential cell  
The clock pin u_touch_top/u_touch_state/touch_data_d0_reg[8]/C is not reached by a timing clock
Related violations: <none>

TIMING-17#440 Warning
Non-clocked sequential cell  
The clock pin u_touch_top/u_touch_state/touch_data_d0_reg[9]/C is not reached by a timing clock
Related violations: <none>

TIMING-17#441 Warning
Non-clocked sequential cell  
The clock pin u_touch_top/u_touch_state/touch_valid_filt_d0_reg/C is not reached by a timing clock
Related violations: <none>

TIMING-17#442 Warning
Non-clocked sequential cell  
The clock pin u_touch_top/u_touch_state/touch_valid_filt_reg/C is not reached by a timing clock
Related violations: <none>

TIMING-18#1 Warning
Missing input or output delay  
An input delay is missing on ad_busy relative to clock(s) sys_clk
Related violations: <none>

TIMING-18#2 Warning
Missing input or output delay  
An input delay is missing on ad_data[0] relative to clock(s) sys_clk
Related violations: <none>

TIMING-18#3 Warning
Missing input or output delay  
An input delay is missing on ad_data[10] relative to clock(s) sys_clk
Related violations: <none>

TIMING-18#4 Warning
Missing input or output delay  
An input delay is missing on ad_data[11] relative to clock(s) sys_clk
Related violations: <none>

TIMING-18#5 Warning
Missing input or output delay  
An input delay is missing on ad_data[12] relative to clock(s) sys_clk
Related violations: <none>

TIMING-18#6 Warning
Missing input or output delay  
An input delay is missing on ad_data[13] relative to clock(s) sys_clk
Related violations: <none>

TIMING-18#7 Warning
Missing input or output delay  
An input delay is missing on ad_data[14] relative to clock(s) sys_clk
Related violations: <none>

TIMING-18#8 Warning
Missing input or output delay  
An input delay is missing on ad_data[15] relative to clock(s) sys_clk
Related violations: <none>

TIMING-18#9 Warning
Missing input or output delay  
An input delay is missing on ad_data[1] relative to clock(s) sys_clk
Related violations: <none>

TIMING-18#10 Warning
Missing input or output delay  
An input delay is missing on ad_data[2] relative to clock(s) sys_clk
Related violations: <none>

TIMING-18#11 Warning
Missing input or output delay  
An input delay is missing on ad_data[3] relative to clock(s) sys_clk
Related violations: <none>

TIMING-18#12 Warning
Missing input or output delay  
An input delay is missing on ad_data[4] relative to clock(s) sys_clk
Related violations: <none>

TIMING-18#13 Warning
Missing input or output delay  
An input delay is missing on ad_data[5] relative to clock(s) sys_clk
Related violations: <none>

TIMING-18#14 Warning
Missing input or output delay  
An input delay is missing on ad_data[6] relative to clock(s) sys_clk
Related violations: <none>

TIMING-18#15 Warning
Missing input or output delay  
An input delay is missing on ad_data[7] relative to clock(s) sys_clk
Related violations: <none>

TIMING-18#16 Warning
Missing input or output delay  
An input delay is missing on ad_data[8] relative to clock(s) sys_clk
Related violations: <none>

TIMING-18#17 Warning
Missing input or output delay  
An input delay is missing on ad_data[9] relative to clock(s) sys_clk
Related violations: <none>

TIMING-18#18 Warning
Missing input or output delay  
An input delay is missing on ad_frstdata relative to clock(s) sys_clk
Related violations: <none>

TIMING-18#19 Warning
Missing input or output delay  
An input delay is missing on lcd_rgb[0] relative to clock(s) sys_clk
Related violations: <none>

TIMING-18#20 Warning
Missing input or output delay  
An input delay is missing on lcd_rgb[10] relative to clock(s) sys_clk
Related violations: <none>

TIMING-18#21 Warning
Missing input or output delay  
An input delay is missing on lcd_rgb[11] relative to clock(s) sys_clk
Related violations: <none>

TIMING-18#22 Warning
Missing input or output delay  
An input delay is missing on lcd_rgb[12] relative to clock(s) sys_clk
Related violations: <none>

TIMING-18#23 Warning
Missing input or output delay  
An input delay is missing on lcd_rgb[13] relative to clock(s) sys_clk
Related violations: <none>

TIMING-18#24 Warning
Missing input or output delay  
An input delay is missing on lcd_rgb[14] relative to clock(s) sys_clk
Related violations: <none>

TIMING-18#25 Warning
Missing input or output delay  
An input delay is missing on lcd_rgb[15] relative to clock(s) sys_clk
Related violations: <none>

TIMING-18#26 Warning
Missing input or output delay  
An input delay is missing on lcd_rgb[16] relative to clock(s) sys_clk
Related violations: <none>

TIMING-18#27 Warning
Missing input or output delay  
An input delay is missing on lcd_rgb[17] relative to clock(s) sys_clk
Related violations: <none>

TIMING-18#28 Warning
Missing input or output delay  
An input delay is missing on lcd_rgb[18] relative to clock(s) sys_clk
Related violations: <none>

TIMING-18#29 Warning
Missing input or output delay  
An input delay is missing on lcd_rgb[19] relative to clock(s) sys_clk
Related violations: <none>

TIMING-18#30 Warning
Missing input or output delay  
An input delay is missing on lcd_rgb[1] relative to clock(s) sys_clk
Related violations: <none>

TIMING-18#31 Warning
Missing input or output delay  
An input delay is missing on lcd_rgb[20] relative to clock(s) sys_clk
Related violations: <none>

TIMING-18#32 Warning
Missing input or output delay  
An input delay is missing on lcd_rgb[21] relative to clock(s) sys_clk
Related violations: <none>

TIMING-18#33 Warning
Missing input or output delay  
An input delay is missing on lcd_rgb[22] relative to clock(s) sys_clk
Related violations: <none>

TIMING-18#34 Warning
Missing input or output delay  
An input delay is missing on lcd_rgb[23] relative to clock(s) sys_clk
Related violations: <none>

TIMING-18#35 Warning
Missing input or output delay  
An input delay is missing on lcd_rgb[2] relative to clock(s) sys_clk
Related violations: <none>

TIMING-18#36 Warning
Missing input or output delay  
An input delay is missing on lcd_rgb[3] relative to clock(s) sys_clk
Related violations: <none>

TIMING-18#37 Warning
Missing input or output delay  
An input delay is missing on lcd_rgb[4] relative to clock(s) sys_clk
Related violations: <none>

TIMING-18#38 Warning
Missing input or output delay  
An input delay is missing on lcd_rgb[5] relative to clock(s) sys_clk
Related violations: <none>

TIMING-18#39 Warning
Missing input or output delay  
An input delay is missing on lcd_rgb[6] relative to clock(s) sys_clk
Related violations: <none>

TIMING-18#40 Warning
Missing input or output delay  
An input delay is missing on lcd_rgb[7] relative to clock(s) sys_clk
Related violations: <none>

TIMING-18#41 Warning
Missing input or output delay  
An input delay is missing on lcd_rgb[8] relative to clock(s) sys_clk
Related violations: <none>

TIMING-18#42 Warning
Missing input or output delay  
An input delay is missing on lcd_rgb[9] relative to clock(s) sys_clk
Related violations: <none>

TIMING-18#43 Warning
Missing input or output delay  
An input delay is missing on sys_rst_n relative to clock(s) sys_clk
Related violations: <none>

TIMING-18#44 Warning
Missing input or output delay  
An input delay is missing on uart_rxd relative to clock(s) sys_clk
Related violations: <none>

TIMING-18#45 Warning
Missing input or output delay  
An output delay is missing on ad_convst relative to clock(s) sys_clk
Related violations: <none>

TIMING-18#46 Warning
Missing input or output delay  
An output delay is missing on ad_cs_n relative to clock(s) sys_clk
Related violations: <none>

TIMING-18#47 Warning
Missing input or output delay  
An output delay is missing on ad_rd_n relative to clock(s) sys_clk
Related violations: <none>

TIMING-18#48 Warning
Missing input or output delay  
An output delay is missing on ad_rst relative to clock(s) sys_clk
Related violations: <none>

TIMING-18#49 Warning
Missing input or output delay  
An output delay is missing on lcd_de relative to clock(s) sys_clk
Related violations: <none>

TIMING-27#1 Warning
Invalid primary clock on hierarchical pin  
A primary clock u_clk_wiz_0/inst/clk_in1 is created on an inappropriate internal pin u_clk_wiz_0/inst/clk_in1. It is not recommended to create a primary clock on a hierarchical pin when its driver pin has a fanout connected to multiple clock pins
Related violations: <none>


