
*** Running vivado
    with args -log main.vdi -applog -m64 -product Vivado -messageDb vivado.pb -mode batch -source main.tcl -notrace


****** Vivado v2018.3 (64-bit)
  **** SW Build 2405991 on Thu Dec  6 23:38:27 MST 2018
  **** IP Build 2404404 on Fri Dec  7 01:43:56 MST 2018
    ** Copyright 1986-2018 Xilinx, Inc. All Rights Reserved.

source main.tcl -notrace
Command: link_design -top main -part xc7z020clg400-2
Design is defaulting to srcset: sources_1
Design is defaulting to constrset: constrs_1
INFO: [Project 1-454] Reading design checkpoint 'c:/Users/zhangtao/Desktop/PQM/FPGA/prj/PQM.srcs/sources_1/ip/clk_wiz_0/clk_wiz_0.dcp' for cell 'u_clk_wiz_0'
INFO: [Project 1-454] Reading design checkpoint 'c:/Users/zhangtao/Desktop/PQM/FPGA/prj/PQM.srcs/sources_1/ip/ila_0/ila_0.dcp' for cell 'u_adc/u_ila_0'
INFO: [Netlist 29-17] Analyzing 4266 Unisim elements for replacement
INFO: [Netlist 29-28] Unisim Transformation completed in 0 CPU seconds
INFO: [Project 1-479] Netlist was created with Vivado 2018.3
INFO: [Device 21-403] Loading part xc7z020clg400-2
INFO: [Project 1-570] Preparing netlist for logic optimization
WARNING: [Opt 31-35] Removing redundant IBUF, u_clk_wiz_0/inst/clkin1_ibufg, from the path connected to top-level port: sys_clk 
Resolution: The tool has removed redundant IBUF. To resolve this warning, check for redundant IBUF in the input design.
WARNING: [Constraints 18-550] Could not create 'IBUF_LOW_PWR' constraint because net 'u_clk_wiz_0/clk_in1' is not directly connected to top level port. Synthesis is ignored for IBUF_LOW_PWR but preserved for implementation.
INFO: [Chipscope 16-324] Core: u_adc/u_ila_0 UUID: 8626de7f-680f-58e0-947c-771974954b35 
Parsing XDC File [c:/Users/zhangtao/Desktop/PQM/FPGA/prj/PQM.srcs/sources_1/ip/clk_wiz_0/clk_wiz_0_board.xdc] for cell 'u_clk_wiz_0/inst'
Finished Parsing XDC File [c:/Users/zhangtao/Desktop/PQM/FPGA/prj/PQM.srcs/sources_1/ip/clk_wiz_0/clk_wiz_0_board.xdc] for cell 'u_clk_wiz_0/inst'
Parsing XDC File [c:/Users/zhangtao/Desktop/PQM/FPGA/prj/PQM.srcs/sources_1/ip/clk_wiz_0/clk_wiz_0.xdc] for cell 'u_clk_wiz_0/inst'
INFO: [Timing 38-35] Done setting XDC timing constraints. [c:/Users/zhangtao/Desktop/PQM/FPGA/prj/PQM.srcs/sources_1/ip/clk_wiz_0/clk_wiz_0.xdc:57]
INFO: [Timing 38-2] Deriving generated clocks [c:/Users/zhangtao/Desktop/PQM/FPGA/prj/PQM.srcs/sources_1/ip/clk_wiz_0/clk_wiz_0.xdc:57]
get_clocks: Time (s): cpu = 00:00:09 ; elapsed = 00:00:09 . Memory (MB): peak = 1485.984 ; gain = 609.301
Finished Parsing XDC File [c:/Users/zhangtao/Desktop/PQM/FPGA/prj/PQM.srcs/sources_1/ip/clk_wiz_0/clk_wiz_0.xdc] for cell 'u_clk_wiz_0/inst'
Parsing XDC File [c:/Users/zhangtao/Desktop/PQM/FPGA/prj/PQM.srcs/sources_1/ip/ila_0/ila_v6_2/constraints/ila_impl.xdc] for cell 'u_adc/u_ila_0/inst'
Finished Parsing XDC File [c:/Users/zhangtao/Desktop/PQM/FPGA/prj/PQM.srcs/sources_1/ip/ila_0/ila_v6_2/constraints/ila_impl.xdc] for cell 'u_adc/u_ila_0/inst'
Parsing XDC File [c:/Users/zhangtao/Desktop/PQM/FPGA/prj/PQM.srcs/sources_1/ip/ila_0/ila_v6_2/constraints/ila.xdc] for cell 'u_adc/u_ila_0/inst'
Finished Parsing XDC File [c:/Users/zhangtao/Desktop/PQM/FPGA/prj/PQM.srcs/sources_1/ip/ila_0/ila_v6_2/constraints/ila.xdc] for cell 'u_adc/u_ila_0/inst'
Parsing XDC File [C:/Users/zhangtao/Desktop/PQM/FPGA/prj/PQM.xdc]
Finished Parsing XDC File [C:/Users/zhangtao/Desktop/PQM/FPGA/prj/PQM.xdc]
INFO: [Opt 31-138] Pushed 0 inverter(s) to 0 load pin(s).
Netlist sorting complete. Time (s): cpu = 00:00:00 ; elapsed = 00:00:00.018 . Memory (MB): peak = 1487.363 ; gain = 0.000
INFO: [Project 1-111] Unisim Transformation Summary:
  A total of 108 instances were transformed.
  CFGLUT5 => CFGLUT5 (SRLC32E, SRL16E): 104 instances
  IOBUF => IOBUF (IBUF, OBUFT): 4 instances

12 Infos, 2 Warnings, 0 Critical Warnings and 0 Errors encountered.
link_design completed successfully
link_design: Time (s): cpu = 00:00:23 ; elapsed = 00:00:24 . Memory (MB): peak = 1487.363 ; gain = 1172.160
INFO: [Common 17-600] The following parameters have non-default value.
tcl.collectionResultDisplayLimit
Command: opt_design
Attempting to get a license for feature 'Implementation' and/or device 'xc7z020'
INFO: [Common 17-349] Got license for feature 'Implementation' and/or device 'xc7z020'
Running DRC as a precondition to command opt_design

Starting DRC Task
INFO: [DRC 23-27] Running DRC with 2 threads
WARNING: [DRC RPBF-3] IO port buffering is incomplete: Device port lcd_rgb[0] expects both input and output buffering but the buffers are incomplete.
WARNING: [DRC RPBF-3] IO port buffering is incomplete: Device port lcd_rgb[10] expects both input and output buffering but the buffers are incomplete.
WARNING: [DRC RPBF-3] IO port buffering is incomplete: Device port lcd_rgb[11] expects both input and output buffering but the buffers are incomplete.
WARNING: [DRC RPBF-3] IO port buffering is incomplete: Device port lcd_rgb[12] expects both input and output buffering but the buffers are incomplete.
WARNING: [DRC RPBF-3] IO port buffering is incomplete: Device port lcd_rgb[13] expects both input and output buffering but the buffers are incomplete.
WARNING: [DRC RPBF-3] IO port buffering is incomplete: Device port lcd_rgb[14] expects both input and output buffering but the buffers are incomplete.
WARNING: [DRC RPBF-3] IO port buffering is incomplete: Device port lcd_rgb[16] expects both input and output buffering but the buffers are incomplete.
WARNING: [DRC RPBF-3] IO port buffering is incomplete: Device port lcd_rgb[17] expects both input and output buffering but the buffers are incomplete.
WARNING: [DRC RPBF-3] IO port buffering is incomplete: Device port lcd_rgb[18] expects both input and output buffering but the buffers are incomplete.
WARNING: [DRC RPBF-3] IO port buffering is incomplete: Device port lcd_rgb[19] expects both input and output buffering but the buffers are incomplete.
WARNING: [DRC RPBF-3] IO port buffering is incomplete: Device port lcd_rgb[1] expects both input and output buffering but the buffers are incomplete.
WARNING: [DRC RPBF-3] IO port buffering is incomplete: Device port lcd_rgb[20] expects both input and output buffering but the buffers are incomplete.
WARNING: [DRC RPBF-3] IO port buffering is incomplete: Device port lcd_rgb[21] expects both input and output buffering but the buffers are incomplete.
WARNING: [DRC RPBF-3] IO port buffering is incomplete: Device port lcd_rgb[22] expects both input and output buffering but the buffers are incomplete.
WARNING: [DRC RPBF-3] IO port buffering is incomplete: Device port lcd_rgb[2] expects both input and output buffering but the buffers are incomplete.
WARNING: [DRC RPBF-3] IO port buffering is incomplete: Device port lcd_rgb[3] expects both input and output buffering but the buffers are incomplete.
WARNING: [DRC RPBF-3] IO port buffering is incomplete: Device port lcd_rgb[4] expects both input and output buffering but the buffers are incomplete.
WARNING: [DRC RPBF-3] IO port buffering is incomplete: Device port lcd_rgb[5] expects both input and output buffering but the buffers are incomplete.
WARNING: [DRC RPBF-3] IO port buffering is incomplete: Device port lcd_rgb[6] expects both input and output buffering but the buffers are incomplete.
WARNING: [DRC RPBF-3] IO port buffering is incomplete: Device port lcd_rgb[8] expects both input and output buffering but the buffers are incomplete.
WARNING: [DRC RPBF-3] IO port buffering is incomplete: Device port lcd_rgb[9] expects both input and output buffering but the buffers are incomplete.
WARNING: [DRC RPBF-3] IO port buffering is incomplete: Device port touch_int expects both input and output buffering but the buffers are incomplete.
INFO: [Project 1-461] DRC finished with 0 Errors, 22 Warnings
INFO: [Project 1-462] Please refer to the DRC report (report_drc) for more information.

Time (s): cpu = 00:00:01 ; elapsed = 00:00:00.838 . Memory (MB): peak = 1487.363 ; gain = 0.000

Starting Cache Timing Information Task
INFO: [Timing 38-35] Done setting XDC timing constraints.
Ending Cache Timing Information Task | Checksum: 1bd78614d

Time (s): cpu = 00:00:03 ; elapsed = 00:00:02 . Memory (MB): peak = 1487.363 ; gain = 0.000

Starting Logic Optimization Task

Phase 1 Generate And Synthesize Debug Cores
INFO: [Chipscope 16-329] Generating Script for core instance : dbg_hub 
INFO: [IP_Flow 19-3806] Processing IP xilinx.com:ip:xsdbm:3.0 for cell dbg_hub_CV.
INFO: [Chipscope 16-220] Re-using generated and synthesized IP, "xilinx.com:ip:xsdbm:3.0", from Vivado IP cache entry "b5b762810d755dc6".
Netlist sorting complete. Time (s): cpu = 00:00:00 ; elapsed = 00:00:00.063 . Memory (MB): peak = 1564.312 ; gain = 0.000
Phase 1 Generate And Synthesize Debug Cores | Checksum: 20ccdc249

Time (s): cpu = 00:00:05 ; elapsed = 00:00:16 . Memory (MB): peak = 1564.312 ; gain = 15.141

Phase 2 Retarget
INFO: [Opt 31-138] Pushed 4 inverter(s) to 4 load pin(s).
INFO: [Opt 31-49] Retargeted 0 cell(s).
Phase 2 Retarget | Checksum: 205a44453

Time (s): cpu = 00:00:11 ; elapsed = 00:00:21 . Memory (MB): peak = 1564.312 ; gain = 15.141
INFO: [Opt 31-389] Phase Retarget created 9 cells and removed 23 cells
INFO: [Opt 31-1021] In phase Retarget, 228 netlist objects are constrained preventing optimization. Please run opt_design with -debug_log to get more detail. 

Phase 3 Constant propagation
INFO: [Opt 31-138] Pushed 0 inverter(s) to 0 load pin(s).
Phase 3 Constant propagation | Checksum: 1e4694bfb

Time (s): cpu = 00:00:12 ; elapsed = 00:00:23 . Memory (MB): peak = 1564.312 ; gain = 15.141
INFO: [Opt 31-389] Phase Constant propagation created 1 cells and removed 17 cells
INFO: [Opt 31-1021] In phase Constant propagation, 204 netlist objects are constrained preventing optimization. Please run opt_design with -debug_log to get more detail. 

Phase 4 Sweep
Phase 4 Sweep | Checksum: 1f57fb62d

Time (s): cpu = 00:00:14 ; elapsed = 00:00:25 . Memory (MB): peak = 1564.312 ; gain = 15.141
INFO: [Opt 31-389] Phase Sweep created 21 cells and removed 41 cells
INFO: [Opt 31-1021] In phase Sweep, 920 netlist objects are constrained preventing optimization. Please run opt_design with -debug_log to get more detail. 

Phase 5 BUFG optimization
INFO: [Opt 31-194] Inserted BUFG sys_clk_IBUF_BUFG_inst to drive 3179 load(s) on clock net sys_clk_IBUF_BUFG
INFO: [Opt 31-193] Inserted 1 BUFG(s) on clock nets
Phase 5 BUFG optimization | Checksum: 230f4692e

Time (s): cpu = 00:00:16 ; elapsed = 00:00:27 . Memory (MB): peak = 1564.312 ; gain = 15.141
INFO: [Opt 31-662] Phase BUFG optimization created 1 cells of which 1 are BUFGs and removed 0 cells.

Phase 6 Shift Register Optimization
Phase 6 Shift Register Optimization | Checksum: 2452e17ff

Time (s): cpu = 00:00:21 ; elapsed = 00:00:32 . Memory (MB): peak = 1564.312 ; gain = 15.141
INFO: [Opt 31-389] Phase Shift Register Optimization created 0 cells and removed 0 cells

Phase 7 Post Processing Netlist
Phase 7 Post Processing Netlist | Checksum: 2452e17ff

Time (s): cpu = 00:00:22 ; elapsed = 00:00:33 . Memory (MB): peak = 1564.312 ; gain = 15.141
INFO: [Opt 31-389] Phase Post Processing Netlist created 0 cells and removed 0 cells
INFO: [Opt 31-1021] In phase Post Processing Netlist, 63 netlist objects are constrained preventing optimization. Please run opt_design with -debug_log to get more detail. 
Opt_design Change Summary
=========================


-------------------------------------------------------------------------------------------------------------------------
|  Phase                        |  #Cells created  |  #Cells Removed  |  #Constrained objects preventing optimizations  |
-------------------------------------------------------------------------------------------------------------------------
|  Retarget                     |               9  |              23  |                                            228  |
|  Constant propagation         |               1  |              17  |                                            204  |
|  Sweep                        |              21  |              41  |                                            920  |
|  BUFG optimization            |               1  |               0  |                                              0  |
|  Shift Register Optimization  |               0  |               0  |                                              0  |
|  Post Processing Netlist      |               0  |               0  |                                             63  |
-------------------------------------------------------------------------------------------------------------------------



Starting Connectivity Check Task

Time (s): cpu = 00:00:01 ; elapsed = 00:00:00.339 . Memory (MB): peak = 1564.312 ; gain = 0.000
Ending Logic Optimization Task | Checksum: 2452e17ff

Time (s): cpu = 00:00:23 ; elapsed = 00:00:34 . Memory (MB): peak = 1564.312 ; gain = 15.141

Starting Power Optimization Task
INFO: [Pwropt 34-132] Skipping clock gating for clocks with a period < 2.00 ns.
INFO: [Timing 38-35] Done setting XDC timing constraints.
INFO: [Pwropt 34-9] Applying IDT optimizations ...
INFO: [Pwropt 34-10] Applying ODC optimizations ...
INFO: [Physopt 32-619] Estimated Timing Summary | WNS=11.107 | TNS=0.000 |
Running Vector-less Activity Propagation...

Finished Running Vector-less Activity Propagation


Starting PowerOpt Patch Enables Task
INFO: [Pwropt 34-162] WRITE_MODE attribute of 0 BRAM(s) out of a total of 21 has been updated to save power. Run report_power_opt to get a complete listing of the BRAMs updated.
INFO: [Pwropt 34-201] Structural ODC has moved 0 WE to EN ports
Number of BRAM Ports augmented: 29 newly gated: 0 Total Ports: 42
Ending PowerOpt Patch Enables Task | Checksum: 175e2cffe

Time (s): cpu = 00:00:00 ; elapsed = 00:00:00.605 . Memory (MB): peak = 2005.418 ; gain = 0.000
Ending Power Optimization Task | Checksum: 175e2cffe

Time (s): cpu = 00:00:44 ; elapsed = 00:00:25 . Memory (MB): peak = 2005.418 ; gain = 441.105

Starting Final Cleanup Task

Starting Logic Optimization Task
INFO: [Timing 38-35] Done setting XDC timing constraints.
Ending Logic Optimization Task | Checksum: 1326185f3

Time (s): cpu = 00:00:11 ; elapsed = 00:00:09 . Memory (MB): peak = 2005.418 ; gain = 0.000
Ending Final Cleanup Task | Checksum: 1326185f3

Time (s): cpu = 00:00:14 ; elapsed = 00:00:12 . Memory (MB): peak = 2005.418 ; gain = 0.000

Starting Netlist Obfuscation Task
Netlist sorting complete. Time (s): cpu = 00:00:00 ; elapsed = 00:00:00.025 . Memory (MB): peak = 2005.418 ; gain = 0.000
Ending Netlist Obfuscation Task | Checksum: 1326185f3

Time (s): cpu = 00:00:00 ; elapsed = 00:00:00.027 . Memory (MB): peak = 2005.418 ; gain = 0.000
INFO: [Common 17-83] Releasing license: Implementation
48 Infos, 24 Warnings, 0 Critical Warnings and 0 Errors encountered.
opt_design completed successfully
opt_design: Time (s): cpu = 00:01:28 ; elapsed = 00:01:17 . Memory (MB): peak = 2005.418 ; gain = 518.055
INFO: [Common 17-600] The following parameters have non-default value.
tcl.collectionResultDisplayLimit
Netlist sorting complete. Time (s): cpu = 00:00:00 ; elapsed = 00:00:00.029 . Memory (MB): peak = 2005.418 ; gain = 0.000
INFO: [Timing 38-480] Writing timing data to binary archive.
Writing placer database...
Writing XDEF routing.
Writing XDEF routing logical nets.
Writing XDEF routing special nets.
Write XDEF Complete: Time (s): cpu = 00:00:00 ; elapsed = 00:00:00.079 . Memory (MB): peak = 2005.418 ; gain = 0.000
Netlist sorting complete. Time (s): cpu = 00:00:00 ; elapsed = 00:00:00.036 . Memory (MB): peak = 2005.418 ; gain = 0.000
INFO: [Common 17-1381] The checkpoint 'C:/Users/zhangtao/Desktop/PQM/FPGA/prj/PQM.runs/impl_1/main_opt.dcp' has been generated.
write_checkpoint: Time (s): cpu = 00:00:22 ; elapsed = 00:00:18 . Memory (MB): peak = 2005.418 ; gain = 0.000
INFO: [runtcl-4] Executing : report_drc -file main_drc_opted.rpt -pb main_drc_opted.pb -rpx main_drc_opted.rpx
Command: report_drc -file main_drc_opted.rpt -pb main_drc_opted.pb -rpx main_drc_opted.rpx
INFO: [IP_Flow 19-1839] IP Catalog is up to date.
INFO: [DRC 23-27] Running DRC with 2 threads
INFO: [Coretcl 2-168] The results of DRC are in file C:/Users/zhangtao/Desktop/PQM/FPGA/prj/PQM.runs/impl_1/main_drc_opted.rpt.
report_drc completed successfully
INFO: [Chipscope 16-240] Debug cores have already been implemented
Command: place_design
Attempting to get a license for feature 'Implementation' and/or device 'xc7z020'
INFO: [Common 17-349] Got license for feature 'Implementation' and/or device 'xc7z020'
INFO: [DRC 23-27] Running DRC with 2 threads
INFO: [Vivado_Tcl 4-198] DRC finished with 0 Errors
INFO: [Vivado_Tcl 4-199] Please refer to the DRC report (report_drc) for more information.
Running DRC as a precondition to command place_design
INFO: [DRC 23-27] Running DRC with 2 threads
WARNING: [DRC RPBF-3] IO port buffering is incomplete: Device port lcd_rgb[0] expects both input and output buffering but the buffers are incomplete.
WARNING: [DRC RPBF-3] IO port buffering is incomplete: Device port lcd_rgb[10] expects both input and output buffering but the buffers are incomplete.
WARNING: [DRC RPBF-3] IO port buffering is incomplete: Device port lcd_rgb[11] expects both input and output buffering but the buffers are incomplete.
WARNING: [DRC RPBF-3] IO port buffering is incomplete: Device port lcd_rgb[12] expects both input and output buffering but the buffers are incomplete.
WARNING: [DRC RPBF-3] IO port buffering is incomplete: Device port lcd_rgb[13] expects both input and output buffering but the buffers are incomplete.
WARNING: [DRC RPBF-3] IO port buffering is incomplete: Device port lcd_rgb[14] expects both input and output buffering but the buffers are incomplete.
WARNING: [DRC RPBF-3] IO port buffering is incomplete: Device port lcd_rgb[16] expects both input and output buffering but the buffers are incomplete.
WARNING: [DRC RPBF-3] IO port buffering is incomplete: Device port lcd_rgb[17] expects both input and output buffering but the buffers are incomplete.
WARNING: [DRC RPBF-3] IO port buffering is incomplete: Device port lcd_rgb[18] expects both input and output buffering but the buffers are incomplete.
WARNING: [DRC RPBF-3] IO port buffering is incomplete: Device port lcd_rgb[19] expects both input and output buffering but the buffers are incomplete.
WARNING: [DRC RPBF-3] IO port buffering is incomplete: Device port lcd_rgb[1] expects both input and output buffering but the buffers are incomplete.
WARNING: [DRC RPBF-3] IO port buffering is incomplete: Device port lcd_rgb[20] expects both input and output buffering but the buffers are incomplete.
WARNING: [DRC RPBF-3] IO port buffering is incomplete: Device port lcd_rgb[21] expects both input and output buffering but the buffers are incomplete.
WARNING: [DRC RPBF-3] IO port buffering is incomplete: Device port lcd_rgb[22] expects both input and output buffering but the buffers are incomplete.
WARNING: [DRC RPBF-3] IO port buffering is incomplete: Device port lcd_rgb[2] expects both input and output buffering but the buffers are incomplete.
WARNING: [DRC RPBF-3] IO port buffering is incomplete: Device port lcd_rgb[3] expects both input and output buffering but the buffers are incomplete.
WARNING: [DRC RPBF-3] IO port buffering is incomplete: Device port lcd_rgb[4] expects both input and output buffering but the buffers are incomplete.
WARNING: [DRC RPBF-3] IO port buffering is incomplete: Device port lcd_rgb[5] expects both input and output buffering but the buffers are incomplete.
WARNING: [DRC RPBF-3] IO port buffering is incomplete: Device port lcd_rgb[6] expects both input and output buffering but the buffers are incomplete.
WARNING: [DRC RPBF-3] IO port buffering is incomplete: Device port lcd_rgb[8] expects both input and output buffering but the buffers are incomplete.
WARNING: [DRC RPBF-3] IO port buffering is incomplete: Device port lcd_rgb[9] expects both input and output buffering but the buffers are incomplete.
WARNING: [DRC RPBF-3] IO port buffering is incomplete: Device port touch_int expects both input and output buffering but the buffers are incomplete.
INFO: [Vivado_Tcl 4-198] DRC finished with 0 Errors, 22 Warnings
INFO: [Vivado_Tcl 4-199] Please refer to the DRC report (report_drc) for more information.

Starting Placer Task
INFO: [Place 30-611] Multithreading enabled for place_design using a maximum of 2 CPUs

Phase 1 Placer Initialization

Phase 1.1 Placer Initialization Netlist Sorting
Netlist sorting complete. Time (s): cpu = 00:00:00 ; elapsed = 00:00:00.027 . Memory (MB): peak = 2005.418 ; gain = 0.000
Phase 1.1 Placer Initialization Netlist Sorting | Checksum: 10281e498

Time (s): cpu = 00:00:00 ; elapsed = 00:00:00.043 . Memory (MB): peak = 2005.418 ; gain = 0.000
Netlist sorting complete. Time (s): cpu = 00:00:00 ; elapsed = 00:00:00.026 . Memory (MB): peak = 2005.418 ; gain = 0.000

Phase 1.2 IO Placement/ Clock Placement/ Build Placer Device
INFO: [Timing 38-35] Done setting XDC timing constraints.
Phase 1.2 IO Placement/ Clock Placement/ Build Placer Device | Checksum: bdad9b87

Time (s): cpu = 00:00:11 ; elapsed = 00:00:09 . Memory (MB): peak = 2005.418 ; gain = 0.000

Phase 1.3 Build Placer Netlist Model
Phase 1.3 Build Placer Netlist Model | Checksum: 1b96ff46d

Time (s): cpu = 00:00:36 ; elapsed = 00:00:28 . Memory (MB): peak = 2005.418 ; gain = 0.000

Phase 1.4 Constrain Clocks/Macros
Phase 1.4 Constrain Clocks/Macros | Checksum: 1b96ff46d

Time (s): cpu = 00:00:36 ; elapsed = 00:00:28 . Memory (MB): peak = 2005.418 ; gain = 0.000
Phase 1 Placer Initialization | Checksum: 1b96ff46d

Time (s): cpu = 00:00:36 ; elapsed = 00:00:28 . Memory (MB): peak = 2005.418 ; gain = 0.000

Phase 2 Global Placement

Phase 2.1 Floorplanning
Phase 2.1 Floorplanning | Checksum: 175b183be

Time (s): cpu = 00:00:41 ; elapsed = 00:00:31 . Memory (MB): peak = 2005.418 ; gain = 0.000

Phase 2.2 Physical Synthesis In Placer
INFO: [Physopt 32-65] No nets found for high-fanout optimization.
INFO: [Physopt 32-232] Optimized 0 net. Created 0 new instance.
INFO: [Physopt 32-775] End 1 Pass. Optimized 0 net or cell. Created 0 new cell, deleted 0 existing cell and moved 0 existing cell
INFO: [Physopt 32-670] No setup violation found.  DSP Register Optimization was not performed.
INFO: [Physopt 32-670] No setup violation found.  Shift Register Optimization was not performed.
INFO: [Physopt 32-670] No setup violation found.  BRAM Register Optimization was not performed.
INFO: [Physopt 32-949] No candidate nets found for HD net replication
INFO: [Physopt 32-775] End 1 Pass. Optimized 0 net or cell. Created 0 new cell, deleted 0 existing cell and moved 0 existing cell
Netlist sorting complete. Time (s): cpu = 00:00:00 ; elapsed = 00:00:00.040 . Memory (MB): peak = 2005.418 ; gain = 0.000

Summary of Physical Synthesis Optimizations
============================================


----------------------------------------------------------------------------------------------------------------------------------------
|  Optimization                  |  Added Cells  |  Removed Cells  |  Optimized Cells/Nets  |  Dont Touch  |  Iterations  |  Elapsed   |
----------------------------------------------------------------------------------------------------------------------------------------
|  Very High Fanout              |            0  |              0  |                     0  |           0  |           1  |  00:00:01  |
|  DSP Register                  |            0  |              0  |                     0  |           0  |           0  |  00:00:00  |
|  Shift Register                |            0  |              0  |                     0  |           0  |           0  |  00:00:00  |
|  BRAM Register                 |            0  |              0  |                     0  |           0  |           0  |  00:00:00  |
|  HD Interface Net Replication  |            0  |              0  |                     0  |           0  |           1  |  00:00:00  |
|  Total                         |            0  |              0  |                     0  |           0  |           2  |  00:00:01  |
----------------------------------------------------------------------------------------------------------------------------------------


Phase 2.2 Physical Synthesis In Placer | Checksum: 1a0fac7e9

Time (s): cpu = 00:01:56 ; elapsed = 00:01:35 . Memory (MB): peak = 2005.418 ; gain = 0.000
Phase 2 Global Placement | Checksum: e163759d

Time (s): cpu = 00:01:59 ; elapsed = 00:01:38 . Memory (MB): peak = 2005.418 ; gain = 0.000

Phase 3 Detail Placement

Phase 3.1 Commit Multi Column Macros
Phase 3.1 Commit Multi Column Macros | Checksum: e163759d

Time (s): cpu = 00:02:00 ; elapsed = 00:01:39 . Memory (MB): peak = 2005.418 ; gain = 0.000

Phase 3.2 Commit Most Macros & LUTRAMs
Phase 3.2 Commit Most Macros & LUTRAMs | Checksum: 1e86c925f

Time (s): cpu = 00:02:08 ; elapsed = 00:01:44 . Memory (MB): peak = 2005.418 ; gain = 0.000

Phase 3.3 Area Swap Optimization
Phase 3.3 Area Swap Optimization | Checksum: 22e22ecba

Time (s): cpu = 00:02:10 ; elapsed = 00:01:46 . Memory (MB): peak = 2005.418 ; gain = 0.000

Phase 3.4 Pipeline Register Optimization
Phase 3.4 Pipeline Register Optimization | Checksum: 1dd90f4a2

Time (s): cpu = 00:02:10 ; elapsed = 00:01:46 . Memory (MB): peak = 2005.418 ; gain = 0.000

Phase 3.5 Small Shape Detail Placement
Phase 3.5 Small Shape Detail Placement | Checksum: 279f98b26

Time (s): cpu = 00:02:40 ; elapsed = 00:02:19 . Memory (MB): peak = 2005.418 ; gain = 0.000

Phase 3.6 Re-assign LUT pins
Phase 3.6 Re-assign LUT pins | Checksum: 2903a81f4

Time (s): cpu = 00:02:44 ; elapsed = 00:02:24 . Memory (MB): peak = 2005.418 ; gain = 0.000

Phase 3.7 Pipeline Register Optimization
Phase 3.7 Pipeline Register Optimization | Checksum: 241487a0c

Time (s): cpu = 00:02:44 ; elapsed = 00:02:24 . Memory (MB): peak = 2005.418 ; gain = 0.000
Phase 3 Detail Placement | Checksum: 241487a0c

Time (s): cpu = 00:02:45 ; elapsed = 00:02:24 . Memory (MB): peak = 2005.418 ; gain = 0.000

Phase 4 Post Placement Optimization and Clean-Up

Phase 4.1 Post Commit Optimization
INFO: [Timing 38-35] Done setting XDC timing constraints.

Phase 4.1.1 Post Placement Optimization
Post Placement Optimization Initialization | Checksum: 231bcd45a

Phase 4.1.1.1 BUFG Insertion
INFO: [Place 46-33] Processed net u_lcd_rgb_char/u_lcd_display/sys_rst_n, BUFG insertion was skipped due to placement/routing conflicts.
INFO: [Place 46-46] BUFG insertion identified 1 candidate nets, 0 success, 0 bufg driver replicated, 1 skipped for placement/routing, 0 skipped for timing, 0 skipped for netlist change reason
Phase 4.1.1.1 BUFG Insertion | Checksum: 231bcd45a

Time (s): cpu = 00:03:04 ; elapsed = 00:02:38 . Memory (MB): peak = 2005.418 ; gain = 0.000
INFO: [Place 30-746] Post Placement Timing Summary WNS=6.921. For the most accurate timing information please run report_timing.
Phase 4.1.1 Post Placement Optimization | Checksum: 1d597c16d

Time (s): cpu = 00:03:05 ; elapsed = 00:02:39 . Memory (MB): peak = 2005.418 ; gain = 0.000
Phase 4.1 Post Commit Optimization | Checksum: 1d597c16d

Time (s): cpu = 00:03:05 ; elapsed = 00:02:39 . Memory (MB): peak = 2005.418 ; gain = 0.000

Phase 4.2 Post Placement Cleanup
Phase 4.2 Post Placement Cleanup | Checksum: 1d597c16d

Time (s): cpu = 00:03:06 ; elapsed = 00:02:40 . Memory (MB): peak = 2005.418 ; gain = 0.000

Phase 4.3 Placer Reporting
Phase 4.3 Placer Reporting | Checksum: 1d597c16d

Time (s): cpu = 00:03:07 ; elapsed = 00:02:41 . Memory (MB): peak = 2005.418 ; gain = 0.000

Phase 4.4 Final Placement Cleanup
Netlist sorting complete. Time (s): cpu = 00:00:00 ; elapsed = 00:00:00.051 . Memory (MB): peak = 2005.418 ; gain = 0.000
Phase 4.4 Final Placement Cleanup | Checksum: 28576b17a

Time (s): cpu = 00:03:07 ; elapsed = 00:02:41 . Memory (MB): peak = 2005.418 ; gain = 0.000
Phase 4 Post Placement Optimization and Clean-Up | Checksum: 28576b17a

Time (s): cpu = 00:03:08 ; elapsed = 00:02:41 . Memory (MB): peak = 2005.418 ; gain = 0.000
Ending Placer Task | Checksum: 1e7f9b2da

Time (s): cpu = 00:03:08 ; elapsed = 00:02:41 . Memory (MB): peak = 2005.418 ; gain = 0.000
INFO: [Common 17-83] Releasing license: Implementation
78 Infos, 46 Warnings, 0 Critical Warnings and 0 Errors encountered.
place_design completed successfully
place_design: Time (s): cpu = 00:03:14 ; elapsed = 00:02:45 . Memory (MB): peak = 2005.418 ; gain = 0.000
Netlist sorting complete. Time (s): cpu = 00:00:00 ; elapsed = 00:00:00.025 . Memory (MB): peak = 2005.418 ; gain = 0.000
INFO: [Timing 38-480] Writing timing data to binary archive.
Writing placer database...
Netlist sorting complete. Time (s): cpu = 00:00:00 ; elapsed = 00:00:00.035 . Memory (MB): peak = 2005.418 ; gain = 0.000
Writing XDEF routing.
Writing XDEF routing logical nets.
Writing XDEF routing special nets.
Write XDEF Complete: Time (s): cpu = 00:00:12 ; elapsed = 00:00:04 . Memory (MB): peak = 2005.418 ; gain = 0.000
INFO: [Common 17-1381] The checkpoint 'C:/Users/zhangtao/Desktop/PQM/FPGA/prj/PQM.runs/impl_1/main_placed.dcp' has been generated.
write_checkpoint: Time (s): cpu = 00:00:18 ; elapsed = 00:00:11 . Memory (MB): peak = 2005.418 ; gain = 0.000
INFO: [runtcl-4] Executing : report_io -file main_io_placed.rpt
report_io: Time (s): cpu = 00:00:00 ; elapsed = 00:00:00.055 . Memory (MB): peak = 2005.418 ; gain = 0.000
INFO: [runtcl-4] Executing : report_utilization -file main_utilization_placed.rpt -pb main_utilization_placed.pb
INFO: [runtcl-4] Executing : report_control_sets -verbose -file main_control_sets_placed.rpt
report_control_sets: Time (s): cpu = 00:00:00 ; elapsed = 00:00:00.121 . Memory (MB): peak = 2005.418 ; gain = 0.000
Command: route_design
Attempting to get a license for feature 'Implementation' and/or device 'xc7z020'
INFO: [Common 17-349] Got license for feature 'Implementation' and/or device 'xc7z020'
Running DRC as a precondition to command route_design
INFO: [DRC 23-27] Running DRC with 2 threads
INFO: [Vivado_Tcl 4-198] DRC finished with 0 Errors
INFO: [Vivado_Tcl 4-199] Please refer to the DRC report (report_drc) for more information.


Starting Routing Task
INFO: [Route 35-254] Multithreading enabled for route_design using a maximum of 2 CPUs
Checksum: PlaceDB: e9d0b084 ConstDB: 0 ShapeSum: fe290256 RouteDB: 0

Phase 1 Build RT Design
Phase 1 Build RT Design | Checksum: 1255e4e6b

Time (s): cpu = 00:00:31 ; elapsed = 00:00:22 . Memory (MB): peak = 2008.836 ; gain = 3.418
Post Restoration Checksum: NetGraph: c854aa75 NumContArr: 5d09a3f6 Constraints: 0 Timing: 0

Phase 2 Router Initialization

Phase 2.1 Create Timer
Phase 2.1 Create Timer | Checksum: 1255e4e6b

Time (s): cpu = 00:00:32 ; elapsed = 00:00:22 . Memory (MB): peak = 2036.641 ; gain = 31.223

Phase 2.2 Fix Topology Constraints
Phase 2.2 Fix Topology Constraints | Checksum: 1255e4e6b

Time (s): cpu = 00:00:33 ; elapsed = 00:00:23 . Memory (MB): peak = 2045.434 ; gain = 40.016

Phase 2.3 Pre Route Cleanup
Phase 2.3 Pre Route Cleanup | Checksum: 1255e4e6b

Time (s): cpu = 00:00:33 ; elapsed = 00:00:23 . Memory (MB): peak = 2045.434 ; gain = 40.016
 Number of Nodes with overlaps = 0

Phase 2.4 Update Timing
Phase 2.4 Update Timing | Checksum: 28cb574fe

Time (s): cpu = 00:00:58 ; elapsed = 00:00:43 . Memory (MB): peak = 2097.262 ; gain = 91.844
INFO: [Route 35-416] Intermediate Timing Summary | WNS=6.975  | TNS=0.000  | WHS=-2.072 | THS=-1701.184|


Phase 2.5 Update Timing for Bus Skew

Phase 2.5.1 Update Timing
Phase 2.5.1 Update Timing | Checksum: 2955382f1

Time (s): cpu = 00:01:10 ; elapsed = 00:00:51 . Memory (MB): peak = 2123.797 ; gain = 118.379
INFO: [Route 35-416] Intermediate Timing Summary | WNS=6.975  | TNS=0.000  | WHS=N/A    | THS=N/A    |

Phase 2.5 Update Timing for Bus Skew | Checksum: 2c4daa561

Time (s): cpu = 00:01:10 ; elapsed = 00:00:51 . Memory (MB): peak = 2124.586 ; gain = 119.168
Phase 2 Router Initialization | Checksum: 24907f234

Time (s): cpu = 00:01:10 ; elapsed = 00:00:51 . Memory (MB): peak = 2124.586 ; gain = 119.168

Phase 3 Initial Routing
Phase 3 Initial Routing | Checksum: 146e09940

Time (s): cpu = 00:01:37 ; elapsed = 00:01:06 . Memory (MB): peak = 2171.902 ; gain = 166.484

Phase 4 Rip-up And Reroute

Phase 4.1 Global Iteration 0
 Number of Nodes with overlaps = 21697
 Number of Nodes with overlaps = 822
 Number of Nodes with overlaps = 28
 Number of Nodes with overlaps = 6
 Number of Nodes with overlaps = 5
 Number of Nodes with overlaps = 3
 Number of Nodes with overlaps = 1
 Number of Nodes with overlaps = 1
 Number of Nodes with overlaps = 0
INFO: [Route 35-416] Intermediate Timing Summary | WNS=4.096  | TNS=0.000  | WHS=N/A    | THS=N/A    |

Phase 4.1 Global Iteration 0 | Checksum: 15d4bd844

Time (s): cpu = 00:03:54 ; elapsed = 00:02:46 . Memory (MB): peak = 2194.707 ; gain = 189.289
Phase 4 Rip-up And Reroute | Checksum: 15d4bd844

Time (s): cpu = 00:03:54 ; elapsed = 00:02:47 . Memory (MB): peak = 2194.707 ; gain = 189.289

Phase 5 Delay and Skew Optimization

Phase 5.1 Delay CleanUp

Phase 5.1.1 Update Timing
Phase 5.1.1 Update Timing | Checksum: 1d9017639

Time (s): cpu = 00:03:57 ; elapsed = 00:02:49 . Memory (MB): peak = 2194.707 ; gain = 189.289
INFO: [Route 35-416] Intermediate Timing Summary | WNS=4.096  | TNS=0.000  | WHS=N/A    | THS=N/A    |

Phase 5.1 Delay CleanUp | Checksum: 1fa89db28

Time (s): cpu = 00:03:58 ; elapsed = 00:02:49 . Memory (MB): peak = 2194.707 ; gain = 189.289

Phase 5.2 Clock Skew Optimization
Phase 5.2 Clock Skew Optimization | Checksum: 1fa89db28

Time (s): cpu = 00:03:58 ; elapsed = 00:02:49 . Memory (MB): peak = 2194.707 ; gain = 189.289
Phase 5 Delay and Skew Optimization | Checksum: 1fa89db28

Time (s): cpu = 00:03:58 ; elapsed = 00:02:50 . Memory (MB): peak = 2194.707 ; gain = 189.289

Phase 6 Post Hold Fix

Phase 6.1 Hold Fix Iter

Phase 6.1.1 Update Timing
Phase 6.1.1 Update Timing | Checksum: 175c63da3

Time (s): cpu = 00:04:01 ; elapsed = 00:02:52 . Memory (MB): peak = 2194.707 ; gain = 189.289
INFO: [Route 35-416] Intermediate Timing Summary | WNS=4.096  | TNS=0.000  | WHS=-0.031 | THS=-0.031 |

Phase 6.1 Hold Fix Iter | Checksum: 1a3b97784

Time (s): cpu = 00:04:02 ; elapsed = 00:02:52 . Memory (MB): peak = 2194.707 ; gain = 189.289
Phase 6 Post Hold Fix | Checksum: 19063047b

Time (s): cpu = 00:04:02 ; elapsed = 00:02:53 . Memory (MB): peak = 2194.707 ; gain = 189.289

Phase 7 Route finalize

Router Utilization Summary
  Global Vertical Routing Utilization    = 15.0665 %
  Global Horizontal Routing Utilization  = 17.6556 %
  Routable Net Status*
  *Does not include unroutable nets such as driverless and loadless.
  Run report_route_status for detailed report.
  Number of Failed Nets               = 0
  Number of Unrouted Nets             = 0
  Number of Partially Routed Nets     = 0
  Number of Node Overlaps             = 0

Phase 7 Route finalize | Checksum: 1bf1371c3

Time (s): cpu = 00:04:03 ; elapsed = 00:02:53 . Memory (MB): peak = 2194.707 ; gain = 189.289

Phase 8 Verifying routed nets

 Verification completed successfully
Phase 8 Verifying routed nets | Checksum: 1bf1371c3

Time (s): cpu = 00:04:03 ; elapsed = 00:02:53 . Memory (MB): peak = 2194.707 ; gain = 189.289

Phase 9 Depositing Routes
Phase 9 Depositing Routes | Checksum: 229c06519

Time (s): cpu = 00:04:09 ; elapsed = 00:03:01 . Memory (MB): peak = 2194.707 ; gain = 189.289

Phase 10 Post Router Timing

Phase 10.1 Update Timing
Phase 10.1 Update Timing | Checksum: 207ae75cd

Time (s): cpu = 00:04:12 ; elapsed = 00:03:03 . Memory (MB): peak = 2194.707 ; gain = 189.289
INFO: [Route 35-57] Estimated Timing Summary | WNS=4.096  | TNS=0.000  | WHS=0.052  | THS=0.000  |

INFO: [Route 35-327] The final timing numbers are based on the router estimated timing analysis. For a complete and accurate timing signoff, please run report_timing_summary.
Phase 10 Post Router Timing | Checksum: 207ae75cd

Time (s): cpu = 00:04:12 ; elapsed = 00:03:03 . Memory (MB): peak = 2194.707 ; gain = 189.289
INFO: [Route 35-16] Router Completed Successfully

Time (s): cpu = 00:04:12 ; elapsed = 00:03:03 . Memory (MB): peak = 2194.707 ; gain = 189.289

Routing Is Done.
INFO: [Common 17-83] Releasing license: Implementation
97 Infos, 46 Warnings, 0 Critical Warnings and 0 Errors encountered.
route_design completed successfully
route_design: Time (s): cpu = 00:04:17 ; elapsed = 00:03:06 . Memory (MB): peak = 2194.707 ; gain = 189.289
Netlist sorting complete. Time (s): cpu = 00:00:00 ; elapsed = 00:00:00.019 . Memory (MB): peak = 2194.707 ; gain = 0.000
INFO: [Timing 38-480] Writing timing data to binary archive.
Writing placer database...
Netlist sorting complete. Time (s): cpu = 00:00:00 ; elapsed = 00:00:00.032 . Memory (MB): peak = 2194.707 ; gain = 0.000
Writing XDEF routing.
Writing XDEF routing logical nets.
Writing XDEF routing special nets.
Write XDEF Complete: Time (s): cpu = 00:00:14 ; elapsed = 00:00:05 . Memory (MB): peak = 2194.707 ; gain = 0.000
INFO: [Common 17-1381] The checkpoint 'C:/Users/zhangtao/Desktop/PQM/FPGA/prj/PQM.runs/impl_1/main_routed.dcp' has been generated.
write_checkpoint: Time (s): cpu = 00:00:19 ; elapsed = 00:00:12 . Memory (MB): peak = 2194.707 ; gain = 0.000
INFO: [runtcl-4] Executing : report_drc -file main_drc_routed.rpt -pb main_drc_routed.pb -rpx main_drc_routed.rpx
Command: report_drc -file main_drc_routed.rpt -pb main_drc_routed.pb -rpx main_drc_routed.rpx
INFO: [IP_Flow 19-1839] IP Catalog is up to date.
INFO: [DRC 23-27] Running DRC with 2 threads
INFO: [Coretcl 2-168] The results of DRC are in file C:/Users/zhangtao/Desktop/PQM/FPGA/prj/PQM.runs/impl_1/main_drc_routed.rpt.
report_drc completed successfully
report_drc: Time (s): cpu = 00:00:15 ; elapsed = 00:00:08 . Memory (MB): peak = 2194.707 ; gain = 0.000
INFO: [runtcl-4] Executing : report_methodology -file main_methodology_drc_routed.rpt -pb main_methodology_drc_routed.pb -rpx main_methodology_drc_routed.rpx
Command: report_methodology -file main_methodology_drc_routed.rpt -pb main_methodology_drc_routed.pb -rpx main_methodology_drc_routed.rpx
INFO: [Timing 38-35] Done setting XDC timing constraints.
INFO: [DRC 23-133] Running Methodology with 2 threads
INFO: [Coretcl 2-1520] The results of Report Methodology are in file C:/Users/zhangtao/Desktop/PQM/FPGA/prj/PQM.runs/impl_1/main_methodology_drc_routed.rpt.
report_methodology completed successfully
report_methodology: Time (s): cpu = 00:00:26 ; elapsed = 00:00:16 . Memory (MB): peak = 2232.953 ; gain = 38.246
INFO: [runtcl-4] Executing : report_power -file main_power_routed.rpt -pb main_power_summary_routed.pb -rpx main_power_routed.rpx
Command: report_power -file main_power_routed.rpt -pb main_power_summary_routed.pb -rpx main_power_routed.rpx
INFO: [Timing 38-35] Done setting XDC timing constraints.
Running Vector-less Activity Propagation...

Finished Running Vector-less Activity Propagation
WARNING: [Power 33-332] Found switching activity that implies high-fanout reset nets being asserted for excessive periods of time which may result in inaccurate power analysis.
Resolution: To review and fix problems, please run Power Constraints Advisor in the GUI from Tools > Power Constraints Advisor or run report_power with the -advisory option to generate a text report.
109 Infos, 47 Warnings, 0 Critical Warnings and 0 Errors encountered.
report_power completed successfully
report_power: Time (s): cpu = 00:00:25 ; elapsed = 00:00:14 . Memory (MB): peak = 2351.422 ; gain = 118.469
INFO: [runtcl-4] Executing : report_route_status -file main_route_status.rpt -pb main_route_status.pb
INFO: [runtcl-4] Executing : report_timing_summary -max_paths 10 -file main_timing_summary_routed.rpt -pb main_timing_summary_routed.pb -rpx main_timing_summary_routed.rpx -warn_on_violation 
INFO: [Timing 38-91] UpdateTimingParams: Speed grade: -2, Delay Type: min_max.
INFO: [Timing 38-191] Multithreading enabled for timing update using a maximum of 2 CPUs
WARNING: [Timing 38-436] There are set_bus_skew constraint(s) in this design. Please run report_bus_skew to ensure that bus skew requirements are met.
INFO: [runtcl-4] Executing : report_incremental_reuse -file main_incremental_reuse_routed.rpt
INFO: [Vivado_Tcl 4-1062] Incremental flow is disabled. No incremental reuse Info to report.
INFO: [runtcl-4] Executing : report_clock_utilization -file main_clock_utilization_routed.rpt
INFO: [runtcl-4] Executing : report_bus_skew -warn_on_violation -file main_bus_skew_routed.rpt -pb main_bus_skew_routed.pb -rpx main_bus_skew_routed.rpx
INFO: [Timing 38-91] UpdateTimingParams: Speed grade: -2, Delay Type: min_max.
INFO: [Timing 38-191] Multithreading enabled for timing update using a maximum of 2 CPUs
INFO: [Common 17-206] Exiting Vivado at Wed Mar 25 00:17:38 2026...

*** Running vivado
    with args -log main.vdi -applog -m64 -product Vivado -messageDb vivado.pb -mode batch -source main.tcl -notrace


****** Vivado v2018.3 (64-bit)
  **** SW Build 2405991 on Thu Dec  6 23:38:27 MST 2018
  **** IP Build 2404404 on Fri Dec  7 01:43:56 MST 2018
    ** Copyright 1986-2018 Xilinx, Inc. All Rights Reserved.

source main.tcl -notrace
Command: open_checkpoint main_routed.dcp

Starting open_checkpoint Task

Time (s): cpu = 00:00:00 ; elapsed = 00:00:00.027 . Memory (MB): peak = 276.250 ; gain = 0.000
INFO: [Netlist 29-17] Analyzing 4283 Unisim elements for replacement
INFO: [Netlist 29-28] Unisim Transformation completed in 0 CPU seconds
INFO: [Project 1-479] Netlist was created with Vivado 2018.3
INFO: [Device 21-403] Loading part xc7z020clg400-2
INFO: [Project 1-570] Preparing netlist for logic optimization
WARNING: [Constraints 18-550] Could not create 'IBUF_LOW_PWR' constraint because net 'u_clk_wiz_0/clk_in1' is not directly connected to top level port. Synthesis is ignored for IBUF_LOW_PWR but preserved for implementation.
INFO: [Timing 38-478] Restoring timing data from binary archive.
INFO: [Timing 38-479] Binary timing data restore complete.
INFO: [Project 1-856] Restoring constraints from binary archive.
INFO: [Project 1-853] Binary constraint restore complete.
Reading XDEF placement.
Reading placer database...
Reading XDEF routing.
Read XDEF File: Time (s): cpu = 00:00:03 ; elapsed = 00:00:04 . Memory (MB): peak = 1524.723 ; gain = 32.406
Restored from archive | CPU: 4.000000 secs | Memory: 0.000000 MB |
Finished XDEF File Restore: Time (s): cpu = 00:00:03 ; elapsed = 00:00:04 . Memory (MB): peak = 1524.723 ; gain = 32.406
Netlist sorting complete. Time (s): cpu = 00:00:00 ; elapsed = 00:00:00.014 . Memory (MB): peak = 1524.723 ; gain = 0.000
INFO: [Project 1-111] Unisim Transformation Summary:
  A total of 114 instances were transformed.
  CFGLUT5 => CFGLUT5 (SRLC32E, SRL16E): 104 instances
  IOBUF => IOBUF (IBUF, OBUFT): 4 instances
  RAM32M => RAM32M (RAMD32, RAMD32, RAMD32, RAMD32, RAMD32, RAMD32, RAMS32, RAMS32): 6 instances

INFO: [Project 1-604] Checkpoint was created with Vivado v2018.3 (64-bit) build 2405991
open_checkpoint: Time (s): cpu = 00:00:20 ; elapsed = 00:00:23 . Memory (MB): peak = 1524.723 ; gain = 1248.473
Command: write_bitstream -force main.bit
Attempting to get a license for feature 'Implementation' and/or device 'xc7z020'
INFO: [Common 17-349] Got license for feature 'Implementation' and/or device 'xc7z020'
Running DRC as a precondition to command write_bitstream
INFO: [IP_Flow 19-234] Refreshing IP repositories
INFO: [IP_Flow 19-1704] No user IP repositories specified
INFO: [IP_Flow 19-2313] Loaded Vivado IP repository 'D:/zt/Xilinx/Vivado/2018.3/data/ip'.
INFO: [DRC 23-27] Running DRC with 2 threads
WARNING: [DRC RTSTAT-10] No routable loads: 25 net(s) have no routable loads. The problem bus(es) and/or net(s) are dbg_hub/inst/BSCANID.u_xsdbm_id/CORE_XSDB.UUT_MASTER/U_ICON_INTERFACE/U_CMD6_RD/U_RD_FIFO/SUBCORE_FIFO.xsdbm_v3_0_0_rdfifo_inst/inst_fifo_gen/gconvfifo.rf/grf.rf/gntv_or_sync_fifo.gl0.rd/gr1.gr1_int.rfwft/aempty_fwft_i, dbg_hub/inst/BSCANID.u_xsdbm_id/CORE_XSDB.UUT_MASTER/U_ICON_INTERFACE/U_CMD7_CTL/ctl_reg[2:0], dbg_hub/inst/BSCANID.u_xsdbm_id/CORE_XSDB.UUT_MASTER/U_ICON_INTERFACE/U_CMD7_CTL/ctl_reg_en_2[1], dbg_hub/inst/BSCANID.u_xsdbm_id/CORE_XSDB.UUT_MASTER/U_ICON_INTERFACE/U_CMD1/ctl_reg_en_2[1], dbg_hub/inst/BSCANID.u_xsdbm_id/SWITCH_N_EXT_BSCAN.bscan_switch/m_bscan_capture[0], dbg_hub/inst/BSCANID.u_xsdbm_id/SWITCH_N_EXT_BSCAN.bscan_switch/m_bscan_drck[0], dbg_hub/inst/BSCANID.u_xsdbm_id/SWITCH_N_EXT_BSCAN.bscan_switch/m_bscan_runtest[0], dbg_hub/inst/BSCANID.u_xsdbm_id/CORE_XSDB.UUT_MASTER/U_ICON_INTERFACE/U_CMD6_RD/U_RD_FIFO/SUBCORE_FIFO.xsdbm_v3_0_0_rdfifo_inst/inst_fifo_gen/gconvfifo.rf/grf.rf/gntv_or_sync_fifo.gl0.wr/gwhf.whf/overflow, dbg_hub/inst/BSCANID.u_xsdbm_id/CORE_XSDB.UUT_MASTER/U_ICON_INTERFACE/U_CMD6_WR/U_WR_FIFO/SUBCORE_FIFO.xsdbm_v3_0_0_wrfifo_inst/inst_fifo_gen/gconvfifo.rf/grf.rf/gntv_or_sync_fifo.gl0.wr/gwhf.whf/overflow, dbg_hub/inst/BSCANID.u_xsdbm_id/CORE_XSDB.UUT_MASTER/U_ICON_INTERFACE/U_CMD6_RD/U_RD_FIFO/SUBCORE_FIFO.xsdbm_v3_0_0_rdfifo_inst/inst_fifo_gen/gconvfifo.rf/grf.rf/gntv_or_sync_fifo.gl0.rd/gras.rsts/ram_empty_i, dbg_hub/inst/BSCANID.u_xsdbm_id/CORE_XSDB.UUT_MASTER/U_ICON_INTERFACE/U_CMD6_WR/U_WR_FIFO/SUBCORE_FIFO.xsdbm_v3_0_0_wrfifo_inst/inst_fifo_gen/gconvfifo.rf/grf.rf/gntv_or_sync_fifo.gl0.wr/gwas.wsts/ram_full_i, dbg_hub/inst/BSCANID.u_xsdbm_id/CORE_XSDB.UUT_MASTER/U_ICON_INTERFACE/U_CMD6_WR/U_WR_FIFO/SUBCORE_FIFO.xsdbm_v3_0_0_wrfifo_inst/inst_fifo_gen/gconvfifo.rf/grf.rf/rstblk/rd_rst_reg[0], dbg_hub/inst/BSCANID.u_xsdbm_id/SWITCH_N_EXT_BSCAN.bscan_inst/s_bscan_tms, u_adc/u_ila_0/inst/ila_core_inst/u_ila_regs/U_XSDB_SLAVE/s_daddr_o[13], u_adc/u_ila_0/inst/ila_core_inst/u_ila_regs/U_XSDB_SLAVE/s_daddr_o[14]... and (the first 15 of 23 listed).
WARNING: [DRC ZPS7-1] PS7 block required: The PS7 cell must be used in this Zynq design in order to enable correct default configuration.
INFO: [Vivado 12-3199] DRC finished with 0 Errors, 2 Warnings
INFO: [Vivado 12-3200] Please refer to the DRC report (report_drc) for more information.
INFO: [Designutils 20-2272] Running write_bitstream with 2 threads.
Loading data files...
Loading site data...
Loading route data...
Processing options...
Creating bitmap...
Creating bitstream...
Writing bitstream ./main.bit...
INFO: [Vivado 12-1842] Bitgen Completed Successfully.
INFO: [Project 1-120] WebTalk data collection is mandatory when using a WebPACK part without a full Vivado license. To see the specific WebTalk data collected for your design, open the usage_statistics_webtalk.html or usage_statistics_webtalk.xml file in the implementation directory.
INFO: [Common 17-83] Releasing license: Implementation
22 Infos, 3 Warnings, 0 Critical Warnings and 0 Errors encountered.
write_bitstream completed successfully
write_bitstream: Time (s): cpu = 00:00:43 ; elapsed = 00:00:34 . Memory (MB): peak = 2125.211 ; gain = 600.488
INFO: [Common 17-206] Exiting Vivado at Wed Mar 25 00:19:23 2026...

*** Running vivado
    with args -log main.vdi -applog -m64 -product Vivado -messageDb vivado.pb -mode batch -source main.tcl -notrace


****** Vivado v2018.3 (64-bit)
  **** SW Build 2405991 on Thu Dec  6 23:38:27 MST 2018
  **** IP Build 2404404 on Fri Dec  7 01:43:56 MST 2018
    ** Copyright 1986-2018 Xilinx, Inc. All Rights Reserved.

source main.tcl -notrace
Command: open_checkpoint main_routed.dcp

Starting open_checkpoint Task

Time (s): cpu = 00:00:00 ; elapsed = 00:00:00.022 . Memory (MB): peak = 268.109 ; gain = 0.000
INFO: [Netlist 29-17] Analyzing 4283 Unisim elements for replacement
INFO: [Netlist 29-28] Unisim Transformation completed in 0 CPU seconds
INFO: [Project 1-479] Netlist was created with Vivado 2018.3
INFO: [Device 21-403] Loading part xc7z020clg400-2
INFO: [Project 1-570] Preparing netlist for logic optimization
WARNING: [Constraints 18-550] Could not create 'IBUF_LOW_PWR' constraint because net 'u_clk_wiz_0/clk_in1' is not directly connected to top level port. Synthesis is ignored for IBUF_LOW_PWR but preserved for implementation.
INFO: [Timing 38-478] Restoring timing data from binary archive.
INFO: [Timing 38-479] Binary timing data restore complete.
INFO: [Project 1-856] Restoring constraints from binary archive.
INFO: [Project 1-853] Binary constraint restore complete.
Reading XDEF placement.
Reading placer database...
Reading XDEF routing.
Read XDEF File: Time (s): cpu = 00:00:04 ; elapsed = 00:00:04 . Memory (MB): peak = 1525.727 ; gain = 33.348
Restored from archive | CPU: 4.000000 secs | Memory: 0.000000 MB |
Finished XDEF File Restore: Time (s): cpu = 00:00:04 ; elapsed = 00:00:04 . Memory (MB): peak = 1525.727 ; gain = 33.348
Netlist sorting complete. Time (s): cpu = 00:00:00 ; elapsed = 00:00:00.013 . Memory (MB): peak = 1525.727 ; gain = 0.000
INFO: [Project 1-111] Unisim Transformation Summary:
  A total of 114 instances were transformed.
  CFGLUT5 => CFGLUT5 (SRLC32E, SRL16E): 104 instances
  IOBUF => IOBUF (IBUF, OBUFT): 4 instances
  RAM32M => RAM32M (RAMD32, RAMD32, RAMD32, RAMD32, RAMD32, RAMD32, RAMS32, RAMS32): 6 instances

INFO: [Project 1-604] Checkpoint was created with Vivado v2018.3 (64-bit) build 2405991
open_checkpoint: Time (s): cpu = 00:00:21 ; elapsed = 00:00:23 . Memory (MB): peak = 1525.727 ; gain = 1257.617
Command: write_bitstream -force main.bit
Attempting to get a license for feature 'Implementation' and/or device 'xc7z020'
INFO: [Common 17-349] Got license for feature 'Implementation' and/or device 'xc7z020'
Running DRC as a precondition to command write_bitstream
INFO: [IP_Flow 19-234] Refreshing IP repositories
INFO: [IP_Flow 19-1704] No user IP repositories specified
INFO: [IP_Flow 19-2313] Loaded Vivado IP repository 'D:/zt/Xilinx/Vivado/2018.3/data/ip'.
INFO: [DRC 23-27] Running DRC with 2 threads
WARNING: [DRC RTSTAT-10] No routable loads: 25 net(s) have no routable loads. The problem bus(es) and/or net(s) are dbg_hub/inst/BSCANID.u_xsdbm_id/CORE_XSDB.UUT_MASTER/U_ICON_INTERFACE/U_CMD6_RD/U_RD_FIFO/SUBCORE_FIFO.xsdbm_v3_0_0_rdfifo_inst/inst_fifo_gen/gconvfifo.rf/grf.rf/gntv_or_sync_fifo.gl0.rd/gr1.gr1_int.rfwft/aempty_fwft_i, dbg_hub/inst/BSCANID.u_xsdbm_id/CORE_XSDB.UUT_MASTER/U_ICON_INTERFACE/U_CMD7_CTL/ctl_reg[2:0], dbg_hub/inst/BSCANID.u_xsdbm_id/CORE_XSDB.UUT_MASTER/U_ICON_INTERFACE/U_CMD1/ctl_reg_en_2[1], dbg_hub/inst/BSCANID.u_xsdbm_id/CORE_XSDB.UUT_MASTER/U_ICON_INTERFACE/U_CMD7_CTL/ctl_reg_en_2[1], dbg_hub/inst/BSCANID.u_xsdbm_id/SWITCH_N_EXT_BSCAN.bscan_switch/m_bscan_capture[0], dbg_hub/inst/BSCANID.u_xsdbm_id/SWITCH_N_EXT_BSCAN.bscan_switch/m_bscan_drck[0], dbg_hub/inst/BSCANID.u_xsdbm_id/SWITCH_N_EXT_BSCAN.bscan_switch/m_bscan_runtest[0], dbg_hub/inst/BSCANID.u_xsdbm_id/CORE_XSDB.UUT_MASTER/U_ICON_INTERFACE/U_CMD6_RD/U_RD_FIFO/SUBCORE_FIFO.xsdbm_v3_0_0_rdfifo_inst/inst_fifo_gen/gconvfifo.rf/grf.rf/gntv_or_sync_fifo.gl0.wr/gwhf.whf/overflow, dbg_hub/inst/BSCANID.u_xsdbm_id/CORE_XSDB.UUT_MASTER/U_ICON_INTERFACE/U_CMD6_WR/U_WR_FIFO/SUBCORE_FIFO.xsdbm_v3_0_0_wrfifo_inst/inst_fifo_gen/gconvfifo.rf/grf.rf/gntv_or_sync_fifo.gl0.wr/gwhf.whf/overflow, dbg_hub/inst/BSCANID.u_xsdbm_id/CORE_XSDB.UUT_MASTER/U_ICON_INTERFACE/U_CMD6_RD/U_RD_FIFO/SUBCORE_FIFO.xsdbm_v3_0_0_rdfifo_inst/inst_fifo_gen/gconvfifo.rf/grf.rf/gntv_or_sync_fifo.gl0.rd/gras.rsts/ram_empty_i, dbg_hub/inst/BSCANID.u_xsdbm_id/CORE_XSDB.UUT_MASTER/U_ICON_INTERFACE/U_CMD6_WR/U_WR_FIFO/SUBCORE_FIFO.xsdbm_v3_0_0_wrfifo_inst/inst_fifo_gen/gconvfifo.rf/grf.rf/gntv_or_sync_fifo.gl0.wr/gwas.wsts/ram_full_i, dbg_hub/inst/BSCANID.u_xsdbm_id/CORE_XSDB.UUT_MASTER/U_ICON_INTERFACE/U_CMD6_WR/U_WR_FIFO/SUBCORE_FIFO.xsdbm_v3_0_0_wrfifo_inst/inst_fifo_gen/gconvfifo.rf/grf.rf/rstblk/rd_rst_reg[0], dbg_hub/inst/BSCANID.u_xsdbm_id/SWITCH_N_EXT_BSCAN.bscan_inst/s_bscan_tms, u_adc/u_ila_0/inst/ila_core_inst/u_ila_regs/U_XSDB_SLAVE/s_daddr_o[13], u_adc/u_ila_0/inst/ila_core_inst/u_ila_regs/U_XSDB_SLAVE/s_daddr_o[14]... and (the first 15 of 23 listed).
WARNING: [DRC ZPS7-1] PS7 block required: The PS7 cell must be used in this Zynq design in order to enable correct default configuration.
INFO: [Vivado 12-3199] DRC finished with 0 Errors, 2 Warnings
INFO: [Vivado 12-3200] Please refer to the DRC report (report_drc) for more information.
INFO: [Designutils 20-2272] Running write_bitstream with 2 threads.
Loading data files...
Loading site data...
Loading route data...
Processing options...
Creating bitmap...
Creating bitstream...
Writing bitstream ./main.bit...
INFO: [Vivado 12-1842] Bitgen Completed Successfully.
INFO: [Project 1-120] WebTalk data collection is mandatory when using a WebPACK part without a full Vivado license. To see the specific WebTalk data collected for your design, open the usage_statistics_webtalk.html or usage_statistics_webtalk.xml file in the implementation directory.
INFO: [Common 17-83] Releasing license: Implementation
22 Infos, 3 Warnings, 0 Critical Warnings and 0 Errors encountered.
write_bitstream completed successfully
write_bitstream: Time (s): cpu = 00:00:42 ; elapsed = 00:00:32 . Memory (MB): peak = 2128.598 ; gain = 602.871
INFO: [Common 17-206] Exiting Vivado at Wed Mar 25 00:21:49 2026...
