INFO: [VRFC 10-2263] Analyzing Verilog file "G:/navigator_v3/doc_check/7020/30_digital_voltmeter/rtl/clk_div.v" into library xil_defaultlib
INFO: [VRFC 10-311] analyzing module clk_div
INFO: [VRFC 10-2263] Analyzing Verilog file "G:/navigator_v3/doc_check/7020/30_digital_voltmeter/rtl/lcd_disp_char.v" into library xil_defaultlib
INFO: [VRFC 10-311] analyzing module lcd_disp_char
INFO: [VRFC 10-2263] Analyzing Verilog file "G:/navigator_v3/doc_check/7020/30_digital_voltmeter/rtl/lcd_display.v" into library xil_defaultlib
INFO: [VRFC 10-311] analyzing module lcd_display
INFO: [VRFC 10-2263] Analyzing Verilog file "G:/navigator_v3/doc_check/7020/30_digital_voltmeter/rtl/lcd_driver.v" into library xil_defaultlib
INFO: [VRFC 10-311] analyzing module lcd_driver
INFO: [VRFC 10-2263] Analyzing Verilog file "G:/navigator_v3/doc_check/7020/30_digital_voltmeter/rtl/rd_id.v" into library xil_defaultlib
INFO: [VRFC 10-311] analyzing module rd_id
INFO: [VRFC 10-2263] Analyzing Verilog file "G:/navigator_v3/doc_check/7020/30_digital_voltmeter/rtl/test_voltage.v" into library xil_defaultlib
INFO: [VRFC 10-311] analyzing module test_voltage
INFO: [VRFC 10-2263] Analyzing Verilog file "G:/navigator_v3/doc_check/7020/30_digital_voltmeter/rtl/top_dvm.v" into library xil_defaultlib
INFO: [VRFC 10-311] analyzing module top_dvm
INFO: [VRFC 10-2263] Analyzing Verilog file "G:/navigator_v3/doc_check/7020/30_digital_voltmeter/rtl/voltage_calibrator.v" into library xil_defaultlib
INFO: [VRFC 10-311] analyzing module voltage_calibrator
INFO: [VRFC 10-2263] Analyzing Verilog file "G:/navigator_v3/doc_check/7020/30_digital_voltmeter/rtl/voltage_data.v" into library xil_defaultlib
INFO: [VRFC 10-311] analyzing module voltage_data
INFO: [VRFC 10-2263] Analyzing Verilog file "G:/navigator_v3/doc_check/7020/30_digital_voltmeter/sim/tb_top_dvm.v" into library xil_defaultlib
INFO: [VRFC 10-311] analyzing module tb_top_dvm
INFO: [VRFC 10-2263] Analyzing Verilog file "G:/navigator_v3/doc_check/7020/30_digital_voltmeter/prj/digital_voltmeter.sim/sim_1/behav/xsim/glbl.v" into library xil_defaultlib
INFO: [VRFC 10-311] analyzing module glbl
