Vivado Simulator 2020.2
Copyright 1986-1999, 2001-2020 Xilinx, Inc. All Rights Reserved.
Running: F:/Xilinx_2020/Vivado/2020.2/bin/unwrapped/win64.o/xelab.exe -wto 72f84b7491d546c89fd68afd288d91e5 --incr --debug typical --relax --mt 8 -L xil_defaultlib -L unisims_ver -L unimacro_ver -L secureip --snapshot tb_top_dvm_behav xil_defaultlib.tb_top_dvm xil_defaultlib.glbl -log elaborate.log 
Using 8 slave threads.
Starting static elaboration
Pass Through NonSizing Optimizer
Completed static elaboration
Starting simulation data flow analysis
WARNING: [XSIM 43-4099] "G:/navigator_v3/doc_check/7020/30_digital_voltmeter/rtl/top_dvm.v" Line 23. Module top_dvm doesn't have a timescale but at least one module in design has a timescale.
WARNING: [XSIM 43-4099] "G:/navigator_v3/doc_check/7020/30_digital_voltmeter/rtl/voltage_data.v" Line 22. Module voltage_data doesn't have a timescale but at least one module in design has a timescale.
WARNING: [XSIM 43-4099] "G:/navigator_v3/doc_check/7020/30_digital_voltmeter/rtl/voltage_calibrator.v" Line 23. Module voltage_calibrator doesn't have a timescale but at least one module in design has a timescale.
WARNING: [XSIM 43-4099] "G:/navigator_v3/doc_check/7020/30_digital_voltmeter/rtl/lcd_disp_char.v" Line 23. Module lcd_disp_char doesn't have a timescale but at least one module in design has a timescale.
WARNING: [XSIM 43-4099] "G:/navigator_v3/doc_check/7020/30_digital_voltmeter/rtl/rd_id.v" Line 23. Module rd_id doesn't have a timescale but at least one module in design has a timescale.
WARNING: [XSIM 43-4099] "G:/navigator_v3/doc_check/7020/30_digital_voltmeter/rtl/clk_div.v" Line 23. Module clk_div doesn't have a timescale but at least one module in design has a timescale.
WARNING: [XSIM 43-4099] "G:/navigator_v3/doc_check/7020/30_digital_voltmeter/rtl/lcd_display.v" Line 29. Module lcd_display doesn't have a timescale but at least one module in design has a timescale.
WARNING: [XSIM 43-4099] "G:/navigator_v3/doc_check/7020/30_digital_voltmeter/rtl/lcd_driver.v" Line 23. Module lcd_driver doesn't have a timescale but at least one module in design has a timescale.
WARNING: [XSIM 43-4099] "G:/navigator_v3/doc_check/7020/30_digital_voltmeter/rtl/test_voltage.v" Line 23. Module test_voltage doesn't have a timescale but at least one module in design has a timescale.
WARNING: [XSIM 43-4099] "G:/navigator_v3/doc_check/7020/30_digital_voltmeter/rtl/top_dvm.v" Line 23. Module top_dvm doesn't have a timescale but at least one module in design has a timescale.
WARNING: [XSIM 43-4099] "G:/navigator_v3/doc_check/7020/30_digital_voltmeter/rtl/voltage_data.v" Line 22. Module voltage_data doesn't have a timescale but at least one module in design has a timescale.
WARNING: [XSIM 43-4099] "G:/navigator_v3/doc_check/7020/30_digital_voltmeter/rtl/voltage_calibrator.v" Line 23. Module voltage_calibrator doesn't have a timescale but at least one module in design has a timescale.
WARNING: [XSIM 43-4099] "G:/navigator_v3/doc_check/7020/30_digital_voltmeter/rtl/lcd_disp_char.v" Line 23. Module lcd_disp_char doesn't have a timescale but at least one module in design has a timescale.
WARNING: [XSIM 43-4099] "G:/navigator_v3/doc_check/7020/30_digital_voltmeter/rtl/rd_id.v" Line 23. Module rd_id doesn't have a timescale but at least one module in design has a timescale.
WARNING: [XSIM 43-4099] "G:/navigator_v3/doc_check/7020/30_digital_voltmeter/rtl/clk_div.v" Line 23. Module clk_div doesn't have a timescale but at least one module in design has a timescale.
WARNING: [XSIM 43-4099] "G:/navigator_v3/doc_check/7020/30_digital_voltmeter/rtl/lcd_display.v" Line 29. Module lcd_display doesn't have a timescale but at least one module in design has a timescale.
WARNING: [XSIM 43-4099] "G:/navigator_v3/doc_check/7020/30_digital_voltmeter/rtl/lcd_driver.v" Line 23. Module lcd_driver doesn't have a timescale but at least one module in design has a timescale.
WARNING: [XSIM 43-4099] "G:/navigator_v3/doc_check/7020/30_digital_voltmeter/rtl/test_voltage.v" Line 23. Module test_voltage doesn't have a timescale but at least one module in design has a timescale.
Completed simulation data flow analysis
Time Resolution for simulation is 1ps
Compiling module xil_defaultlib.voltage_data
Compiling module xil_defaultlib.voltage_calibrator
Compiling module xil_defaultlib.rd_id
Compiling module xil_defaultlib.clk_div
Compiling module xil_defaultlib.lcd_display
Compiling module xil_defaultlib.lcd_driver
Compiling module xil_defaultlib.lcd_disp_char
Compiling module xil_defaultlib.test_voltage
Compiling module xil_defaultlib.top_dvm
Compiling module xil_defaultlib.tb_top_dvm
Compiling module xil_defaultlib.glbl
Built simulation snapshot tb_top_dvm_behav
