
*** Running vivado
    with args -log top_dvm.vds -m64 -product Vivado -mode batch -messageDb vivado.pb -notrace -source top_dvm.tcl



****** Vivado v2020.2 (64-bit)
  **** SW Build 3064766 on Wed Nov 18 09:12:45 MST 2020
  **** IP Build 3064653 on Wed Nov 18 14:17:31 MST 2020
    ** Copyright 1986-2020 Xilinx, Inc. All Rights Reserved.

Sourcing tcl script 'F:/Xilinx_2020/Vivado/2020.2/scripts/Vivado_init.tcl'
source top_dvm.tcl -notrace
Command: synth_design -top top_dvm -part xc7z020clg400-2
Starting synth_design
Attempting to get a license for feature 'Synthesis' and/or device 'xc7z020'
INFO: [Common 17-349] Got license for feature 'Synthesis' and/or device 'xc7z020'
INFO: [Device 21-403] Loading part xc7z020clg400-2
INFO: [Synth 8-7079] Multithreading enabled for synth_design using a maximum of 4 processes.
INFO: [Synth 8-7078] Launching helper process for spawning children vivado processes
INFO: [Synth 8-7075] Helper process launched with PID 14352
WARNING: [Synth 8-2507] parameter declaration becomes local in voltage_data with formal parameter declaration list [G:/navigator_v3/doc_check/7020/30_digital_voltmeter/rtl/voltage_data.v:34]
WARNING: [Synth 8-2507] parameter declaration becomes local in voltage_data with formal parameter declaration list [G:/navigator_v3/doc_check/7020/30_digital_voltmeter/rtl/voltage_data.v:35]
---------------------------------------------------------------------------------
Starting RTL Elaboration : Time (s): cpu = 00:00:02 ; elapsed = 00:00:03 . Memory (MB): peak = 1007.312 ; gain = 0.000
---------------------------------------------------------------------------------
INFO: [Synth 8-6157] synthesizing module 'top_dvm' [G:/navigator_v3/doc_check/7020/30_digital_voltmeter/rtl/top_dvm.v:19]
	Parameter WIDTH bound to: 8 - type: integer 
INFO: [Synth 8-6157] synthesizing module 'voltage_data' [G:/navigator_v3/doc_check/7020/30_digital_voltmeter/rtl/voltage_data.v:19]
	Parameter WIDTH bound to: 8 - type: integer 
	Parameter SIZE bound to: 25'b0000000000000010000000000 
	Parameter TIME_200MS bound to: 25'b0100110001001011010000000 
INFO: [Synth 8-6155] done synthesizing module 'voltage_data' (1#1) [G:/navigator_v3/doc_check/7020/30_digital_voltmeter/rtl/voltage_data.v:19]
INFO: [Synth 8-6157] synthesizing module 'voltage_calibrator' [G:/navigator_v3/doc_check/7020/30_digital_voltmeter/rtl/voltage_calibrator.v:19]
	Parameter WIDTH bound to: 8 - type: integer 
INFO: [Synth 8-6155] done synthesizing module 'voltage_calibrator' (2#1) [G:/navigator_v3/doc_check/7020/30_digital_voltmeter/rtl/voltage_calibrator.v:19]
INFO: [Synth 8-6157] synthesizing module 'lcd_disp_char' [G:/navigator_v3/doc_check/7020/30_digital_voltmeter/rtl/lcd_disp_char.v:19]
INFO: [Synth 8-6157] synthesizing module 'rd_id' [G:/navigator_v3/doc_check/7020/30_digital_voltmeter/rtl/rd_id.v:19]
INFO: [Synth 8-6155] done synthesizing module 'rd_id' (3#1) [G:/navigator_v3/doc_check/7020/30_digital_voltmeter/rtl/rd_id.v:19]
INFO: [Synth 8-6157] synthesizing module 'clk_div' [G:/navigator_v3/doc_check/7020/30_digital_voltmeter/rtl/clk_div.v:19]
INFO: [Synth 8-6155] done synthesizing module 'clk_div' (4#1) [G:/navigator_v3/doc_check/7020/30_digital_voltmeter/rtl/clk_div.v:19]
INFO: [Synth 8-6157] synthesizing module 'lcd_display' [G:/navigator_v3/doc_check/7020/30_digital_voltmeter/rtl/lcd_display.v:19]
	Parameter CHAR_POS_X_1 bound to: 11'b00000000001 
	Parameter CHAR_POS_Y_1 bound to: 11'b00000000001 
	Parameter CHAR_POS_X_2 bound to: 11'b00000010001 
	Parameter CHAR_POS_Y_2 bound to: 11'b00000010001 
	Parameter CHAR_WIDTH_1 bound to: 11'b00000111000 
	Parameter CHAR_HEIGHT bound to: 11'b00000010000 
	Parameter WHITE bound to: 24'b111111111111111111111111 
	Parameter BLACK bound to: 24'b000000000000000000000000 
INFO: [Synth 8-6155] done synthesizing module 'lcd_display' (5#1) [G:/navigator_v3/doc_check/7020/30_digital_voltmeter/rtl/lcd_display.v:19]
INFO: [Synth 8-6157] synthesizing module 'lcd_driver' [G:/navigator_v3/doc_check/7020/30_digital_voltmeter/rtl/lcd_driver.v:19]
	Parameter H_SYNC_4342 bound to: 11'b00000101001 
	Parameter H_BACK_4342 bound to: 11'b00000000010 
	Parameter H_DISP_4342 bound to: 11'b00111100000 
	Parameter H_FRONT_4342 bound to: 11'b00000000010 
	Parameter H_TOTAL_4342 bound to: 11'b01000001101 
	Parameter V_SYNC_4342 bound to: 11'b00000001010 
	Parameter V_BACK_4342 bound to: 11'b00000000010 
	Parameter V_DISP_4342 bound to: 11'b00100010000 
	Parameter V_FRONT_4342 bound to: 11'b00000000010 
	Parameter V_TOTAL_4342 bound to: 11'b00100011110 
	Parameter H_SYNC_7084 bound to: 11'b00010000000 
	Parameter H_BACK_7084 bound to: 11'b00001011000 
	Parameter H_DISP_7084 bound to: 11'b01100100000 
	Parameter H_FRONT_7084 bound to: 11'b00000101000 
	Parameter H_TOTAL_7084 bound to: 11'b10000100000 
	Parameter V_SYNC_7084 bound to: 11'b00000000010 
	Parameter V_BACK_7084 bound to: 11'b00000100001 
	Parameter V_DISP_7084 bound to: 11'b00111100000 
	Parameter V_FRONT_7084 bound to: 11'b00000001010 
	Parameter V_TOTAL_7084 bound to: 11'b01000001101 
	Parameter H_SYNC_7016 bound to: 11'b00000010100 
	Parameter H_BACK_7016 bound to: 11'b00010001100 
	Parameter H_DISP_7016 bound to: 11'b10000000000 
	Parameter H_FRONT_7016 bound to: 11'b00010100000 
	Parameter H_TOTAL_7016 bound to: 11'b10101000000 
	Parameter V_SYNC_7016 bound to: 11'b00000000011 
	Parameter V_BACK_7016 bound to: 11'b00000010100 
	Parameter V_DISP_7016 bound to: 11'b01001011000 
	Parameter V_FRONT_7016 bound to: 11'b00000001100 
	Parameter V_TOTAL_7016 bound to: 11'b01001111011 
	Parameter H_SYNC_1018 bound to: 11'b00000001010 
	Parameter H_BACK_1018 bound to: 11'b00001010000 
	Parameter H_DISP_1018 bound to: 11'b10100000000 
	Parameter H_FRONT_1018 bound to: 11'b00001000110 
	Parameter H_TOTAL_1018 bound to: 11'b10110100000 
	Parameter V_SYNC_1018 bound to: 11'b00000000011 
	Parameter V_BACK_1018 bound to: 11'b00000001010 
	Parameter V_DISP_1018 bound to: 11'b01100100000 
	Parameter V_FRONT_1018 bound to: 11'b00000001010 
	Parameter V_TOTAL_1018 bound to: 11'b01100110111 
	Parameter H_SYNC_4384 bound to: 11'b00010000000 
	Parameter H_BACK_4384 bound to: 11'b00001011000 
	Parameter H_DISP_4384 bound to: 11'b01100100000 
	Parameter H_FRONT_4384 bound to: 11'b00000101000 
	Parameter H_TOTAL_4384 bound to: 11'b10000100000 
	Parameter V_SYNC_4384 bound to: 11'b00000000010 
	Parameter V_BACK_4384 bound to: 11'b00000100001 
	Parameter V_DISP_4384 bound to: 11'b00111100000 
	Parameter V_FRONT_4384 bound to: 11'b00000001010 
	Parameter V_TOTAL_4384 bound to: 11'b01000001101 
INFO: [Synth 8-6155] done synthesizing module 'lcd_driver' (6#1) [G:/navigator_v3/doc_check/7020/30_digital_voltmeter/rtl/lcd_driver.v:19]
INFO: [Synth 8-6155] done synthesizing module 'lcd_disp_char' (7#1) [G:/navigator_v3/doc_check/7020/30_digital_voltmeter/rtl/lcd_disp_char.v:19]
INFO: [Synth 8-6157] synthesizing module 'test_voltage' [G:/navigator_v3/doc_check/7020/30_digital_voltmeter/rtl/test_voltage.v:19]
	Parameter TIME_200MS bound to: 25'b0100110001001011010000000 
INFO: [Synth 8-6155] done synthesizing module 'test_voltage' (8#1) [G:/navigator_v3/doc_check/7020/30_digital_voltmeter/rtl/test_voltage.v:19]
INFO: [Synth 8-6155] done synthesizing module 'top_dvm' (9#1) [G:/navigator_v3/doc_check/7020/30_digital_voltmeter/rtl/top_dvm.v:19]
---------------------------------------------------------------------------------
Finished RTL Elaboration : Time (s): cpu = 00:00:03 ; elapsed = 00:00:04 . Memory (MB): peak = 1007.312 ; gain = 0.000
---------------------------------------------------------------------------------
---------------------------------------------------------------------------------
Start Handling Custom Attributes
---------------------------------------------------------------------------------
---------------------------------------------------------------------------------
Finished Handling Custom Attributes : Time (s): cpu = 00:00:04 ; elapsed = 00:00:04 . Memory (MB): peak = 1007.312 ; gain = 0.000
---------------------------------------------------------------------------------
---------------------------------------------------------------------------------
Finished RTL Optimization Phase 1 : Time (s): cpu = 00:00:04 ; elapsed = 00:00:04 . Memory (MB): peak = 1007.312 ; gain = 0.000
---------------------------------------------------------------------------------
Netlist sorting complete. Time (s): cpu = 00:00:00 ; elapsed = 00:00:00.026 . Memory (MB): peak = 1007.312 ; gain = 0.000
INFO: [Project 1-570] Preparing netlist for logic optimization

Processing XDC Constraints
Initializing timing engine
Parsing XDC File [G:/navigator_v3/doc_check/7020/30_digital_voltmeter/prj/digital_voltmeter.srcs/constrs_1/new/pin.xdc]
Finished Parsing XDC File [G:/navigator_v3/doc_check/7020/30_digital_voltmeter/prj/digital_voltmeter.srcs/constrs_1/new/pin.xdc]
INFO: [Project 1-236] Implementation specific constraints were found while reading constraint file [G:/navigator_v3/doc_check/7020/30_digital_voltmeter/prj/digital_voltmeter.srcs/constrs_1/new/pin.xdc]. These constraints will be ignored for synthesis but will be used in implementation. Impacted constraints are listed in the file [.Xil/top_dvm_propImpl.xdc].
Resolution: To avoid this warning, move constraints listed in [.Xil/top_dvm_propImpl.xdc] to another XDC file and exclude this new file from synthesis with the used_in_synthesis property (File Properties dialog in GUI) and re-run elaboration/synthesis.
Completed Processing XDC Constraints

Netlist sorting complete. Time (s): cpu = 00:00:00 ; elapsed = 00:00:00.001 . Memory (MB): peak = 1067.500 ; gain = 0.000
INFO: [Project 1-111] Unisim Transformation Summary:
No Unisim elements were transformed.

Constraint Validation Runtime : Time (s): cpu = 00:00:00 ; elapsed = 00:00:00.007 . Memory (MB): peak = 1067.500 ; gain = 0.000
---------------------------------------------------------------------------------
Finished Constraint Validation : Time (s): cpu = 00:00:08 ; elapsed = 00:00:09 . Memory (MB): peak = 1067.500 ; gain = 60.188
---------------------------------------------------------------------------------
---------------------------------------------------------------------------------
Start Loading Part and Timing Information
---------------------------------------------------------------------------------
Loading part: xc7z020clg400-2
---------------------------------------------------------------------------------
Finished Loading Part and Timing Information : Time (s): cpu = 00:00:08 ; elapsed = 00:00:09 . Memory (MB): peak = 1067.500 ; gain = 60.188
---------------------------------------------------------------------------------
---------------------------------------------------------------------------------
Start Applying 'set_property' XDC Constraints
---------------------------------------------------------------------------------
---------------------------------------------------------------------------------
Finished applying 'set_property' XDC Constraints : Time (s): cpu = 00:00:08 ; elapsed = 00:00:09 . Memory (MB): peak = 1067.500 ; gain = 60.188
---------------------------------------------------------------------------------
---------------------------------------------------------------------------------
Finished RTL Optimization Phase 2 : Time (s): cpu = 00:00:09 ; elapsed = 00:00:09 . Memory (MB): peak = 1067.500 ; gain = 60.188
---------------------------------------------------------------------------------
---------------------------------------------------------------------------------
Start RTL Component Statistics 
---------------------------------------------------------------------------------
Detailed RTL Component Info : 
+---Adders : 
	   3 Input   32 Bit       Adders := 2     
	   2 Input   25 Bit       Adders := 2     
	   2 Input   18 Bit       Adders := 1     
	   4 Input   12 Bit       Adders := 1     
	   2 Input   11 Bit       Adders := 8     
	   3 Input   11 Bit       Adders := 3     
	   2 Input    9 Bit       Adders := 3     
	   2 Input    8 Bit       Adders := 4     
	   2 Input    7 Bit       Adders := 2     
	   3 Input    7 Bit       Adders := 6     
	   2 Input    1 Bit       Adders := 1     
+---Registers : 
	              128 Bit    Registers := 10    
	               25 Bit    Registers := 2     
	               24 Bit    Registers := 1     
	               18 Bit    Registers := 1     
	               17 Bit    Registers := 1     
	               16 Bit    Registers := 1     
	               14 Bit    Registers := 1     
	               12 Bit    Registers := 1     
	               11 Bit    Registers := 3     
	                8 Bit    Registers := 8     
	                1 Bit    Registers := 9     
+---Multipliers : 
	              13x32  Multipliers := 2     
+---Muxes : 
	   2 Input   25 Bit        Muxes := 1     
	   3 Input   24 Bit        Muxes := 2     
	   2 Input   24 Bit        Muxes := 6     
	   2 Input   18 Bit        Muxes := 2     
	   2 Input   17 Bit        Muxes := 1     
	   6 Input   15 Bit        Muxes := 1     
	   2 Input   11 Bit        Muxes := 8     
	   4 Input   11 Bit        Muxes := 2     
	   4 Input   10 Bit        Muxes := 2     
	   2 Input   10 Bit        Muxes := 2     
	   2 Input    8 Bit        Muxes := 5     
	   4 Input    8 Bit        Muxes := 2     
	   4 Input    6 Bit        Muxes := 1     
	   2 Input    6 Bit        Muxes := 1     
	   2 Input    5 Bit        Muxes := 1     
	   3 Input    4 Bit        Muxes := 1     
	   2 Input    4 Bit        Muxes := 1     
	   6 Input    2 Bit        Muxes := 8     
	   2 Input    1 Bit        Muxes := 4     
	   6 Input    1 Bit        Muxes := 1     
	 128 Input    1 Bit        Muxes := 5     
---------------------------------------------------------------------------------
Finished RTL Component Statistics 
---------------------------------------------------------------------------------
---------------------------------------------------------------------------------
Start Part Resource Summary
---------------------------------------------------------------------------------
Part Resources:
DSPs: 220 (col length:60)
BRAMs: 280 (col length: RAMB18 60 RAMB36 30)
---------------------------------------------------------------------------------
Finished Part Resource Summary
---------------------------------------------------------------------------------
---------------------------------------------------------------------------------
Start Cross Boundary and Area Optimization
---------------------------------------------------------------------------------
---------------------------------------------------------------------------------
Finished Cross Boundary and Area Optimization : Time (s): cpu = 00:00:15 ; elapsed = 00:00:15 . Memory (MB): peak = 1067.500 ; gain = 60.188
---------------------------------------------------------------------------------
---------------------------------------------------------------------------------
Start Applying XDC Timing Constraints
---------------------------------------------------------------------------------
---------------------------------------------------------------------------------
Finished Applying XDC Timing Constraints : Time (s): cpu = 00:00:18 ; elapsed = 00:00:19 . Memory (MB): peak = 1067.500 ; gain = 60.188
---------------------------------------------------------------------------------
---------------------------------------------------------------------------------
Start Timing Optimization
---------------------------------------------------------------------------------
---------------------------------------------------------------------------------
Finished Timing Optimization : Time (s): cpu = 00:00:20 ; elapsed = 00:00:20 . Memory (MB): peak = 1088.887 ; gain = 81.574
---------------------------------------------------------------------------------
---------------------------------------------------------------------------------
Start Technology Mapping
---------------------------------------------------------------------------------
---------------------------------------------------------------------------------
Finished Technology Mapping : Time (s): cpu = 00:00:20 ; elapsed = 00:00:21 . Memory (MB): peak = 1093.762 ; gain = 86.449
---------------------------------------------------------------------------------
---------------------------------------------------------------------------------
Start IO Insertion
---------------------------------------------------------------------------------
---------------------------------------------------------------------------------
Start Flattening Before IO Insertion
---------------------------------------------------------------------------------
---------------------------------------------------------------------------------
Finished Flattening Before IO Insertion
---------------------------------------------------------------------------------
---------------------------------------------------------------------------------
Start Final Netlist Cleanup
---------------------------------------------------------------------------------
---------------------------------------------------------------------------------
Finished Final Netlist Cleanup
---------------------------------------------------------------------------------
---------------------------------------------------------------------------------
Finished IO Insertion : Time (s): cpu = 00:00:22 ; elapsed = 00:00:23 . Memory (MB): peak = 1101.211 ; gain = 93.898
---------------------------------------------------------------------------------
---------------------------------------------------------------------------------
Start Renaming Generated Instances
---------------------------------------------------------------------------------
---------------------------------------------------------------------------------
Finished Renaming Generated Instances : Time (s): cpu = 00:00:22 ; elapsed = 00:00:23 . Memory (MB): peak = 1101.211 ; gain = 93.898
---------------------------------------------------------------------------------
---------------------------------------------------------------------------------
Start Rebuilding User Hierarchy
---------------------------------------------------------------------------------
---------------------------------------------------------------------------------
Finished Rebuilding User Hierarchy : Time (s): cpu = 00:00:23 ; elapsed = 00:00:23 . Memory (MB): peak = 1101.211 ; gain = 93.898
---------------------------------------------------------------------------------
---------------------------------------------------------------------------------
Start Renaming Generated Ports
---------------------------------------------------------------------------------
---------------------------------------------------------------------------------
Finished Renaming Generated Ports : Time (s): cpu = 00:00:23 ; elapsed = 00:00:23 . Memory (MB): peak = 1101.211 ; gain = 93.898
---------------------------------------------------------------------------------
---------------------------------------------------------------------------------
Start Handling Custom Attributes
---------------------------------------------------------------------------------
---------------------------------------------------------------------------------
Finished Handling Custom Attributes : Time (s): cpu = 00:00:23 ; elapsed = 00:00:23 . Memory (MB): peak = 1101.211 ; gain = 93.898
---------------------------------------------------------------------------------
---------------------------------------------------------------------------------
Start Renaming Generated Nets
---------------------------------------------------------------------------------
---------------------------------------------------------------------------------
Finished Renaming Generated Nets : Time (s): cpu = 00:00:23 ; elapsed = 00:00:23 . Memory (MB): peak = 1101.211 ; gain = 93.898
---------------------------------------------------------------------------------
---------------------------------------------------------------------------------
Start Writing Synthesis Report
---------------------------------------------------------------------------------

Report BlackBoxes: 
+-+--------------+----------+
| |BlackBox name |Instances |
+-+--------------+----------+
+-+--------------+----------+

Report Cell Usage: 
+------+-------+------+
|      |Cell   |Count |
+------+-------+------+
|1     |BUFG   |     2|
|2     |CARRY4 |   320|
|3     |LUT1   |    62|
|4     |LUT2   |   397|
|5     |LUT3   |   386|
|6     |LUT4   |   280|
|7     |LUT5   |   248|
|8     |LUT6   |   273|
|9     |MUXF7  |    36|
|10    |MUXF8  |    13|
|11    |FDCE   |   236|
|12    |FDPE   |     1|
|13    |IBUF   |    11|
|14    |IOBUF  |     3|
|15    |OBUF   |    16|
|16    |OBUFT  |    21|
+------+-------+------+
---------------------------------------------------------------------------------
Finished Writing Synthesis Report : Time (s): cpu = 00:00:23 ; elapsed = 00:00:23 . Memory (MB): peak = 1101.211 ; gain = 93.898
---------------------------------------------------------------------------------
Synthesis finished with 0 errors, 0 critical warnings and 0 warnings.
Synthesis Optimization Runtime : Time (s): cpu = 00:00:17 ; elapsed = 00:00:21 . Memory (MB): peak = 1101.211 ; gain = 33.711
Synthesis Optimization Complete : Time (s): cpu = 00:00:23 ; elapsed = 00:00:23 . Memory (MB): peak = 1101.211 ; gain = 93.898
INFO: [Project 1-571] Translating synthesized netlist
Netlist sorting complete. Time (s): cpu = 00:00:00 ; elapsed = 00:00:00.032 . Memory (MB): peak = 1101.211 ; gain = 0.000
INFO: [Netlist 29-17] Analyzing 372 Unisim elements for replacement
INFO: [Netlist 29-28] Unisim Transformation completed in 0 CPU seconds
INFO: [Project 1-570] Preparing netlist for logic optimization
INFO: [Opt 31-138] Pushed 0 inverter(s) to 0 load pin(s).
Netlist sorting complete. Time (s): cpu = 00:00:00 ; elapsed = 00:00:00 . Memory (MB): peak = 1101.211 ; gain = 0.000
INFO: [Project 1-111] Unisim Transformation Summary:
  A total of 3 instances were transformed.
  IOBUF => IOBUF (IBUF, OBUFT): 3 instances

INFO: [Common 17-83] Releasing license: Synthesis
33 Infos, 2 Warnings, 0 Critical Warnings and 0 Errors encountered.
synth_design completed successfully
synth_design: Time (s): cpu = 00:00:29 ; elapsed = 00:00:30 . Memory (MB): peak = 1101.211 ; gain = 93.898
INFO: [Common 17-600] The following parameters have non-default value.
tcl.collectionResultDisplayLimit, general.maxThreads
INFO: [Common 17-1381] The checkpoint 'G:/navigator_v3/doc_check/7020/30_digital_voltmeter/prj/digital_voltmeter.runs/synth_1/top_dvm.dcp' has been generated.
INFO: [runtcl-4] Executing : report_utilization -file top_dvm_utilization_synth.rpt -pb top_dvm_utilization_synth.pb
INFO: [Common 17-206] Exiting Vivado at Wed Dec 10 17:43:43 2025...
