Copyright 1986-2020 Xilinx, Inc. All Rights Reserved.
-----------------------------------------------------------------------------------------------------------------------------------------------------------
| Tool Version : Vivado v.2020.2 (win64) Build 3064766 Wed Nov 18 09:12:45 MST 2020
| Date         : Wed Dec 10 17:44:39 2025
| Host         : DESKTOP-2P288OB running 64-bit major release  (build 9200)
| Command      : report_methodology -file top_dvm_methodology_drc_routed.rpt -pb top_dvm_methodology_drc_routed.pb -rpx top_dvm_methodology_drc_routed.rpx
| Design       : top_dvm
| Device       : xc7z020clg400-2
| Speed File   : -2
| Design State : Fully Routed
-----------------------------------------------------------------------------------------------------------------------------------------------------------

Report Methodology

Table of Contents
-----------------
1. REPORT SUMMARY
2. REPORT DETAILS

1. REPORT SUMMARY
-----------------
            Netlist: netlist
          Floorplan: design_1
      Design limits: <entire design considered>
             Max violations: <unlimited>
             Violations found: 206
+-----------+------------------+----------------------------------+------------+
| Rule      | Severity         | Description                      | Violations |
+-----------+------------------+----------------------------------+------------+
| TIMING-14 | Critical Warning | LUT on the clock tree            | 2          |
| TIMING-17 | Critical Warning | Non-clocked sequential cell      | 148        |
| HPDR-1    | Warning          | Port pin direction inconsistency | 21         |
| TIMING-18 | Warning          | Missing input or output delay    | 35         |
+-----------+------------------+----------------------------------+------------+

2. REPORT DETAILS
-----------------
TIMING-14#1 Critical Warning
LUT on the clock tree  
The LUT u_lcd_disp_char/u_rd_id/lcd_clk_OBUF_inst_i_1 has been found on the clock tree. Run opt_design to optimize the clock trees, then re-run report_methodology. If LUT(s) are still present in the clock trees, modify the RTL or the synthesis options accordingly to move the clock gating logic to dedicated clock enable resources. Keep in mind that post-opt_design database cannot be used for pin-planning tasks
Related violations: <none>

TIMING-14#2 Critical Warning
LUT on the clock tree  
The LUT u_lcd_disp_char/u_rd_id/lcd_clk_OBUF_inst_i_4 has been found on the clock tree. Run opt_design to optimize the clock trees, then re-run report_methodology. If LUT(s) are still present in the clock trees, modify the RTL or the synthesis options accordingly to move the clock gating logic to dedicated clock enable resources. Keep in mind that post-opt_design database cannot be used for pin-planning tasks
Related violations: <none>

TIMING-17#1 Critical Warning
Non-clocked sequential cell  
The clock pin u_voltage_calibrator/ad_data_cnt_reg[0]/C is not reached by a timing clock
Related violations: <none>

TIMING-17#2 Critical Warning
Non-clocked sequential cell  
The clock pin u_voltage_calibrator/ad_data_cnt_reg[10]/C is not reached by a timing clock
Related violations: <none>

TIMING-17#3 Critical Warning
Non-clocked sequential cell  
The clock pin u_voltage_calibrator/ad_data_cnt_reg[11]/C is not reached by a timing clock
Related violations: <none>

TIMING-17#4 Critical Warning
Non-clocked sequential cell  
The clock pin u_voltage_calibrator/ad_data_cnt_reg[1]/C is not reached by a timing clock
Related violations: <none>

TIMING-17#5 Critical Warning
Non-clocked sequential cell  
The clock pin u_voltage_calibrator/ad_data_cnt_reg[2]/C is not reached by a timing clock
Related violations: <none>

TIMING-17#6 Critical Warning
Non-clocked sequential cell  
The clock pin u_voltage_calibrator/ad_data_cnt_reg[3]/C is not reached by a timing clock
Related violations: <none>

TIMING-17#7 Critical Warning
Non-clocked sequential cell  
The clock pin u_voltage_calibrator/ad_data_cnt_reg[4]/C is not reached by a timing clock
Related violations: <none>

TIMING-17#8 Critical Warning
Non-clocked sequential cell  
The clock pin u_voltage_calibrator/ad_data_cnt_reg[5]/C is not reached by a timing clock
Related violations: <none>

TIMING-17#9 Critical Warning
Non-clocked sequential cell  
The clock pin u_voltage_calibrator/ad_data_cnt_reg[6]/C is not reached by a timing clock
Related violations: <none>

TIMING-17#10 Critical Warning
Non-clocked sequential cell  
The clock pin u_voltage_calibrator/ad_data_cnt_reg[7]/C is not reached by a timing clock
Related violations: <none>

TIMING-17#11 Critical Warning
Non-clocked sequential cell  
The clock pin u_voltage_calibrator/ad_data_cnt_reg[8]/C is not reached by a timing clock
Related violations: <none>

TIMING-17#12 Critical Warning
Non-clocked sequential cell  
The clock pin u_voltage_calibrator/ad_data_cnt_reg[9]/C is not reached by a timing clock
Related violations: <none>

TIMING-17#13 Critical Warning
Non-clocked sequential cell  
The clock pin u_voltage_calibrator/ad_data_sum_reg[0]/C is not reached by a timing clock
Related violations: <none>

TIMING-17#14 Critical Warning
Non-clocked sequential cell  
The clock pin u_voltage_calibrator/ad_data_sum_reg[10]/C is not reached by a timing clock
Related violations: <none>

TIMING-17#15 Critical Warning
Non-clocked sequential cell  
The clock pin u_voltage_calibrator/ad_data_sum_reg[11]/C is not reached by a timing clock
Related violations: <none>

TIMING-17#16 Critical Warning
Non-clocked sequential cell  
The clock pin u_voltage_calibrator/ad_data_sum_reg[12]/C is not reached by a timing clock
Related violations: <none>

TIMING-17#17 Critical Warning
Non-clocked sequential cell  
The clock pin u_voltage_calibrator/ad_data_sum_reg[13]/C is not reached by a timing clock
Related violations: <none>

TIMING-17#18 Critical Warning
Non-clocked sequential cell  
The clock pin u_voltage_calibrator/ad_data_sum_reg[14]/C is not reached by a timing clock
Related violations: <none>

TIMING-17#19 Critical Warning
Non-clocked sequential cell  
The clock pin u_voltage_calibrator/ad_data_sum_reg[15]/C is not reached by a timing clock
Related violations: <none>

TIMING-17#20 Critical Warning
Non-clocked sequential cell  
The clock pin u_voltage_calibrator/ad_data_sum_reg[16]/C is not reached by a timing clock
Related violations: <none>

TIMING-17#21 Critical Warning
Non-clocked sequential cell  
The clock pin u_voltage_calibrator/ad_data_sum_reg[17]/C is not reached by a timing clock
Related violations: <none>

TIMING-17#22 Critical Warning
Non-clocked sequential cell  
The clock pin u_voltage_calibrator/ad_data_sum_reg[1]/C is not reached by a timing clock
Related violations: <none>

TIMING-17#23 Critical Warning
Non-clocked sequential cell  
The clock pin u_voltage_calibrator/ad_data_sum_reg[2]/C is not reached by a timing clock
Related violations: <none>

TIMING-17#24 Critical Warning
Non-clocked sequential cell  
The clock pin u_voltage_calibrator/ad_data_sum_reg[3]/C is not reached by a timing clock
Related violations: <none>

TIMING-17#25 Critical Warning
Non-clocked sequential cell  
The clock pin u_voltage_calibrator/ad_data_sum_reg[4]/C is not reached by a timing clock
Related violations: <none>

TIMING-17#26 Critical Warning
Non-clocked sequential cell  
The clock pin u_voltage_calibrator/ad_data_sum_reg[5]/C is not reached by a timing clock
Related violations: <none>

TIMING-17#27 Critical Warning
Non-clocked sequential cell  
The clock pin u_voltage_calibrator/ad_data_sum_reg[6]/C is not reached by a timing clock
Related violations: <none>

TIMING-17#28 Critical Warning
Non-clocked sequential cell  
The clock pin u_voltage_calibrator/ad_data_sum_reg[7]/C is not reached by a timing clock
Related violations: <none>

TIMING-17#29 Critical Warning
Non-clocked sequential cell  
The clock pin u_voltage_calibrator/ad_data_sum_reg[8]/C is not reached by a timing clock
Related violations: <none>

TIMING-17#30 Critical Warning
Non-clocked sequential cell  
The clock pin u_voltage_calibrator/ad_data_sum_reg[9]/C is not reached by a timing clock
Related violations: <none>

TIMING-17#31 Critical Warning
Non-clocked sequential cell  
The clock pin u_voltage_calibrator/voc_data_reg[0]/C is not reached by a timing clock
Related violations: <none>

TIMING-17#32 Critical Warning
Non-clocked sequential cell  
The clock pin u_voltage_calibrator/voc_data_reg[0]_rep/C is not reached by a timing clock
Related violations: <none>

TIMING-17#33 Critical Warning
Non-clocked sequential cell  
The clock pin u_voltage_calibrator/voc_data_reg[1]/C is not reached by a timing clock
Related violations: <none>

TIMING-17#34 Critical Warning
Non-clocked sequential cell  
The clock pin u_voltage_calibrator/voc_data_reg[1]_rep/C is not reached by a timing clock
Related violations: <none>

TIMING-17#35 Critical Warning
Non-clocked sequential cell  
The clock pin u_voltage_calibrator/voc_data_reg[2]/C is not reached by a timing clock
Related violations: <none>

TIMING-17#36 Critical Warning
Non-clocked sequential cell  
The clock pin u_voltage_calibrator/voc_data_reg[3]/C is not reached by a timing clock
Related violations: <none>

TIMING-17#37 Critical Warning
Non-clocked sequential cell  
The clock pin u_voltage_calibrator/voc_data_reg[4]/C is not reached by a timing clock
Related violations: <none>

TIMING-17#38 Critical Warning
Non-clocked sequential cell  
The clock pin u_voltage_calibrator/voc_data_reg[5]/C is not reached by a timing clock
Related violations: <none>

TIMING-17#39 Critical Warning
Non-clocked sequential cell  
The clock pin u_voltage_calibrator/voc_data_reg[6]/C is not reached by a timing clock
Related violations: <none>

TIMING-17#40 Critical Warning
Non-clocked sequential cell  
The clock pin u_voltage_calibrator/voc_data_reg[7]/C is not reached by a timing clock
Related violations: <none>

TIMING-17#41 Critical Warning
Non-clocked sequential cell  
The clock pin u_voltage_calibrator/voc_finish_reg/C is not reached by a timing clock
Related violations: <none>

TIMING-17#42 Critical Warning
Non-clocked sequential cell  
The clock pin u_voltage_data/cnt_aver_reg[0]/C is not reached by a timing clock
Related violations: <none>

TIMING-17#43 Critical Warning
Non-clocked sequential cell  
The clock pin u_voltage_data/cnt_aver_reg[10]/C is not reached by a timing clock
Related violations: <none>

TIMING-17#44 Critical Warning
Non-clocked sequential cell  
The clock pin u_voltage_data/cnt_aver_reg[1]/C is not reached by a timing clock
Related violations: <none>

TIMING-17#45 Critical Warning
Non-clocked sequential cell  
The clock pin u_voltage_data/cnt_aver_reg[2]/C is not reached by a timing clock
Related violations: <none>

TIMING-17#46 Critical Warning
Non-clocked sequential cell  
The clock pin u_voltage_data/cnt_aver_reg[3]/C is not reached by a timing clock
Related violations: <none>

TIMING-17#47 Critical Warning
Non-clocked sequential cell  
The clock pin u_voltage_data/cnt_aver_reg[4]/C is not reached by a timing clock
Related violations: <none>

TIMING-17#48 Critical Warning
Non-clocked sequential cell  
The clock pin u_voltage_data/cnt_aver_reg[5]/C is not reached by a timing clock
Related violations: <none>

TIMING-17#49 Critical Warning
Non-clocked sequential cell  
The clock pin u_voltage_data/cnt_aver_reg[6]/C is not reached by a timing clock
Related violations: <none>

TIMING-17#50 Critical Warning
Non-clocked sequential cell  
The clock pin u_voltage_data/cnt_aver_reg[7]/C is not reached by a timing clock
Related violations: <none>

TIMING-17#51 Critical Warning
Non-clocked sequential cell  
The clock pin u_voltage_data/cnt_aver_reg[8]/C is not reached by a timing clock
Related violations: <none>

TIMING-17#52 Critical Warning
Non-clocked sequential cell  
The clock pin u_voltage_data/cnt_aver_reg[9]/C is not reached by a timing clock
Related violations: <none>

TIMING-17#53 Critical Warning
Non-clocked sequential cell  
The clock pin u_voltage_data/cnt_time_reg[0]/C is not reached by a timing clock
Related violations: <none>

TIMING-17#54 Critical Warning
Non-clocked sequential cell  
The clock pin u_voltage_data/cnt_time_reg[10]/C is not reached by a timing clock
Related violations: <none>

TIMING-17#55 Critical Warning
Non-clocked sequential cell  
The clock pin u_voltage_data/cnt_time_reg[11]/C is not reached by a timing clock
Related violations: <none>

TIMING-17#56 Critical Warning
Non-clocked sequential cell  
The clock pin u_voltage_data/cnt_time_reg[12]/C is not reached by a timing clock
Related violations: <none>

TIMING-17#57 Critical Warning
Non-clocked sequential cell  
The clock pin u_voltage_data/cnt_time_reg[13]/C is not reached by a timing clock
Related violations: <none>

TIMING-17#58 Critical Warning
Non-clocked sequential cell  
The clock pin u_voltage_data/cnt_time_reg[14]/C is not reached by a timing clock
Related violations: <none>

TIMING-17#59 Critical Warning
Non-clocked sequential cell  
The clock pin u_voltage_data/cnt_time_reg[15]/C is not reached by a timing clock
Related violations: <none>

TIMING-17#60 Critical Warning
Non-clocked sequential cell  
The clock pin u_voltage_data/cnt_time_reg[16]/C is not reached by a timing clock
Related violations: <none>

TIMING-17#61 Critical Warning
Non-clocked sequential cell  
The clock pin u_voltage_data/cnt_time_reg[17]/C is not reached by a timing clock
Related violations: <none>

TIMING-17#62 Critical Warning
Non-clocked sequential cell  
The clock pin u_voltage_data/cnt_time_reg[18]/C is not reached by a timing clock
Related violations: <none>

TIMING-17#63 Critical Warning
Non-clocked sequential cell  
The clock pin u_voltage_data/cnt_time_reg[19]/C is not reached by a timing clock
Related violations: <none>

TIMING-17#64 Critical Warning
Non-clocked sequential cell  
The clock pin u_voltage_data/cnt_time_reg[1]/C is not reached by a timing clock
Related violations: <none>

TIMING-17#65 Critical Warning
Non-clocked sequential cell  
The clock pin u_voltage_data/cnt_time_reg[20]/C is not reached by a timing clock
Related violations: <none>

TIMING-17#66 Critical Warning
Non-clocked sequential cell  
The clock pin u_voltage_data/cnt_time_reg[21]/C is not reached by a timing clock
Related violations: <none>

TIMING-17#67 Critical Warning
Non-clocked sequential cell  
The clock pin u_voltage_data/cnt_time_reg[22]/C is not reached by a timing clock
Related violations: <none>

TIMING-17#68 Critical Warning
Non-clocked sequential cell  
The clock pin u_voltage_data/cnt_time_reg[23]/C is not reached by a timing clock
Related violations: <none>

TIMING-17#69 Critical Warning
Non-clocked sequential cell  
The clock pin u_voltage_data/cnt_time_reg[24]/C is not reached by a timing clock
Related violations: <none>

TIMING-17#70 Critical Warning
Non-clocked sequential cell  
The clock pin u_voltage_data/cnt_time_reg[2]/C is not reached by a timing clock
Related violations: <none>

TIMING-17#71 Critical Warning
Non-clocked sequential cell  
The clock pin u_voltage_data/cnt_time_reg[3]/C is not reached by a timing clock
Related violations: <none>

TIMING-17#72 Critical Warning
Non-clocked sequential cell  
The clock pin u_voltage_data/cnt_time_reg[4]/C is not reached by a timing clock
Related violations: <none>

TIMING-17#73 Critical Warning
Non-clocked sequential cell  
The clock pin u_voltage_data/cnt_time_reg[5]/C is not reached by a timing clock
Related violations: <none>

TIMING-17#74 Critical Warning
Non-clocked sequential cell  
The clock pin u_voltage_data/cnt_time_reg[6]/C is not reached by a timing clock
Related violations: <none>

TIMING-17#75 Critical Warning
Non-clocked sequential cell  
The clock pin u_voltage_data/cnt_time_reg[7]/C is not reached by a timing clock
Related violations: <none>

TIMING-17#76 Critical Warning
Non-clocked sequential cell  
The clock pin u_voltage_data/cnt_time_reg[8]/C is not reached by a timing clock
Related violations: <none>

TIMING-17#77 Critical Warning
Non-clocked sequential cell  
The clock pin u_voltage_data/cnt_time_reg[9]/C is not reached by a timing clock
Related violations: <none>

TIMING-17#78 Critical Warning
Non-clocked sequential cell  
The clock pin u_voltage_data/data_aver_reg[0]/C is not reached by a timing clock
Related violations: <none>

TIMING-17#79 Critical Warning
Non-clocked sequential cell  
The clock pin u_voltage_data/data_aver_reg[1]/C is not reached by a timing clock
Related violations: <none>

TIMING-17#80 Critical Warning
Non-clocked sequential cell  
The clock pin u_voltage_data/data_aver_reg[2]/C is not reached by a timing clock
Related violations: <none>

TIMING-17#81 Critical Warning
Non-clocked sequential cell  
The clock pin u_voltage_data/data_aver_reg[3]/C is not reached by a timing clock
Related violations: <none>

TIMING-17#82 Critical Warning
Non-clocked sequential cell  
The clock pin u_voltage_data/data_aver_reg[4]/C is not reached by a timing clock
Related violations: <none>

TIMING-17#83 Critical Warning
Non-clocked sequential cell  
The clock pin u_voltage_data/data_aver_reg[5]/C is not reached by a timing clock
Related violations: <none>

TIMING-17#84 Critical Warning
Non-clocked sequential cell  
The clock pin u_voltage_data/data_aver_reg[6]/C is not reached by a timing clock
Related violations: <none>

TIMING-17#85 Critical Warning
Non-clocked sequential cell  
The clock pin u_voltage_data/data_aver_reg[7]/C is not reached by a timing clock
Related violations: <none>

TIMING-17#86 Critical Warning
Non-clocked sequential cell  
The clock pin u_voltage_data/data_decile_reg[0]/C is not reached by a timing clock
Related violations: <none>

TIMING-17#87 Critical Warning
Non-clocked sequential cell  
The clock pin u_voltage_data/data_decile_reg[1]/C is not reached by a timing clock
Related violations: <none>

TIMING-17#88 Critical Warning
Non-clocked sequential cell  
The clock pin u_voltage_data/data_decile_reg[2]/C is not reached by a timing clock
Related violations: <none>

TIMING-17#89 Critical Warning
Non-clocked sequential cell  
The clock pin u_voltage_data/data_decile_reg[3]/C is not reached by a timing clock
Related violations: <none>

TIMING-17#90 Critical Warning
Non-clocked sequential cell  
The clock pin u_voltage_data/data_percentiles_reg[0]/C is not reached by a timing clock
Related violations: <none>

TIMING-17#91 Critical Warning
Non-clocked sequential cell  
The clock pin u_voltage_data/data_percentiles_reg[1]/C is not reached by a timing clock
Related violations: <none>

TIMING-17#92 Critical Warning
Non-clocked sequential cell  
The clock pin u_voltage_data/data_percentiles_reg[2]/C is not reached by a timing clock
Related violations: <none>

TIMING-17#93 Critical Warning
Non-clocked sequential cell  
The clock pin u_voltage_data/data_percentiles_reg[3]/C is not reached by a timing clock
Related violations: <none>

TIMING-17#94 Critical Warning
Non-clocked sequential cell  
The clock pin u_voltage_data/data_sum_reg[0]/C is not reached by a timing clock
Related violations: <none>

TIMING-17#95 Critical Warning
Non-clocked sequential cell  
The clock pin u_voltage_data/data_sum_reg[10]/C is not reached by a timing clock
Related violations: <none>

TIMING-17#96 Critical Warning
Non-clocked sequential cell  
The clock pin u_voltage_data/data_sum_reg[11]/C is not reached by a timing clock
Related violations: <none>

TIMING-17#97 Critical Warning
Non-clocked sequential cell  
The clock pin u_voltage_data/data_sum_reg[12]/C is not reached by a timing clock
Related violations: <none>

TIMING-17#98 Critical Warning
Non-clocked sequential cell  
The clock pin u_voltage_data/data_sum_reg[13]/C is not reached by a timing clock
Related violations: <none>

TIMING-17#99 Critical Warning
Non-clocked sequential cell  
The clock pin u_voltage_data/data_sum_reg[14]/C is not reached by a timing clock
Related violations: <none>

TIMING-17#100 Critical Warning
Non-clocked sequential cell  
The clock pin u_voltage_data/data_sum_reg[15]/C is not reached by a timing clock
Related violations: <none>

TIMING-17#101 Critical Warning
Non-clocked sequential cell  
The clock pin u_voltage_data/data_sum_reg[16]/C is not reached by a timing clock
Related violations: <none>

TIMING-17#102 Critical Warning
Non-clocked sequential cell  
The clock pin u_voltage_data/data_sum_reg[17]/C is not reached by a timing clock
Related violations: <none>

TIMING-17#103 Critical Warning
Non-clocked sequential cell  
The clock pin u_voltage_data/data_sum_reg[1]/C is not reached by a timing clock
Related violations: <none>

TIMING-17#104 Critical Warning
Non-clocked sequential cell  
The clock pin u_voltage_data/data_sum_reg[2]/C is not reached by a timing clock
Related violations: <none>

TIMING-17#105 Critical Warning
Non-clocked sequential cell  
The clock pin u_voltage_data/data_sum_reg[3]/C is not reached by a timing clock
Related violations: <none>

TIMING-17#106 Critical Warning
Non-clocked sequential cell  
The clock pin u_voltage_data/data_sum_reg[4]/C is not reached by a timing clock
Related violations: <none>

TIMING-17#107 Critical Warning
Non-clocked sequential cell  
The clock pin u_voltage_data/data_sum_reg[5]/C is not reached by a timing clock
Related violations: <none>

TIMING-17#108 Critical Warning
Non-clocked sequential cell  
The clock pin u_voltage_data/data_sum_reg[6]/C is not reached by a timing clock
Related violations: <none>

TIMING-17#109 Critical Warning
Non-clocked sequential cell  
The clock pin u_voltage_data/data_sum_reg[7]/C is not reached by a timing clock
Related violations: <none>

TIMING-17#110 Critical Warning
Non-clocked sequential cell  
The clock pin u_voltage_data/data_sum_reg[8]/C is not reached by a timing clock
Related violations: <none>

TIMING-17#111 Critical Warning
Non-clocked sequential cell  
The clock pin u_voltage_data/data_sum_reg[9]/C is not reached by a timing clock
Related violations: <none>

TIMING-17#112 Critical Warning
Non-clocked sequential cell  
The clock pin u_voltage_data/data_symbol_reg/C is not reached by a timing clock
Related violations: <none>

TIMING-17#113 Critical Warning
Non-clocked sequential cell  
The clock pin u_voltage_data/data_tens_reg[3]/C is not reached by a timing clock
Related violations: <none>

TIMING-17#114 Critical Warning
Non-clocked sequential cell  
The clock pin u_voltage_data/data_units_reg[0]/C is not reached by a timing clock
Related violations: <none>

TIMING-17#115 Critical Warning
Non-clocked sequential cell  
The clock pin u_voltage_data/data_units_reg[1]/C is not reached by a timing clock
Related violations: <none>

TIMING-17#116 Critical Warning
Non-clocked sequential cell  
The clock pin u_voltage_data/data_units_reg[2]/C is not reached by a timing clock
Related violations: <none>

TIMING-17#117 Critical Warning
Non-clocked sequential cell  
The clock pin u_voltage_data/data_units_reg[3]/C is not reached by a timing clock
Related violations: <none>

TIMING-17#118 Critical Warning
Non-clocked sequential cell  
The clock pin u_voltage_data/temp0_reg[0]/C is not reached by a timing clock
Related violations: <none>

TIMING-17#119 Critical Warning
Non-clocked sequential cell  
The clock pin u_voltage_data/temp0_reg[10]/C is not reached by a timing clock
Related violations: <none>

TIMING-17#120 Critical Warning
Non-clocked sequential cell  
The clock pin u_voltage_data/temp0_reg[11]/C is not reached by a timing clock
Related violations: <none>

TIMING-17#121 Critical Warning
Non-clocked sequential cell  
The clock pin u_voltage_data/temp0_reg[12]/C is not reached by a timing clock
Related violations: <none>

TIMING-17#122 Critical Warning
Non-clocked sequential cell  
The clock pin u_voltage_data/temp0_reg[13]/C is not reached by a timing clock
Related violations: <none>

TIMING-17#123 Critical Warning
Non-clocked sequential cell  
The clock pin u_voltage_data/temp0_reg[14]/C is not reached by a timing clock
Related violations: <none>

TIMING-17#124 Critical Warning
Non-clocked sequential cell  
The clock pin u_voltage_data/temp0_reg[15]/C is not reached by a timing clock
Related violations: <none>

TIMING-17#125 Critical Warning
Non-clocked sequential cell  
The clock pin u_voltage_data/temp0_reg[16]/C is not reached by a timing clock
Related violations: <none>

TIMING-17#126 Critical Warning
Non-clocked sequential cell  
The clock pin u_voltage_data/temp0_reg[1]/C is not reached by a timing clock
Related violations: <none>

TIMING-17#127 Critical Warning
Non-clocked sequential cell  
The clock pin u_voltage_data/temp0_reg[2]/C is not reached by a timing clock
Related violations: <none>

TIMING-17#128 Critical Warning
Non-clocked sequential cell  
The clock pin u_voltage_data/temp0_reg[3]/C is not reached by a timing clock
Related violations: <none>

TIMING-17#129 Critical Warning
Non-clocked sequential cell  
The clock pin u_voltage_data/temp0_reg[4]/C is not reached by a timing clock
Related violations: <none>

TIMING-17#130 Critical Warning
Non-clocked sequential cell  
The clock pin u_voltage_data/temp0_reg[5]/C is not reached by a timing clock
Related violations: <none>

TIMING-17#131 Critical Warning
Non-clocked sequential cell  
The clock pin u_voltage_data/temp0_reg[6]/C is not reached by a timing clock
Related violations: <none>

TIMING-17#132 Critical Warning
Non-clocked sequential cell  
The clock pin u_voltage_data/temp0_reg[7]/C is not reached by a timing clock
Related violations: <none>

TIMING-17#133 Critical Warning
Non-clocked sequential cell  
The clock pin u_voltage_data/temp0_reg[8]/C is not reached by a timing clock
Related violations: <none>

TIMING-17#134 Critical Warning
Non-clocked sequential cell  
The clock pin u_voltage_data/temp0_reg[9]/C is not reached by a timing clock
Related violations: <none>

TIMING-17#135 Critical Warning
Non-clocked sequential cell  
The clock pin u_voltage_data/temp1_reg[0]/C is not reached by a timing clock
Related violations: <none>

TIMING-17#136 Critical Warning
Non-clocked sequential cell  
The clock pin u_voltage_data/temp1_reg[1]/C is not reached by a timing clock
Related violations: <none>

TIMING-17#137 Critical Warning
Non-clocked sequential cell  
The clock pin u_voltage_data/temp1_reg[2]/C is not reached by a timing clock
Related violations: <none>

TIMING-17#138 Critical Warning
Non-clocked sequential cell  
The clock pin u_voltage_data/temp1_reg[3]/C is not reached by a timing clock
Related violations: <none>

TIMING-17#139 Critical Warning
Non-clocked sequential cell  
The clock pin u_voltage_data/temp2_reg[0]/C is not reached by a timing clock
Related violations: <none>

TIMING-17#140 Critical Warning
Non-clocked sequential cell  
The clock pin u_voltage_data/temp2_reg[1]/C is not reached by a timing clock
Related violations: <none>

TIMING-17#141 Critical Warning
Non-clocked sequential cell  
The clock pin u_voltage_data/temp2_reg[2]/C is not reached by a timing clock
Related violations: <none>

TIMING-17#142 Critical Warning
Non-clocked sequential cell  
The clock pin u_voltage_data/temp2_reg[3]/C is not reached by a timing clock
Related violations: <none>

TIMING-17#143 Critical Warning
Non-clocked sequential cell  
The clock pin u_voltage_data/temp3_reg[1]/C is not reached by a timing clock
Related violations: <none>

TIMING-17#144 Critical Warning
Non-clocked sequential cell  
The clock pin u_voltage_data/temp3_reg[2]/C is not reached by a timing clock
Related violations: <none>

TIMING-17#145 Critical Warning
Non-clocked sequential cell  
The clock pin u_voltage_data/temp3_reg[3]/C is not reached by a timing clock
Related violations: <none>

TIMING-17#146 Critical Warning
Non-clocked sequential cell  
The clock pin u_voltage_data/temp3_reg[4]/C is not reached by a timing clock
Related violations: <none>

TIMING-17#147 Critical Warning
Non-clocked sequential cell  
The clock pin u_voltage_data/temp3_reg[5]/C is not reached by a timing clock
Related violations: <none>

TIMING-17#148 Critical Warning
Non-clocked sequential cell  
The clock pin u_voltage_data/temp3_reg[6]/C is not reached by a timing clock
Related violations: <none>

HPDR-1#1 Warning
Port pin direction inconsistency  
Hierarchical port(pin) lcd_rgb[0] direction INOUT is not consistent with the directions of the cell pins/ports found at that level of the netlist hierarchy. Please review the design and consider changing the port(pin) direction. Both drivers and loads were expected for the net (lcd_rgb[0]) connected to this Port, but both were not found.
Related violations: <none>

HPDR-1#2 Warning
Port pin direction inconsistency  
Hierarchical port(pin) lcd_rgb[10] direction INOUT is not consistent with the directions of the cell pins/ports found at that level of the netlist hierarchy. Please review the design and consider changing the port(pin) direction. Both drivers and loads were expected for the net (lcd_rgb[10]) connected to this Port, but both were not found.
Related violations: <none>

HPDR-1#3 Warning
Port pin direction inconsistency  
Hierarchical port(pin) lcd_rgb[11] direction INOUT is not consistent with the directions of the cell pins/ports found at that level of the netlist hierarchy. Please review the design and consider changing the port(pin) direction. Both drivers and loads were expected for the net (lcd_rgb[11]) connected to this Port, but both were not found.
Related violations: <none>

HPDR-1#4 Warning
Port pin direction inconsistency  
Hierarchical port(pin) lcd_rgb[12] direction INOUT is not consistent with the directions of the cell pins/ports found at that level of the netlist hierarchy. Please review the design and consider changing the port(pin) direction. Both drivers and loads were expected for the net (lcd_rgb[12]) connected to this Port, but both were not found.
Related violations: <none>

HPDR-1#5 Warning
Port pin direction inconsistency  
Hierarchical port(pin) lcd_rgb[13] direction INOUT is not consistent with the directions of the cell pins/ports found at that level of the netlist hierarchy. Please review the design and consider changing the port(pin) direction. Both drivers and loads were expected for the net (lcd_rgb[13]) connected to this Port, but both were not found.
Related violations: <none>

HPDR-1#6 Warning
Port pin direction inconsistency  
Hierarchical port(pin) lcd_rgb[14] direction INOUT is not consistent with the directions of the cell pins/ports found at that level of the netlist hierarchy. Please review the design and consider changing the port(pin) direction. Both drivers and loads were expected for the net (lcd_rgb[14]) connected to this Port, but both were not found.
Related violations: <none>

HPDR-1#7 Warning
Port pin direction inconsistency  
Hierarchical port(pin) lcd_rgb[16] direction INOUT is not consistent with the directions of the cell pins/ports found at that level of the netlist hierarchy. Please review the design and consider changing the port(pin) direction. Both drivers and loads were expected for the net (lcd_rgb[16]) connected to this Port, but both were not found.
Related violations: <none>

HPDR-1#8 Warning
Port pin direction inconsistency  
Hierarchical port(pin) lcd_rgb[17] direction INOUT is not consistent with the directions of the cell pins/ports found at that level of the netlist hierarchy. Please review the design and consider changing the port(pin) direction. Both drivers and loads were expected for the net (lcd_rgb[17]) connected to this Port, but both were not found.
Related violations: <none>

HPDR-1#9 Warning
Port pin direction inconsistency  
Hierarchical port(pin) lcd_rgb[18] direction INOUT is not consistent with the directions of the cell pins/ports found at that level of the netlist hierarchy. Please review the design and consider changing the port(pin) direction. Both drivers and loads were expected for the net (lcd_rgb[18]) connected to this Port, but both were not found.
Related violations: <none>

HPDR-1#10 Warning
Port pin direction inconsistency  
Hierarchical port(pin) lcd_rgb[19] direction INOUT is not consistent with the directions of the cell pins/ports found at that level of the netlist hierarchy. Please review the design and consider changing the port(pin) direction. Both drivers and loads were expected for the net (lcd_rgb[19]) connected to this Port, but both were not found.
Related violations: <none>

HPDR-1#11 Warning
Port pin direction inconsistency  
Hierarchical port(pin) lcd_rgb[1] direction INOUT is not consistent with the directions of the cell pins/ports found at that level of the netlist hierarchy. Please review the design and consider changing the port(pin) direction. Both drivers and loads were expected for the net (lcd_rgb[1]) connected to this Port, but both were not found.
Related violations: <none>

HPDR-1#12 Warning
Port pin direction inconsistency  
Hierarchical port(pin) lcd_rgb[20] direction INOUT is not consistent with the directions of the cell pins/ports found at that level of the netlist hierarchy. Please review the design and consider changing the port(pin) direction. Both drivers and loads were expected for the net (lcd_rgb[20]) connected to this Port, but both were not found.
Related violations: <none>

HPDR-1#13 Warning
Port pin direction inconsistency  
Hierarchical port(pin) lcd_rgb[21] direction INOUT is not consistent with the directions of the cell pins/ports found at that level of the netlist hierarchy. Please review the design and consider changing the port(pin) direction. Both drivers and loads were expected for the net (lcd_rgb[21]) connected to this Port, but both were not found.
Related violations: <none>

HPDR-1#14 Warning
Port pin direction inconsistency  
Hierarchical port(pin) lcd_rgb[22] direction INOUT is not consistent with the directions of the cell pins/ports found at that level of the netlist hierarchy. Please review the design and consider changing the port(pin) direction. Both drivers and loads were expected for the net (lcd_rgb[22]) connected to this Port, but both were not found.
Related violations: <none>

HPDR-1#15 Warning
Port pin direction inconsistency  
Hierarchical port(pin) lcd_rgb[2] direction INOUT is not consistent with the directions of the cell pins/ports found at that level of the netlist hierarchy. Please review the design and consider changing the port(pin) direction. Both drivers and loads were expected for the net (lcd_rgb[2]) connected to this Port, but both were not found.
Related violations: <none>

HPDR-1#16 Warning
Port pin direction inconsistency  
Hierarchical port(pin) lcd_rgb[3] direction INOUT is not consistent with the directions of the cell pins/ports found at that level of the netlist hierarchy. Please review the design and consider changing the port(pin) direction. Both drivers and loads were expected for the net (lcd_rgb[3]) connected to this Port, but both were not found.
Related violations: <none>

HPDR-1#17 Warning
Port pin direction inconsistency  
Hierarchical port(pin) lcd_rgb[4] direction INOUT is not consistent with the directions of the cell pins/ports found at that level of the netlist hierarchy. Please review the design and consider changing the port(pin) direction. Both drivers and loads were expected for the net (lcd_rgb[4]) connected to this Port, but both were not found.
Related violations: <none>

HPDR-1#18 Warning
Port pin direction inconsistency  
Hierarchical port(pin) lcd_rgb[5] direction INOUT is not consistent with the directions of the cell pins/ports found at that level of the netlist hierarchy. Please review the design and consider changing the port(pin) direction. Both drivers and loads were expected for the net (lcd_rgb[5]) connected to this Port, but both were not found.
Related violations: <none>

HPDR-1#19 Warning
Port pin direction inconsistency  
Hierarchical port(pin) lcd_rgb[6] direction INOUT is not consistent with the directions of the cell pins/ports found at that level of the netlist hierarchy. Please review the design and consider changing the port(pin) direction. Both drivers and loads were expected for the net (lcd_rgb[6]) connected to this Port, but both were not found.
Related violations: <none>

HPDR-1#20 Warning
Port pin direction inconsistency  
Hierarchical port(pin) lcd_rgb[8] direction INOUT is not consistent with the directions of the cell pins/ports found at that level of the netlist hierarchy. Please review the design and consider changing the port(pin) direction. Both drivers and loads were expected for the net (lcd_rgb[8]) connected to this Port, but both were not found.
Related violations: <none>

HPDR-1#21 Warning
Port pin direction inconsistency  
Hierarchical port(pin) lcd_rgb[9] direction INOUT is not consistent with the directions of the cell pins/ports found at that level of the netlist hierarchy. Please review the design and consider changing the port(pin) direction. Both drivers and loads were expected for the net (lcd_rgb[9]) connected to this Port, but both were not found.
Related violations: <none>

TIMING-18#1 Warning
Missing input or output delay  
An input delay is missing on lcd_rgb[0] relative to clock(s) sys_clk
Related violations: <none>

TIMING-18#2 Warning
Missing input or output delay  
An input delay is missing on lcd_rgb[10] relative to clock(s) sys_clk
Related violations: <none>

TIMING-18#3 Warning
Missing input or output delay  
An input delay is missing on lcd_rgb[11] relative to clock(s) sys_clk
Related violations: <none>

TIMING-18#4 Warning
Missing input or output delay  
An input delay is missing on lcd_rgb[12] relative to clock(s) sys_clk
Related violations: <none>

TIMING-18#5 Warning
Missing input or output delay  
An input delay is missing on lcd_rgb[13] relative to clock(s) sys_clk
Related violations: <none>

TIMING-18#6 Warning
Missing input or output delay  
An input delay is missing on lcd_rgb[14] relative to clock(s) sys_clk
Related violations: <none>

TIMING-18#7 Warning
Missing input or output delay  
An input delay is missing on lcd_rgb[15] relative to clock(s) sys_clk
Related violations: <none>

TIMING-18#8 Warning
Missing input or output delay  
An input delay is missing on lcd_rgb[16] relative to clock(s) sys_clk
Related violations: <none>

TIMING-18#9 Warning
Missing input or output delay  
An input delay is missing on lcd_rgb[17] relative to clock(s) sys_clk
Related violations: <none>

TIMING-18#10 Warning
Missing input or output delay  
An input delay is missing on lcd_rgb[18] relative to clock(s) sys_clk
Related violations: <none>

TIMING-18#11 Warning
Missing input or output delay  
An input delay is missing on lcd_rgb[19] relative to clock(s) sys_clk
Related violations: <none>

TIMING-18#12 Warning
Missing input or output delay  
An input delay is missing on lcd_rgb[1] relative to clock(s) sys_clk
Related violations: <none>

TIMING-18#13 Warning
Missing input or output delay  
An input delay is missing on lcd_rgb[20] relative to clock(s) sys_clk
Related violations: <none>

TIMING-18#14 Warning
Missing input or output delay  
An input delay is missing on lcd_rgb[21] relative to clock(s) sys_clk
Related violations: <none>

TIMING-18#15 Warning
Missing input or output delay  
An input delay is missing on lcd_rgb[22] relative to clock(s) sys_clk
Related violations: <none>

TIMING-18#16 Warning
Missing input or output delay  
An input delay is missing on lcd_rgb[23] relative to clock(s) sys_clk
Related violations: <none>

TIMING-18#17 Warning
Missing input or output delay  
An input delay is missing on lcd_rgb[2] relative to clock(s) sys_clk
Related violations: <none>

TIMING-18#18 Warning
Missing input or output delay  
An input delay is missing on lcd_rgb[3] relative to clock(s) sys_clk
Related violations: <none>

TIMING-18#19 Warning
Missing input or output delay  
An input delay is missing on lcd_rgb[4] relative to clock(s) sys_clk
Related violations: <none>

TIMING-18#20 Warning
Missing input or output delay  
An input delay is missing on lcd_rgb[5] relative to clock(s) sys_clk
Related violations: <none>

TIMING-18#21 Warning
Missing input or output delay  
An input delay is missing on lcd_rgb[6] relative to clock(s) sys_clk
Related violations: <none>

TIMING-18#22 Warning
Missing input or output delay  
An input delay is missing on lcd_rgb[7] relative to clock(s) sys_clk
Related violations: <none>

TIMING-18#23 Warning
Missing input or output delay  
An input delay is missing on lcd_rgb[8] relative to clock(s) sys_clk
Related violations: <none>

TIMING-18#24 Warning
Missing input or output delay  
An input delay is missing on lcd_rgb[9] relative to clock(s) sys_clk
Related violations: <none>

TIMING-18#25 Warning
Missing input or output delay  
An input delay is missing on sys_rst_n relative to clock(s) sys_clk
Related violations: <none>

TIMING-18#26 Warning
Missing input or output delay  
An output delay is missing on ad_clk relative to clock(s) sys_clk
Related violations: <none>

TIMING-18#27 Warning
Missing input or output delay  
An output delay is missing on da_data[0] relative to clock(s) sys_clk
Related violations: <none>

TIMING-18#28 Warning
Missing input or output delay  
An output delay is missing on da_data[1] relative to clock(s) sys_clk
Related violations: <none>

TIMING-18#29 Warning
Missing input or output delay  
An output delay is missing on da_data[2] relative to clock(s) sys_clk
Related violations: <none>

TIMING-18#30 Warning
Missing input or output delay  
An output delay is missing on da_data[3] relative to clock(s) sys_clk
Related violations: <none>

TIMING-18#31 Warning
Missing input or output delay  
An output delay is missing on da_data[4] relative to clock(s) sys_clk
Related violations: <none>

TIMING-18#32 Warning
Missing input or output delay  
An output delay is missing on da_data[5] relative to clock(s) sys_clk
Related violations: <none>

TIMING-18#33 Warning
Missing input or output delay  
An output delay is missing on da_data[6] relative to clock(s) sys_clk
Related violations: <none>

TIMING-18#34 Warning
Missing input or output delay  
An output delay is missing on da_data[7] relative to clock(s) sys_clk
Related violations: <none>

TIMING-18#35 Warning
Missing input or output delay  
An output delay is missing on lcd_de relative to clock(s) sys_clk
Related violations: <none>


