#-----------------------------------------------------------
# xsim v2018.3 (64-bit)
# SW Build 2405991 on Thu Dec  6 23:38:27 MST 2018
# IP Build 2404404 on Fri Dec  7 01:43:56 MST 2018
# Start of session at: Thu Mar 26 17:34:52 2026
# Process ID: 11144
# Current directory: C:/Users/zhangtao/Desktop/PQM/FPGA/prj/PQM.sim/sim_1/behav/xsim
# Command line: xsim.exe -log .tmp_xsim_valradix.log -mode tcl -source {xsim.dir/ADC_DRIVER_TB_behav/xsim_script.tcl}
# Log file: C:/Users/zhangtao/Desktop/PQM/FPGA/prj/PQM.sim/sim_1/behav/xsim/.tmp_xsim_valradix.log
# Journal file: C:/Users/zhangtao/Desktop/PQM/FPGA/prj/PQM.sim/sim_1/behav/xsim\xsim.jou
#-----------------------------------------------------------
source xsim.dir/ADC_DRIVER_TB_behav/xsim_script.tcl
# xsim {ADC_DRIVER_TB_behav} -autoloadwcfg -tclbatch {.tmp_xsim_valradix.tcl}
Vivado Simulator 2018.3
Time resolution is 1 ps
source .tmp_xsim_valradix.tcl
## run 100 ns
## puts "DEF=[get_value /ADC_DRIVER_TB/rddata]"
DEF=0000
## puts "HEX=[get_value -radix hex /ADC_DRIVER_TB/rddata]"
HEX=0000
## puts "CLKDEF=[get_value /ADC_DRIVER_TB/clk]"
CLKDEF=0
## quit
INFO: [Common 17-206] Exiting xsim at Thu Mar 26 17:34:54 2026...
