#-----------------------------------------------------------
# xsim v2018.3 (64-bit)
# SW Build 2405991 on Thu Dec  6 23:38:27 MST 2018
# IP Build 2404404 on Fri Dec  7 01:43:56 MST 2018
# Start of session at: Thu Mar 26 17:31:38 2026
# Process ID: 12140
# Current directory: C:/Users/zhangtao/Desktop/PQM/FPGA/prj/PQM.sim/sim_1/behav/xsim
# Command line: xsim.exe -log .tmp_xsim_help_getwaves.log -mode tcl -source {xsim.dir/ADC_DRIVER_TB_behav/xsim_script.tcl}
# Log file: C:/Users/zhangtao/Desktop/PQM/FPGA/prj/PQM.sim/sim_1/behav/xsim/.tmp_xsim_help_getwaves.log
# Journal file: C:/Users/zhangtao/Desktop/PQM/FPGA/prj/PQM.sim/sim_1/behav/xsim\xsim.jou
#-----------------------------------------------------------
source xsim.dir/ADC_DRIVER_TB_behav/xsim_script.tcl
# xsim {ADC_DRIVER_TB_behav} -autoloadwcfg -tclbatch {.tmp_xsim_help_getwaves.tcl}
Vivado Simulator 2018.3
Time resolution is 1 ps
source .tmp_xsim_help_getwaves.tcl
## catch {get_waves -help} msg
## puts $msg
get_waves

Description: 
Gets wave objects from a wave configuration

Syntax: 
get_waves  [-of <args>] [-regexp] [-nocase] [-filter <arg>] [-recursive] [-r]
           [-long_name] [-short_name] [-quiet] [-verbose] <patterns>...

Returns: 
a collection of found wave objects

Usage: 
  Name           Description
  --------------------------
  [-of]          the wave configuration, group, or virtual bus to search
  [-regexp]      interprets <patterns> using regular expressions
  [-nocase]      only when regexp is used, performs a case insensitive match
  [-filter]      filters <patterns> according to the specified 
                 property-matching expressions
  [-recursive]   if the design object is a scope, this option specifies that 
                 wave objects for all design objects under that scope should 
                 be created
  [-r]           if the design object is a scope, this option specifies that 
                 wave objects for all design objects under that scope should 
                 be created
  [-long_name]   search wave objects using the long form of their names
  [-short_name]  search wave objects using the short form of their names
  [-quiet]       Ignore command errors
  [-verbose]     Suspend message limits during command execution
  <patterns>     the design objects from which to create wave objects

Categories: 
Waveform

## quit
INFO: [Common 17-206] Exiting xsim at Thu Mar 26 17:31:44 2026...
