#-----------------------------------------------------------
# xsim v2018.3 (64-bit)
# SW Build 2405991 on Thu Dec  6 23:38:27 MST 2018
# IP Build 2404404 on Fri Dec  7 01:43:56 MST 2018
# Start of session at: Thu Mar 26 17:32:49 2026
# Process ID: 29484
# Current directory: C:/Users/zhangtao/Desktop/PQM/FPGA/prj/PQM.sim/sim_1/behav/xsim
# Command line: xsim.exe -log .tmp_xsim_find2.log -mode tcl -source {xsim.dir/ADC_DRIVER_TB_behav/xsim_script.tcl}
# Log file: C:/Users/zhangtao/Desktop/PQM/FPGA/prj/PQM.sim/sim_1/behav/xsim/.tmp_xsim_find2.log
# Journal file: C:/Users/zhangtao/Desktop/PQM/FPGA/prj/PQM.sim/sim_1/behav/xsim\xsim.jou
#-----------------------------------------------------------
source xsim.dir/ADC_DRIVER_TB_behav/xsim_script.tcl
# xsim {ADC_DRIVER_TB_behav} -autoloadwcfg -tclbatch {.tmp_xsim_find2.tcl}
Vivado Simulator 2018.3
Time resolution is 1 ps
source .tmp_xsim_find2.tcl
## create_wave_config mycfg
## add_wave /ADC_DRIVER_TB/clk
## run 100 ns
run: Time (s): cpu = 00:00:00 ; elapsed = 00:00:06 . Memory (MB): peak = 217.891 ; gain = 0.000
## set wave_clk [lindex [get_waves *clk] 0]
## puts "WAVE_CLK=$wave_clk"
WAVE_CLK=/ADC_DRIVER_TB/clk
## set hit [find_next_wave_value -wave $wave_clk -time 0ns 1]
## puts "HIT=$hit"
HIT=
## quit
INFO: [Common 17-206] Exiting xsim at Thu Mar 26 17:33:02 2026...
