#-----------------------------------------------------------
# xsim v2018.3 (64-bit)
# SW Build 2405991 on Thu Dec  6 23:38:27 MST 2018
# IP Build 2404404 on Fri Dec  7 01:43:56 MST 2018
# Start of session at: Thu Mar 26 17:34:15 2026
# Process ID: 31556
# Current directory: C:/Users/zhangtao/Desktop/PQM/FPGA/prj/PQM.sim/sim_1/behav/xsim
# Command line: xsim.exe -log .tmp_xsim_sample.log -mode tcl -source {xsim.dir/ADC_DRIVER_TB_behav/xsim_script.tcl}
# Log file: C:/Users/zhangtao/Desktop/PQM/FPGA/prj/PQM.sim/sim_1/behav/xsim/.tmp_xsim_sample.log
# Journal file: C:/Users/zhangtao/Desktop/PQM/FPGA/prj/PQM.sim/sim_1/behav/xsim\xsim.jou
#-----------------------------------------------------------
source xsim.dir/ADC_DRIVER_TB_behav/xsim_script.tcl
# xsim {ADC_DRIVER_TB_behav} -autoloadwcfg -tclbatch {.tmp_xsim_sample.tcl}
Vivado Simulator 2018.3
Time resolution is 1 ps
source .tmp_xsim_sample.tcl
## set objs [list /ADC_DRIVER_TB/clk /ADC_DRIVER_TB/rst_n /ADC_DRIVER_TB/rddata]
## run 100 ns
## puts "T1=[current_time -s],[get_value -radix unsigned /ADC_DRIVER_TB/clk],[get_value -radix hex /ADC_DRIVER_TB/rddata]"
T1=100ns,0,0000
## run 100 ns
## puts "T2=[current_time -s],[get_value -radix unsigned /ADC_DRIVER_TB/clk],[get_value -radix hex /ADC_DRIVER_TB/rddata]"
T2=200ns,0,0000
## quit
INFO: [Common 17-206] Exiting xsim at Thu Mar 26 17:34:20 2026...
