#-----------------------------------------------------------
# xsim v2018.3 (64-bit)
# SW Build 2405991 on Thu Dec  6 23:38:27 MST 2018
# IP Build 2404404 on Fri Dec  7 01:43:56 MST 2018
# Start of session at: Thu Mar 26 17:26:46 2026
# Process ID: 15380
# Current directory: C:/Users/zhangtao/Desktop/PQM/FPGA/prj/PQM.sim/sim_1/behav/xsim
# Command line: xsim.exe -log .tmp_xsim_cmds2.log -mode tcl -source {xsim.dir/ADC_DRIVER_TB_behav/xsim_script.tcl}
# Log file: C:/Users/zhangtao/Desktop/PQM/FPGA/prj/PQM.sim/sim_1/behav/xsim/.tmp_xsim_cmds2.log
# Journal file: C:/Users/zhangtao/Desktop/PQM/FPGA/prj/PQM.sim/sim_1/behav/xsim\xsim.jou
#-----------------------------------------------------------
source xsim.dir/ADC_DRIVER_TB_behav/xsim_script.tcl
# xsim {ADC_DRIVER_TB_behav} -autoloadwcfg -tclbatch {.tmp_xsim_cmds2.tcl}
Vivado Simulator 2018.3
Time resolution is 1 ps
source .tmp_xsim_cmds2.tcl
## puts "CMD_EXAMINE [llength [info commands examine]]"
CMD_EXAMINE 0
## puts "CMD_GET_VALUE [llength [info commands get_value]]"
CMD_GET_VALUE 1
## puts "CMD_GET_OBJECTS [llength [info commands get_objects]]"
CMD_GET_OBJECTS 1
## puts "CMD_REPORT_VALUES [llength [info commands report_values]]"
CMD_REPORT_VALUES 1
## puts "CMD_CURRENT_SCOPE [llength [info commands current_scope]]"
CMD_CURRENT_SCOPE 1
## puts "CMD_GET_SCOPES [llength [info commands get_scopes]]"
CMD_GET_SCOPES 1
## puts "CMD_FIND [llength [info commands find]]"
CMD_FIND 0
## puts "CMD_GET_SIGNALS [llength [info commands get_signals]]"
CMD_GET_SIGNALS 0
## puts "CMD_LIST [llength [info commands list]]"
CMD_LIST 1
## quit
INFO: [Common 17-206] Exiting xsim at Thu Mar 26 17:26:53 2026...
