# do {tb_top_dvm_compile.do}
# ** Warning: (vlib-34) Library already exists at "modelsim_lib/work".
# Errors: 0, Warnings: 1
# ** Warning: (vlib-34) Library already exists at "modelsim_lib/msim".
# Errors: 0, Warnings: 1
# ** Warning: (vlib-34) Library already exists at "modelsim_lib/msim/xil_defaultlib".
# Errors: 0, Warnings: 1
# Model Technology ModelSim SE-64 vmap 2020.4 Lib Mapping Utility 2020.10 Oct 13 2020
# vmap xil_defaultlib modelsim_lib/msim/xil_defaultlib 
# Modifying modelsim.ini
# Model Technology ModelSim SE-64 vlog 2020.4 Compiler 2020.10 Oct 13 2020
# Start time: 15:59:47 on Sep 08,2025
# vlog -incr -work xil_defaultlib ../../../../../rtl/clk_div.v ../../../../../rtl/lcd_disp_char.v ../../../../../rtl/lcd_display.v ../../../../../rtl/lcd_driver.v ../../../../../rtl/rd_id.v ../../../../../rtl/test_voltage.v ../../../../../rtl/top_dvm.v ../../../../../rtl/voltage_calibrator.v ../../../../../rtl/voltage_data.v ../../../../../sim/tb_top_dvm.v 
# -- Skipping module clk_div
# -- Skipping module lcd_disp_char
# -- Skipping module lcd_display
# -- Skipping module lcd_driver
# -- Skipping module rd_id
# -- Skipping module test_voltage
# -- Skipping module top_dvm
# -- Skipping module voltage_calibrator
# -- Skipping module voltage_data
# -- Skipping module tb_top_dvm
# 
# Top level modules:
# 	tb_top_dvm
# End time: 15:59:48 on Sep 08,2025, Elapsed time: 0:00:01
# Errors: 0, Warnings: 0
# Model Technology ModelSim SE-64 vlog 2020.4 Compiler 2020.10 Oct 13 2020
# Start time: 15:59:48 on Sep 08,2025
# vlog -work xil_defaultlib glbl.v 
# -- Compiling module glbl
# 
# Top level modules:
# 	glbl
# End time: 15:59:48 on Sep 08,2025, Elapsed time: 0:00:00
# Errors: 0, Warnings: 0
